#
# There is insufficient memory for the Java Runtime Environment to continue.
# Native memory allocation (malloc) failed to allocate 2758104 bytes. Error detail: Chunk::new
# Possible reasons:
#   The system is out of physical RAM or swap space
#   This process is running with CompressedOops enabled, and the Java Heap may be blocking the growth of the native heap
# Possible solutions:
#   Reduce memory load on the system
#   Increase physical memory or swap space
#   Check if swap backing store is full
#   Decrease Java heap size (-Xmx/-Xms)
#   Decrease number of Java threads
#   Decrease Java thread stack sizes (-Xss)
#   Set larger code cache with -XX:ReservedCodeCacheSize=
#   JVM is running with Zero Based Compressed Oops mode in which the Java heap is
#     placed in the first 32GB address space. The Java Heap base address is the
#     maximum limit for the native heap growth. Please use -XX:HeapBaseMinAddress
#     to set the Java Heap base and to place the Java Heap above 32GB virtual address.
# This output file may be truncated or incomplete.
#
#  Out of Memory Error (arena.cpp:186), pid=22400, tid=24416
#
# JRE version: OpenJDK Runtime Environment Temurin-25.0.1+8 (25.0.1+8) (build 25.0.1+8-LTS)
# Java VM: OpenJDK 64-Bit Server VM Temurin-25.0.1+8 (25.0.1+8-LTS, mixed mode, sharing, tiered, compressed oops, compressed class ptrs, g1 gc, windows-amd64)
# No core dump will be written. Minidumps are not enabled by default on client versions of Windows
#

---------------  S U M M A R Y ------------

Command Line: --module-path=D:\projects\ITI\java\java project\final XO\target\classes;C:\Users\Rep JGL\.m2\repository\com\google\code\gson\gson\2.10.1\gson-2.10.1.jar;C:\Users\Rep JGL\.m2\repository\jakarta\json\jakarta.json-api\2.0.1\jakarta.json-api-2.0.1.jar;C:\Users\Rep JGL\.m2\repository\org\json\json\20240303\json-20240303.jar;C:\Users\Rep JGL\.m2\repository\org\openjfx\javafx-base\13\javafx-base-13-win.jar;C:\Users\Rep JGL\.m2\repository\org\openjfx\javafx-controls\13\javafx-controls-13-win.jar;C:\Users\Rep JGL\.m2\repository\org\openjfx\javafx-fxml\13\javafx-fxml-13-win.jar;C:\Users\Rep JGL\.m2\repository\org\openjfx\javafx-graphics\13\javafx-graphics-13-win.jar;C:\Users\Rep JGL\.m2\repository\org\openjfx\javafx-media\13\javafx-media-13-win.jar --add-modules=com.mycompany.client_xo_game -Djdk.module.main=com.mycompany.client_xo_game com.mycompany.client_xo_game/com.mycompany.client_xo_game.App

Host: 11th Gen Intel(R) Core(TM) i7-11800H @ 2.30GHz, 16 cores, 15G,  Windows 11 , 64 bit Build 26100 (10.0.26100.7309)
Time: Fri Jan  9 15:38:56 2026 Egypt Standard Time elapsed time: 19.720374 seconds (0d 0h 0m 19s)

---------------  T H R E A D  ---------------

Current thread (0x00000279f4488d50):  JavaThread "C2 CompilerThread0" daemon [_thread_in_native, id=24416, stack(0x000000c5b4400000,0x000000c5b4500000) (1024K)]


Current CompileTask:
C2:19720 4072       4       javafx.animation.Animation$1::timePulse (56 bytes)

Stack: [0x000000c5b4400000,0x000000c5b4500000]
Native frames: (J=compiled Java code, j=interpreted, Vv=VM code, C=native code)
V  [jvm.dll+0x7a8379]  (no source info available)
V  [jvm.dll+0x7729fd]  (no source info available)
V  [jvm.dll+0x9f57b3]  (no source info available)
V  [jvm.dll+0x9f7da1]  (no source info available)
V  [jvm.dll+0x9f84a3]  (no source info available)
V  [jvm.dll+0x2fcd26]  (no source info available)
V  [jvm.dll+0x111086]  (no source info available)
V  [jvm.dll+0x1113ae]  (no source info available)
V  [jvm.dll+0x1a01a2]  (no source info available)
V  [jvm.dll+0x3b5e72]  (no source info available)
V  [jvm.dll+0x7adcec]  (no source info available)
V  [jvm.dll+0x2c0327]  (no source info available)
V  [jvm.dll+0x2bf2ef]  (no source info available)
V  [jvm.dll+0x237300]  (no source info available)
V  [jvm.dll+0x2cf386]  (no source info available)
V  [jvm.dll+0x2cd60a]  (no source info available)
V  [jvm.dll+0x48f64e]  (no source info available)
V  [jvm.dll+0x99630d]  (no source info available)
V  [jvm.dll+0x7a6955]  (no source info available)
C  [ucrtbase.dll+0x37b0]  (no source info available)
C  [KERNEL32.DLL+0x2e8d7]  (no source info available)
C  [ntdll.dll+0x8c53c]  (no source info available)

Lock stack of current Java thread (top to bottom):


---------------  P R O C E S S  ---------------

Threads class SMR info:
_java_thread_list=0x0000027983ee6590, length=18, elements={
0x00000279d24671d0, 0x00000279f446dff0, 0x00000279f4470910, 0x00000279f44751f0,
0x00000279f44782a0, 0x00000279f447ca70, 0x00000279f447e240, 0x00000279f4488d50,
0x00000279f449b2b0, 0x00000279f4c57f50, 0x00000279f9263de0, 0x00000279f9b38a70,
0x00000279f9db5f80, 0x00000279f9da0f20, 0x00000279fa27c2a0, 0x00000279f9ffc110,
0x00000279fa784290, 0x00000279fa5f7b40
}

Java Threads: ( => current thread )
  0x00000279d24671d0 JavaThread "main"                              [_thread_blocked, id=28304, stack(0x000000c5b3600000,0x000000c5b3700000) (1024K)]
  0x00000279f446dff0 JavaThread "Reference Handler"          daemon [_thread_blocked, id=14432, stack(0x000000c5b3e00000,0x000000c5b3f00000) (1024K)]
  0x00000279f4470910 JavaThread "Finalizer"                  daemon [_thread_blocked, id=28200, stack(0x000000c5b3f00000,0x000000c5b4000000) (1024K)]
  0x00000279f44751f0 JavaThread "Signal Dispatcher"          daemon [_thread_blocked, id=21160, stack(0x000000c5b4000000,0x000000c5b4100000) (1024K)]
  0x00000279f44782a0 JavaThread "Attach Listener"            daemon [_thread_blocked, id=23944, stack(0x000000c5b4100000,0x000000c5b4200000) (1024K)]
  0x00000279f447ca70 JavaThread "Service Thread"             daemon [_thread_blocked, id=23768, stack(0x000000c5b4200000,0x000000c5b4300000) (1024K)]
  0x00000279f447e240 JavaThread "Monitor Deflation Thread"   daemon [_thread_blocked, id=22452, stack(0x000000c5b4300000,0x000000c5b4400000) (1024K)]
=>0x00000279f4488d50 JavaThread "C2 CompilerThread0"         daemon [_thread_in_native, id=24416, stack(0x000000c5b4400000,0x000000c5b4500000) (1024K)]
  0x00000279f449b2b0 JavaThread "C1 CompilerThread0"         daemon [_thread_blocked, id=31256, stack(0x000000c5b4500000,0x000000c5b4600000) (1024K)]
  0x00000279f4c57f50 JavaThread "Common-Cleaner"             daemon [_thread_blocked, id=13384, stack(0x000000c5b4700000,0x000000c5b4800000) (1024K)]
  0x00000279f9263de0 JavaThread "Notification Thread"        daemon [_thread_blocked, id=26848, stack(0x000000c5b4e00000,0x000000c5b4f00000) (1024K)]
  0x00000279f9b38a70 JavaThread "QuantumRenderer-0"          daemon [_thread_blocked, id=21972, stack(0x000000c5b4d00000,0x000000c5b4e00000) (1024K)]
  0x00000279f9db5f80 JavaThread "InvokeLaterDispatcher"      daemon [_thread_blocked, id=12188, stack(0x000000c5b4a00000,0x000000c5b4b00000) (1024K)]
  0x00000279f9da0f20 JavaThread "JavaFX Application Thread"         [_thread_in_native, id=692, stack(0x000000c5b4b00000,0x000000c5b4c00000) (1024K)]
  0x00000279fa27c2a0 JavaThread "JavaFX-Launcher"                   [_thread_blocked, id=30592, stack(0x000000c5b5200000,0x000000c5b5300000) (1024K)]
  0x00000279f9ffc110 JavaThread "Thread-2"                   daemon [_thread_in_native, id=29360, stack(0x000000c5b5100000,0x000000c5b5200000) (1024K)]
  0x00000279fa784290 JavaThread "Prism Font Disposer"        daemon [_thread_blocked, id=8552, stack(0x000000c5b5400000,0x000000c5b5500000) (1024K)]
  0x00000279fa5f7b40 JavaThread "Cleaner-0"                  daemon [_thread_blocked, id=3840, stack(0x000000c5b5d00000,0x000000c5b5e00000) (1024K)]
Total: 18

Other Threads:
  0x00000279f445d530 VMThread "VM Thread"                           [id=22316, stack(0x000000c5b3d00000,0x000000c5b3e00000) (1024K)]
  0x00000279f4451740 WatcherThread "VM Periodic Task Thread"        [id=28448, stack(0x000000c5b3c00000,0x000000c5b3d00000) (1024K)]
  0x00000279d2b5a4c0 WorkerThread "GC Thread#0"                     [id=22572, stack(0x000000c5b3700000,0x000000c5b3800000) (1024K)]
  0x00000279fa39b6b0 WorkerThread "GC Thread#1"                     [id=16548, stack(0x000000c5b5500000,0x000000c5b5600000) (1024K)]
  0x00000279fa398fe0 WorkerThread "GC Thread#2"                     [id=23908, stack(0x000000c5b5600000,0x000000c5b5700000) (1024K)]
  0x00000279fa39b260 WorkerThread "GC Thread#3"                     [id=12668, stack(0x000000c5b5700000,0x000000c5b5800000) (1024K)]
  0x00000279fa39bb00 WorkerThread "GC Thread#4"                     [id=20908, stack(0x000000c5b5800000,0x000000c5b5900000) (1024K)]
  0x00000279fa39bf50 WorkerThread "GC Thread#5"                     [id=31308, stack(0x000000c5b5900000,0x000000c5b5a00000) (1024K)]
  0x00000279d2b73010 ConcurrentGCThread "G1 Main Marker"            [id=12204, stack(0x000000c5b3800000,0x000000c5b3900000) (1024K)]
  0x00000279d2b74aa0 WorkerThread "G1 Conc#0"                       [id=11072, stack(0x000000c5b3900000,0x000000c5b3a00000) (1024K)]
  0x00000279f4321610 ConcurrentGCThread "G1 Refine#0"               [id=28420, stack(0x000000c5b3a00000,0x000000c5b3b00000) (1024K)]
  0x00000279f4322220 ConcurrentGCThread "G1 Service"                [id=29600, stack(0x000000c5b3b00000,0x000000c5b3c00000) (1024K)]
Total: 12

Threads with active compile tasks:
C2 CompilerThread0  19784 4072       4       javafx.animation.Animation$1::timePulse (56 bytes)
Total: 1

VM state: not at safepoint (normal execution)

VM Mutex/Monitor currently owned by a thread: None

Heap address: 0x0000000703a00000, size: 4038 MB, Compressed Oops mode: Zero based, Oop shift amount: 3

CDS archive(s) mapped at: [0x0000000028000000-0x0000000028dd0000-0x0000000028dd0000), size 14483456, SharedBaseAddress: 0x0000000028000000, ArchiveRelocationMode: 1.
Compressed class space mapped at: 0x0000000029000000-0x0000000069000000, reserved size: 1073741824
UseCompressedClassPointers 1, UseCompactObjectHeaders 0
Narrow klass pointer bits 32, Max shift 3
Narrow klass base: 0x0000000028000000, Narrow klass shift: 0
Encoding Range: [0x0000000028000000 - 0x0000000128000000), (4294967296 bytes)
Klass Range:    [0x0000000028010000 - 0x0000000069000000), (1090453504 bytes)
Klass ID Range:  [65536 - 1090519033) (1090453497)
Protection zone: [0x0000000028000000 - 0x0000000028010000), (65536 bytes)

GC Precious Log:
 CardTable entry size: 512
 Card Set container configuration: InlinePtr #cards 4 size 8 Array Of Cards #cards 16 size 48 Howl #buckets 8 coarsen threshold 3686 Howl Bitmap #cards 512 size 80 coarsen threshold 460 Card regions per heap region 1 cards per card region 4096
 CPUs: 16 total, 16 available
 Memory: 16151M
 Large Page Support: Disabled
 NUMA Support: Disabled
 Compressed Oops: Enabled (Zero based)
 Heap Region Size: 2M
 Heap Min Capacity: 8M
 Heap Initial Capacity: 254M
 Heap Max Capacity: 4038M
 Pre-touch: Disabled
 Parallel Workers: 13
 Concurrent Workers: 3
 Concurrent Refinement Workers: 13
 Periodic GC: Disabled

Heap:
 garbage-first heap   total reserved 4134912K, committed 262144K, used 51710K [0x0000000703a00000, 0x0000000800000000)
  region size 2048K, 25 young (51200K), 3 survivors (6144K)

Heap Regions: E=young(eden), S=young(survivor), O=old, HS=humongous(starts), HC=humongous(continues), CS=collection set, F=free, TAMS=top-at-mark-start, PB=parsable bottom
|   0|0x0000000703a00000, 0x0000000703c00000, 0x0000000703c00000|100%|HS|  |TAMS 0x0000000703a00000| PB 0x0000000703a00000| Complete |  0
|   1|0x0000000703c00000, 0x0000000703c00000, 0x0000000703e00000|  0%| F|  |TAMS 0x0000000703c00000| PB 0x0000000703c00000| Untracked |  0
|   2|0x0000000703e00000, 0x0000000703e00000, 0x0000000704000000|  0%| F|  |TAMS 0x0000000703e00000| PB 0x0000000703e00000| Untracked |  0
|   3|0x0000000704000000, 0x0000000704000000, 0x0000000704200000|  0%| F|  |TAMS 0x0000000704000000| PB 0x0000000704000000| Untracked |  0
|   4|0x0000000704200000, 0x0000000704200000, 0x0000000704400000|  0%| F|  |TAMS 0x0000000704200000| PB 0x0000000704200000| Untracked |  0
|   5|0x0000000704400000, 0x0000000704400000, 0x0000000704600000|  0%| F|  |TAMS 0x0000000704400000| PB 0x0000000704400000| Untracked |  0
|   6|0x0000000704600000, 0x0000000704600000, 0x0000000704800000|  0%| F|  |TAMS 0x0000000704600000| PB 0x0000000704600000| Untracked |  0
|   7|0x0000000704800000, 0x0000000704800000, 0x0000000704a00000|  0%| F|  |TAMS 0x0000000704800000| PB 0x0000000704800000| Untracked |  0
|   8|0x0000000704a00000, 0x0000000704a00000, 0x0000000704c00000|  0%| F|  |TAMS 0x0000000704a00000| PB 0x0000000704a00000| Untracked |  0
|   9|0x0000000704c00000, 0x0000000704c00000, 0x0000000704e00000|  0%| F|  |TAMS 0x0000000704c00000| PB 0x0000000704c00000| Untracked |  0
|  10|0x0000000704e00000, 0x0000000704e00000, 0x0000000705000000|  0%| F|  |TAMS 0x0000000704e00000| PB 0x0000000704e00000| Untracked |  0
|  11|0x0000000705000000, 0x0000000705000000, 0x0000000705200000|  0%| F|  |TAMS 0x0000000705000000| PB 0x0000000705000000| Untracked |  0
|  12|0x0000000705200000, 0x0000000705200000, 0x0000000705400000|  0%| F|  |TAMS 0x0000000705200000| PB 0x0000000705200000| Untracked |  0
|  13|0x0000000705400000, 0x0000000705400000, 0x0000000705600000|  0%| F|  |TAMS 0x0000000705400000| PB 0x0000000705400000| Untracked |  0
|  14|0x0000000705600000, 0x0000000705600000, 0x0000000705800000|  0%| F|  |TAMS 0x0000000705600000| PB 0x0000000705600000| Untracked |  0
|  15|0x0000000705800000, 0x0000000705800000, 0x0000000705a00000|  0%| F|  |TAMS 0x0000000705800000| PB 0x0000000705800000| Untracked |  0
|  16|0x0000000705a00000, 0x0000000705a00000, 0x0000000705c00000|  0%| F|  |TAMS 0x0000000705a00000| PB 0x0000000705a00000| Untracked |  0
|  17|0x0000000705c00000, 0x0000000705c00000, 0x0000000705e00000|  0%| F|  |TAMS 0x0000000705c00000| PB 0x0000000705c00000| Untracked |  0
|  18|0x0000000705e00000, 0x0000000705e00000, 0x0000000706000000|  0%| F|  |TAMS 0x0000000705e00000| PB 0x0000000705e00000| Untracked |  0
|  19|0x0000000706000000, 0x0000000706000000, 0x0000000706200000|  0%| F|  |TAMS 0x0000000706000000| PB 0x0000000706000000| Untracked |  0
|  20|0x0000000706200000, 0x0000000706200000, 0x0000000706400000|  0%| F|  |TAMS 0x0000000706200000| PB 0x0000000706200000| Untracked |  0
|  21|0x0000000706400000, 0x0000000706400000, 0x0000000706600000|  0%| F|  |TAMS 0x0000000706400000| PB 0x0000000706400000| Untracked |  0
|  22|0x0000000706600000, 0x0000000706600000, 0x0000000706800000|  0%| F|  |TAMS 0x0000000706600000| PB 0x0000000706600000| Untracked |  0
|  23|0x0000000706800000, 0x0000000706800000, 0x0000000706a00000|  0%| F|  |TAMS 0x0000000706800000| PB 0x0000000706800000| Untracked |  0
|  24|0x0000000706a00000, 0x0000000706a00000, 0x0000000706c00000|  0%| F|  |TAMS 0x0000000706a00000| PB 0x0000000706a00000| Untracked |  0
|  25|0x0000000706c00000, 0x0000000706c00000, 0x0000000706e00000|  0%| F|  |TAMS 0x0000000706c00000| PB 0x0000000706c00000| Untracked |  0
|  26|0x0000000706e00000, 0x0000000706e00000, 0x0000000707000000|  0%| F|  |TAMS 0x0000000706e00000| PB 0x0000000706e00000| Untracked |  0
|  27|0x0000000707000000, 0x0000000707000000, 0x0000000707200000|  0%| F|  |TAMS 0x0000000707000000| PB 0x0000000707000000| Untracked |  0
|  28|0x0000000707200000, 0x0000000707200000, 0x0000000707400000|  0%| F|  |TAMS 0x0000000707200000| PB 0x0000000707200000| Untracked |  0
|  29|0x0000000707400000, 0x0000000707400000, 0x0000000707600000|  0%| F|  |TAMS 0x0000000707400000| PB 0x0000000707400000| Untracked |  0
|  30|0x0000000707600000, 0x0000000707600000, 0x0000000707800000|  0%| F|  |TAMS 0x0000000707600000| PB 0x0000000707600000| Untracked |  0
|  31|0x0000000707800000, 0x0000000707800000, 0x0000000707a00000|  0%| F|  |TAMS 0x0000000707800000| PB 0x0000000707800000| Untracked |  0
|  32|0x0000000707a00000, 0x0000000707a00000, 0x0000000707c00000|  0%| F|  |TAMS 0x0000000707a00000| PB 0x0000000707a00000| Untracked |  0
|  33|0x0000000707c00000, 0x0000000707c00000, 0x0000000707e00000|  0%| F|  |TAMS 0x0000000707c00000| PB 0x0000000707c00000| Untracked |  0
|  34|0x0000000707e00000, 0x0000000707e00000, 0x0000000708000000|  0%| F|  |TAMS 0x0000000707e00000| PB 0x0000000707e00000| Untracked |  0
|  35|0x0000000708000000, 0x0000000708000000, 0x0000000708200000|  0%| F|  |TAMS 0x0000000708000000| PB 0x0000000708000000| Untracked |  0
|  36|0x0000000708200000, 0x0000000708200000, 0x0000000708400000|  0%| F|  |TAMS 0x0000000708200000| PB 0x0000000708200000| Untracked |  0
|  37|0x0000000708400000, 0x0000000708400000, 0x0000000708600000|  0%| F|  |TAMS 0x0000000708400000| PB 0x0000000708400000| Untracked |  0
|  38|0x0000000708600000, 0x0000000708600000, 0x0000000708800000|  0%| F|  |TAMS 0x0000000708600000| PB 0x0000000708600000| Untracked |  0
|  39|0x0000000708800000, 0x0000000708800000, 0x0000000708a00000|  0%| F|  |TAMS 0x0000000708800000| PB 0x0000000708800000| Untracked |  0
|  40|0x0000000708a00000, 0x0000000708a00000, 0x0000000708c00000|  0%| F|  |TAMS 0x0000000708a00000| PB 0x0000000708a00000| Untracked |  0
|  41|0x0000000708c00000, 0x0000000708c00000, 0x0000000708e00000|  0%| F|  |TAMS 0x0000000708c00000| PB 0x0000000708c00000| Untracked |  0
|  42|0x0000000708e00000, 0x0000000708e00000, 0x0000000709000000|  0%| F|  |TAMS 0x0000000708e00000| PB 0x0000000708e00000| Untracked |  0
|  43|0x0000000709000000, 0x0000000709000000, 0x0000000709200000|  0%| F|  |TAMS 0x0000000709000000| PB 0x0000000709000000| Untracked |  0
|  44|0x0000000709200000, 0x0000000709200000, 0x0000000709400000|  0%| F|  |TAMS 0x0000000709200000| PB 0x0000000709200000| Untracked |  0
|  45|0x0000000709400000, 0x0000000709400000, 0x0000000709600000|  0%| F|  |TAMS 0x0000000709400000| PB 0x0000000709400000| Untracked |  0
|  46|0x0000000709600000, 0x0000000709600000, 0x0000000709800000|  0%| F|  |TAMS 0x0000000709600000| PB 0x0000000709600000| Untracked |  0
|  47|0x0000000709800000, 0x0000000709800000, 0x0000000709a00000|  0%| F|  |TAMS 0x0000000709800000| PB 0x0000000709800000| Untracked |  0
|  48|0x0000000709a00000, 0x0000000709a00000, 0x0000000709c00000|  0%| F|  |TAMS 0x0000000709a00000| PB 0x0000000709a00000| Untracked |  0
|  49|0x0000000709c00000, 0x0000000709c00000, 0x0000000709e00000|  0%| F|  |TAMS 0x0000000709c00000| PB 0x0000000709c00000| Untracked |  0
|  50|0x0000000709e00000, 0x0000000709e00000, 0x000000070a000000|  0%| F|  |TAMS 0x0000000709e00000| PB 0x0000000709e00000| Untracked |  0
|  51|0x000000070a000000, 0x000000070a000000, 0x000000070a200000|  0%| F|  |TAMS 0x000000070a000000| PB 0x000000070a000000| Untracked |  0
|  52|0x000000070a200000, 0x000000070a200000, 0x000000070a400000|  0%| F|  |TAMS 0x000000070a200000| PB 0x000000070a200000| Untracked |  0
|  53|0x000000070a400000, 0x000000070a400000, 0x000000070a600000|  0%| F|  |TAMS 0x000000070a400000| PB 0x000000070a400000| Untracked |  0
|  54|0x000000070a600000, 0x000000070a600000, 0x000000070a800000|  0%| F|  |TAMS 0x000000070a600000| PB 0x000000070a600000| Untracked |  0
|  55|0x000000070a800000, 0x000000070a800000, 0x000000070aa00000|  0%| F|  |TAMS 0x000000070a800000| PB 0x000000070a800000| Untracked |  0
|  56|0x000000070aa00000, 0x000000070aa00000, 0x000000070ac00000|  0%| F|  |TAMS 0x000000070aa00000| PB 0x000000070aa00000| Untracked |  0
|  57|0x000000070ac00000, 0x000000070ac00000, 0x000000070ae00000|  0%| F|  |TAMS 0x000000070ac00000| PB 0x000000070ac00000| Untracked |  0
|  58|0x000000070ae00000, 0x000000070ae00000, 0x000000070b000000|  0%| F|  |TAMS 0x000000070ae00000| PB 0x000000070ae00000| Untracked |  0
|  59|0x000000070b000000, 0x000000070b000000, 0x000000070b200000|  0%| F|  |TAMS 0x000000070b000000| PB 0x000000070b000000| Untracked |  0
|  60|0x000000070b200000, 0x000000070b200000, 0x000000070b400000|  0%| F|  |TAMS 0x000000070b200000| PB 0x000000070b200000| Untracked |  0
|  61|0x000000070b400000, 0x000000070b400000, 0x000000070b600000|  0%| F|  |TAMS 0x000000070b400000| PB 0x000000070b400000| Untracked |  0
|  62|0x000000070b600000, 0x000000070b600000, 0x000000070b800000|  0%| F|  |TAMS 0x000000070b600000| PB 0x000000070b600000| Untracked |  0
|  63|0x000000070b800000, 0x000000070b800000, 0x000000070ba00000|  0%| F|  |TAMS 0x000000070b800000| PB 0x000000070b800000| Untracked |  0
|  64|0x000000070ba00000, 0x000000070ba00000, 0x000000070bc00000|  0%| F|  |TAMS 0x000000070ba00000| PB 0x000000070ba00000| Untracked |  0
|  65|0x000000070bc00000, 0x000000070bc00000, 0x000000070be00000|  0%| F|  |TAMS 0x000000070bc00000| PB 0x000000070bc00000| Untracked |  0
|  66|0x000000070be00000, 0x000000070be00000, 0x000000070c000000|  0%| F|  |TAMS 0x000000070be00000| PB 0x000000070be00000| Untracked |  0
|  67|0x000000070c000000, 0x000000070c000000, 0x000000070c200000|  0%| F|  |TAMS 0x000000070c000000| PB 0x000000070c000000| Untracked |  0
|  68|0x000000070c200000, 0x000000070c200000, 0x000000070c400000|  0%| F|  |TAMS 0x000000070c200000| PB 0x000000070c200000| Untracked |  0
|  69|0x000000070c400000, 0x000000070c400000, 0x000000070c600000|  0%| F|  |TAMS 0x000000070c400000| PB 0x000000070c400000| Untracked |  0
|  70|0x000000070c600000, 0x000000070c600000, 0x000000070c800000|  0%| F|  |TAMS 0x000000070c600000| PB 0x000000070c600000| Untracked |  0
|  71|0x000000070c800000, 0x000000070c800000, 0x000000070ca00000|  0%| F|  |TAMS 0x000000070c800000| PB 0x000000070c800000| Untracked |  0
|  72|0x000000070ca00000, 0x000000070ca00000, 0x000000070cc00000|  0%| F|  |TAMS 0x000000070ca00000| PB 0x000000070ca00000| Untracked |  0
|  73|0x000000070cc00000, 0x000000070cc00000, 0x000000070ce00000|  0%| F|  |TAMS 0x000000070cc00000| PB 0x000000070cc00000| Untracked |  0
|  74|0x000000070ce00000, 0x000000070ce00000, 0x000000070d000000|  0%| F|  |TAMS 0x000000070ce00000| PB 0x000000070ce00000| Untracked |  0
|  75|0x000000070d000000, 0x000000070d000000, 0x000000070d200000|  0%| F|  |TAMS 0x000000070d000000| PB 0x000000070d000000| Untracked |  0
|  76|0x000000070d200000, 0x000000070d200000, 0x000000070d400000|  0%| F|  |TAMS 0x000000070d200000| PB 0x000000070d200000| Untracked |  0
|  77|0x000000070d400000, 0x000000070d400000, 0x000000070d600000|  0%| F|  |TAMS 0x000000070d400000| PB 0x000000070d400000| Untracked |  0
|  78|0x000000070d600000, 0x000000070d600000, 0x000000070d800000|  0%| F|  |TAMS 0x000000070d600000| PB 0x000000070d600000| Untracked |  0
|  79|0x000000070d800000, 0x000000070d800000, 0x000000070da00000|  0%| F|  |TAMS 0x000000070d800000| PB 0x000000070d800000| Untracked |  0
|  80|0x000000070da00000, 0x000000070da00000, 0x000000070dc00000|  0%| F|  |TAMS 0x000000070da00000| PB 0x000000070da00000| Untracked |  0
|  81|0x000000070dc00000, 0x000000070dc00000, 0x000000070de00000|  0%| F|  |TAMS 0x000000070dc00000| PB 0x000000070dc00000| Untracked |  0
|  82|0x000000070de00000, 0x000000070de00000, 0x000000070e000000|  0%| F|  |TAMS 0x000000070de00000| PB 0x000000070de00000| Untracked |  0
|  83|0x000000070e000000, 0x000000070e000000, 0x000000070e200000|  0%| F|  |TAMS 0x000000070e000000| PB 0x000000070e000000| Untracked |  0
|  84|0x000000070e200000, 0x000000070e200000, 0x000000070e400000|  0%| F|  |TAMS 0x000000070e200000| PB 0x000000070e200000| Untracked |  0
|  85|0x000000070e400000, 0x000000070e400000, 0x000000070e600000|  0%| F|  |TAMS 0x000000070e400000| PB 0x000000070e400000| Untracked |  0
|  86|0x000000070e600000, 0x000000070e600000, 0x000000070e800000|  0%| F|  |TAMS 0x000000070e600000| PB 0x000000070e600000| Untracked |  0
|  87|0x000000070e800000, 0x000000070e800000, 0x000000070ea00000|  0%| F|  |TAMS 0x000000070e800000| PB 0x000000070e800000| Untracked |  0
|  88|0x000000070ea00000, 0x000000070ea00000, 0x000000070ec00000|  0%| F|  |TAMS 0x000000070ea00000| PB 0x000000070ea00000| Untracked |  0
|  89|0x000000070ec00000, 0x000000070ec00000, 0x000000070ee00000|  0%| F|  |TAMS 0x000000070ec00000| PB 0x000000070ec00000| Untracked |  0
|  90|0x000000070ee00000, 0x000000070ee00000, 0x000000070f000000|  0%| F|  |TAMS 0x000000070ee00000| PB 0x000000070ee00000| Untracked |  0
|  91|0x000000070f000000, 0x000000070f000000, 0x000000070f200000|  0%| F|  |TAMS 0x000000070f000000| PB 0x000000070f000000| Untracked |  0
|  92|0x000000070f200000, 0x000000070f200000, 0x000000070f400000|  0%| F|  |TAMS 0x000000070f200000| PB 0x000000070f200000| Untracked |  0
|  93|0x000000070f400000, 0x000000070f400000, 0x000000070f600000|  0%| F|  |TAMS 0x000000070f400000| PB 0x000000070f400000| Untracked |  0
|  94|0x000000070f600000, 0x000000070f600000, 0x000000070f800000|  0%| F|  |TAMS 0x000000070f600000| PB 0x000000070f600000| Untracked |  0
|  95|0x000000070f800000, 0x000000070f800000, 0x000000070fa00000|  0%| F|  |TAMS 0x000000070f800000| PB 0x000000070f800000| Untracked |  0
|  96|0x000000070fa00000, 0x000000070fa00000, 0x000000070fc00000|  0%| F|  |TAMS 0x000000070fa00000| PB 0x000000070fa00000| Untracked |  0
|  97|0x000000070fc00000, 0x000000070fc00000, 0x000000070fe00000|  0%| F|  |TAMS 0x000000070fc00000| PB 0x000000070fc00000| Untracked |  0
|  98|0x000000070fe00000, 0x000000070fe00000, 0x0000000710000000|  0%| F|  |TAMS 0x000000070fe00000| PB 0x000000070fe00000| Untracked |  0
|  99|0x0000000710000000, 0x0000000710000000, 0x0000000710200000|  0%| F|  |TAMS 0x0000000710000000| PB 0x0000000710000000| Untracked |  0
| 100|0x0000000710200000, 0x000000071035aa40, 0x0000000710400000| 67%| S|CS|TAMS 0x0000000710200000| PB 0x0000000710200000| Complete |  0
| 101|0x0000000710400000, 0x0000000710600000, 0x0000000710600000|100%| S|CS|TAMS 0x0000000710400000| PB 0x0000000710400000| Complete |  0
| 102|0x0000000710600000, 0x0000000710800000, 0x0000000710800000|100%| S|CS|TAMS 0x0000000710600000| PB 0x0000000710600000| Complete |  0
| 103|0x0000000710800000, 0x0000000710800000, 0x0000000710a00000|  0%| F|  |TAMS 0x0000000710800000| PB 0x0000000710800000| Untracked |  0
| 104|0x0000000710a00000, 0x0000000710a00000, 0x0000000710c00000|  0%| F|  |TAMS 0x0000000710a00000| PB 0x0000000710a00000| Untracked |  0
| 105|0x0000000710c00000, 0x0000000710d3fee8, 0x0000000710e00000| 62%| E|  |TAMS 0x0000000710c00000| PB 0x0000000710c00000| Complete |  0
| 106|0x0000000710e00000, 0x0000000711000000, 0x0000000711000000|100%| E|CS|TAMS 0x0000000710e00000| PB 0x0000000710e00000| Complete |  0
| 107|0x0000000711000000, 0x0000000711200000, 0x0000000711200000|100%| E|CS|TAMS 0x0000000711000000| PB 0x0000000711000000| Complete |  0
| 108|0x0000000711200000, 0x0000000711400000, 0x0000000711400000|100%| E|CS|TAMS 0x0000000711200000| PB 0x0000000711200000| Complete |  0
| 109|0x0000000711400000, 0x0000000711600000, 0x0000000711600000|100%| E|CS|TAMS 0x0000000711400000| PB 0x0000000711400000| Complete |  0
| 110|0x0000000711600000, 0x0000000711800000, 0x0000000711800000|100%| E|CS|TAMS 0x0000000711600000| PB 0x0000000711600000| Complete |  0
| 111|0x0000000711800000, 0x0000000711a00000, 0x0000000711a00000|100%| E|CS|TAMS 0x0000000711800000| PB 0x0000000711800000| Complete |  0
| 112|0x0000000711a00000, 0x0000000711c00000, 0x0000000711c00000|100%| E|CS|TAMS 0x0000000711a00000| PB 0x0000000711a00000| Complete |  0
| 113|0x0000000711c00000, 0x0000000711e00000, 0x0000000711e00000|100%| E|CS|TAMS 0x0000000711c00000| PB 0x0000000711c00000| Complete |  0
| 114|0x0000000711e00000, 0x0000000712000000, 0x0000000712000000|100%| E|CS|TAMS 0x0000000711e00000| PB 0x0000000711e00000| Complete |  0
| 115|0x0000000712000000, 0x0000000712200000, 0x0000000712200000|100%| E|CS|TAMS 0x0000000712000000| PB 0x0000000712000000| Complete |  0
| 116|0x0000000712200000, 0x0000000712400000, 0x0000000712400000|100%| E|CS|TAMS 0x0000000712200000| PB 0x0000000712200000| Complete |  0
| 117|0x0000000712400000, 0x0000000712600000, 0x0000000712600000|100%| E|CS|TAMS 0x0000000712400000| PB 0x0000000712400000| Complete |  0
| 118|0x0000000712600000, 0x0000000712800000, 0x0000000712800000|100%| E|CS|TAMS 0x0000000712600000| PB 0x0000000712600000| Complete |  0
| 119|0x0000000712800000, 0x0000000712a00000, 0x0000000712a00000|100%| E|CS|TAMS 0x0000000712800000| PB 0x0000000712800000| Complete |  0
| 120|0x0000000712a00000, 0x0000000712c00000, 0x0000000712c00000|100%| E|CS|TAMS 0x0000000712a00000| PB 0x0000000712a00000| Complete |  0
| 121|0x0000000712c00000, 0x0000000712e00000, 0x0000000712e00000|100%| E|CS|TAMS 0x0000000712c00000| PB 0x0000000712c00000| Complete |  0
| 122|0x0000000712e00000, 0x0000000713000000, 0x0000000713000000|100%| E|CS|TAMS 0x0000000712e00000| PB 0x0000000712e00000| Complete |  0
| 123|0x0000000713000000, 0x0000000713200000, 0x0000000713200000|100%| E|CS|TAMS 0x0000000713000000| PB 0x0000000713000000| Complete |  0
| 124|0x0000000713200000, 0x0000000713400000, 0x0000000713400000|100%| E|CS|TAMS 0x0000000713200000| PB 0x0000000713200000| Complete |  0
| 125|0x0000000713400000, 0x0000000713600000, 0x0000000713600000|100%| E|CS|TAMS 0x0000000713400000| PB 0x0000000713400000| Complete |  0
| 126|0x0000000713600000, 0x0000000713800000, 0x0000000713800000|100%| E|CS|TAMS 0x0000000713600000| PB 0x0000000713600000| Complete |  0
|2018|0x00000007ffe00000, 0x00000007fff24ea8, 0x0000000800000000| 57%| O|  |TAMS 0x00000007ffe00000| PB 0x00000007ffe00000| Untracked |  0

Card table byte_map: [0x00000279ed390000,0x00000279edb80000] _byte_map_base: 0x00000279e9b73000

Marking Bits: (CMBitMap*) 0x00000279d2b5ac50
 Bits: [0x00000279edb80000, 0x00000279f1a98000)

Polling page: 0x00000279d2890000

Metaspace:
Metaspace        used 14752K, committed 14976K, reserved 1114112K
 class space     used 1626K, committed 1728K, reserved 1048576K

Usage:
  Non-class:     12.82 MB used.
      Class:      1.59 MB used.
       Both:     14.41 MB used.

Virtual space:
  Non-class space:       64.00 MB reserved,      12.94 MB ( 20%) committed,  1 nodes.
      Class space:        1.00 GB reserved,       1.69 MB ( <1%) committed,  1 nodes.
             Both:        1.06 GB reserved,      14.62 MB (  1%) committed. 

Chunk freelists:
   Non-Class:  2.53 MB
       Class:  14.22 MB
        Both:  16.75 MB

MaxMetaspaceSize: unlimited
CompressedClassSpaceSize: 1.00 GB
Initial GC threshold: 21.00 MB
Current GC threshold: 21.00 MB
CDS: on
 - commit_granule_bytes: 65536.
 - commit_granule_words: 8192.
 - virtual_space_node_default_size: 8388608.
 - enlarge_chunks_in_place: 1.
UseCompressedClassPointers 1, UseCompactObjectHeaders 0
Narrow klass pointer bits 32, Max shift 3
Narrow klass base: 0x0000000028000000, Narrow klass shift: 0
Encoding Range: [0x0000000028000000 - 0x0000000128000000), (4294967296 bytes)
Klass Range:    [0x0000000028010000 - 0x0000000069000000), (1090453504 bytes)
Klass ID Range:  [65536 - 1090519033) (1090453497)
Protection zone: [0x0000000028000000 - 0x0000000028010000), (65536 bytes)


Internal statistics:

num_allocs_failed_limit: 0.
num_arena_births: 222.
num_arena_deaths: 0.
num_vsnodes_births: 2.
num_vsnodes_deaths: 0.
num_space_committed: 234.
num_space_uncommitted: 0.
num_chunks_returned_to_freelist: 0.
num_chunks_taken_from_freelist: 679.
num_chunk_merges: 0.
num_chunk_splits: 465.
num_chunks_enlarged: 356.
num_inconsistent_stats: 0.

CodeHeap 'non-profiled nmethods': size=119232Kb used=1583Kb max_used=1583Kb free=117648Kb
 bounds [0x00000279e4770000, 0x00000279e49e0000, 0x00000279ebbe0000]
CodeHeap 'profiled nmethods': size=119104Kb used=6177Kb max_used=6177Kb free=112926Kb
 bounds [0x00000279dcbe0000, 0x00000279dd1f0000, 0x00000279e4030000]
CodeHeap 'non-nmethods': size=7424Kb used=1906Kb max_used=3679Kb free=5517Kb
 bounds [0x00000279e4030000, 0x00000279e43d0000, 0x00000279e4770000]
CodeCache: size=245760Kb, used=9666Kb, max_used=11439Kb, free=236091Kb
 total_blobs=4900, nmethods=4071, adapters=730, full_count=0
Compilation: enabled, stopped_count=0, restarted_count=0

Compilation events (20 events):
Event: 13.695 Thread 0x00000279f4488d50 nmethod 4062 0x00000279e48f6688 code [0x00000279e48f6780, 0x00000279e48f6948]
Event: 13.802 Thread 0x00000279f4488d50 4063   !   4       java.util.concurrent.locks.AbstractQueuedSynchronizer::acquire (448 bytes)
Event: 13.812 Thread 0x00000279f4488d50 nmethod 4063 0x00000279e48f6988 code [0x00000279e48f6a80, 0x00000279e48f8860]
Event: 13.863 Thread 0x00000279f4488d50 4064       4       java.util.concurrent.locks.AbstractQueuedSynchronizer$Node::clearStatus (12 bytes)
Event: 13.864 Thread 0x00000279f4488d50 nmethod 4064 0x00000279e48f8888 code [0x00000279e48f8980, 0x00000279e48f89f8]
Event: 13.864 Thread 0x00000279f4488d50 4065   !   4       java.util.concurrent.locks.AbstractQueuedSynchronizer::tryInitializeHead (66 bytes)
Event: 13.865 Thread 0x00000279f4488d50 nmethod 4065 0x00000279e48f8b88 code [0x00000279e48f8c80, 0x00000279e48f9028]
Event: 14.110 Thread 0x00000279f4488d50 4066   !   4       java.util.concurrent.locks.AbstractQueuedSynchronizer$ConditionObject::await (180 bytes)
Event: 14.121 Thread 0x00000279f4488d50 nmethod 4066 0x00000279e48f9088 code [0x00000279e48f9180, 0x00000279e48fa378]
Event: 14.121 Thread 0x00000279f4488d50 4067   !   4       java.util.concurrent.locks.AbstractQueuedSynchronizer::reacquire (64 bytes)
Event: 14.121 Thread 0x00000279f4488d50 nmethod 4067 0x00000279e48fa388 code [0x00000279e48fa480, 0x00000279e48fa588]
Event: 14.453 Thread 0x00000279f4488d50 4068       4       com.sun.javafx.geom.transform.AffineBase::calculateType (598 bytes)
Event: 14.453 Thread 0x00000279f4488d50 nmethod 4068 0x00000279e48fa688 code [0x00000279e48fa7a0, 0x00000279e48fa938]
Event: 15.898 Thread 0x00000279f4488d50 4069       4       java.util.concurrent.locks.AbstractQueuedSynchronizer$Node::getAndUnsetStatus (14 bytes)
Event: 15.899 Thread 0x00000279f4488d50 nmethod 4069 0x00000279e48fa988 code [0x00000279e48faa80, 0x00000279e48fab40]
Event: 16.334 Thread 0x00000279f4488d50 4070       4       java.lang.Thread::interrupted (7 bytes)
Event: 16.334 Thread 0x00000279f4488d50 nmethod 4070 0x00000279e48fac88 code [0x00000279e48fad80, 0x00000279e48fae18]
Event: 16.348 Thread 0x00000279f4488d50 4071       4       javafx.scene.Scene$ScenePulseListener::synchronizeSceneNodes (114 bytes)
Event: 16.355 Thread 0x00000279f4488d50 nmethod 4071 0x00000279e48faf88 code [0x00000279e48fb080, 0x00000279e48fbc98]
Event: 18.688 Thread 0x00000279f4488d50 4072       4       javafx.animation.Animation$1::timePulse (56 bytes)

GC Heap Usage History (2 events):
Event: 1.070 {heap Before GC invocations=0 (full 0):
 garbage-first heap   total reserved 4134912K, committed 262144K, used 50323K [0x0000000703a00000, 0x0000000800000000)
  region size 2048K, 24 young (49152K), 0 survivors (0K)
}
Event: 1.074 {heap After GC invocations=1 (full 0):
 garbage-first heap   total reserved 4134912K, committed 262144K, used 6654K [0x0000000703a00000, 0x0000000800000000)
  region size 2048K, 3 young (6144K), 3 survivors (6144K)
}

Metaspace Usage History (2 events):
Event: 1.070 {metaspace Before GC invocations=0 (full 0):
 Metaspace       used 9399K, committed 9600K, reserved 1114112K
  class space    used 1000K, committed 1088K, reserved 1048576K
}
Event: 1.074 {metaspace After GC invocations=1 (full 0):
 Metaspace       used 9399K, committed 9600K, reserved 1114112K
  class space    used 1000K, committed 1088K, reserved 1048576K
}

Dll operation events (20 events):
Event: 0.330 Loaded shared library C:\Users\Rep JGL\.openjfx\cache\13\api-ms-win-crt-filesystem-l1-1-0.dll
Event: 0.334 Loaded shared library C:\Users\Rep JGL\.openjfx\cache\13\api-ms-win-crt-heap-l1-1-0.dll
Event: 0.337 Loaded shared library C:\Users\Rep JGL\.openjfx\cache\13\api-ms-win-crt-locale-l1-1-0.dll
Event: 0.341 Loaded shared library C:\Users\Rep JGL\.openjfx\cache\13\api-ms-win-crt-math-l1-1-0.dll
Event: 0.344 Loaded shared library C:\Users\Rep JGL\.openjfx\cache\13\api-ms-win-crt-multibyte-l1-1-0.dll
Event: 0.347 Loaded shared library C:\Users\Rep JGL\.openjfx\cache\13\api-ms-win-crt-private-l1-1-0.dll
Event: 0.351 Loaded shared library C:\Users\Rep JGL\.openjfx\cache\13\api-ms-win-crt-process-l1-1-0.dll
Event: 0.354 Loaded shared library C:\Users\Rep JGL\.openjfx\cache\13\api-ms-win-crt-runtime-l1-1-0.dll
Event: 0.356 Loaded shared library C:\Users\Rep JGL\.openjfx\cache\13\api-ms-win-crt-stdio-l1-1-0.dll
Event: 0.359 Loaded shared library C:\Users\Rep JGL\.openjfx\cache\13\api-ms-win-crt-string-l1-1-0.dll
Event: 0.362 Loaded shared library C:\Users\Rep JGL\.openjfx\cache\13\api-ms-win-crt-time-l1-1-0.dll
Event: 0.365 Loaded shared library C:\Users\Rep JGL\.openjfx\cache\13\api-ms-win-crt-utility-l1-1-0.dll
Event: 0.378 Loaded shared library C:\Users\Rep JGL\.openjfx\cache\13\ucrtbase.dll
Event: 0.382 Loaded shared library C:\Users\Rep JGL\.openjfx\cache\13\vcruntime140.dll
Event: 0.390 Loaded shared library C:\Users\Rep JGL\.openjfx\cache\13\msvcp140.dll
Event: 0.396 Loaded shared library C:\Users\Rep JGL\.openjfx\cache\13\concrt140.dll
Event: 0.425 Loaded shared library C:\Users\Rep JGL\.openjfx\cache\13\prism_d3d.dll
Event: 0.580 Loaded shared library C:\Users\Rep JGL\.openjfx\cache\13\glass.dll
Event: 0.875 Loaded shared library C:\Program Files\Apache NetBeans\jdk\bin\jimage.dll
Event: 0.997 Loaded shared library C:\Users\Rep JGL\.openjfx\cache\13\javafx_font.dll

Deoptimization events (20 events):
Event: 2.804 Thread 0x00000279f9b38a70 DEOPT PACKING pc=0x00000279dd12c8fd sp=0x000000c5b4dfd000
Event: 2.804 Thread 0x00000279f9b38a70 DEOPT UNPACKING pc=0x00000279e40812a2 sp=0x000000c5b4dfc4c8 mode 0
Event: 2.805 Thread 0x00000279f9b38a70 DEOPT PACKING pc=0x00000279dd12c8fd sp=0x000000c5b4dfd290
Event: 2.805 Thread 0x00000279f9b38a70 DEOPT UNPACKING pc=0x00000279e40812a2 sp=0x000000c5b4dfc758 mode 0
Event: 2.815 Thread 0x00000279f9b38a70 DEOPT PACKING pc=0x00000279dd12c8fd sp=0x000000c5b4dfc470
Event: 2.815 Thread 0x00000279f9b38a70 DEOPT UNPACKING pc=0x00000279e40812a2 sp=0x000000c5b4dfb938 mode 0
Event: 2.816 Thread 0x00000279f9b38a70 DEOPT PACKING pc=0x00000279dd12c8fd sp=0x000000c5b4dfc700
Event: 2.816 Thread 0x00000279f9b38a70 DEOPT UNPACKING pc=0x00000279e40812a2 sp=0x000000c5b4dfbbc8 mode 0
Event: 2.817 Thread 0x00000279f9b38a70 DEOPT PACKING pc=0x00000279dd12c8fd sp=0x000000c5b4dfd000
Event: 2.817 Thread 0x00000279f9b38a70 DEOPT UNPACKING pc=0x00000279e40812a2 sp=0x000000c5b4dfc4c8 mode 0
Event: 2.818 Thread 0x00000279f9b38a70 DEOPT PACKING pc=0x00000279dd12c8fd sp=0x000000c5b4dfd290
Event: 2.818 Thread 0x00000279f9b38a70 DEOPT UNPACKING pc=0x00000279e40812a2 sp=0x000000c5b4dfc758 mode 0
Event: 7.185 Thread 0x00000279f9b38a70 Uncommon trap: trap_request=0xffffff45 fr.pc=0x00000279e48e0298 relative=0x0000000000000118
Event: 7.185 Thread 0x00000279f9b38a70 Uncommon trap: reason=unstable_if action=reinterpret pc=0x00000279e48e0298 method=com.sun.prism.impl.ManagedResource.bumpAge(I)V @ 7 c2
Event: 7.185 Thread 0x00000279f9b38a70 DEOPT PACKING pc=0x00000279e48e0298 sp=0x000000c5b4dfede0
Event: 7.185 Thread 0x00000279f9b38a70 DEOPT UNPACKING pc=0x00000279e415f482 sp=0x000000c5b4dfecf8 mode 2
Event: 9.014 Thread 0x00000279f9db5f80 Uncommon trap: trap_request=0xffffff45 fr.pc=0x00000279e48e8ef4 relative=0x0000000000000074
Event: 9.014 Thread 0x00000279f9db5f80 Uncommon trap: reason=unstable_if action=reinterpret pc=0x00000279e48e8ef4 method=java.util.concurrent.locks.AbstractQueuedSynchronizer$ConditionObject.canReacquire(Ljava/util/concurrent/locks/AbstractQueuedSynchronizer$ConditionNode;)Z @ 18 c2
Event: 9.014 Thread 0x00000279f9db5f80 DEOPT PACKING pc=0x00000279e48e8ef4 sp=0x000000c5b4aff160
Event: 9.014 Thread 0x00000279f9db5f80 DEOPT UNPACKING pc=0x00000279e415f482 sp=0x000000c5b4aff0f0 mode 2

Classes loaded (20 events):
Event: 1.329 Loading class java/util/stream/SliceOps$1$1
Event: 1.329 Loading class java/util/stream/SliceOps$1$1 done
Event: 1.329 Loading class java/util/stream/WhileOps$1Op$1OpSink
Event: 1.329 Loading class java/util/stream/WhileOps$DropWhileSink
Event: 1.329 Loading class java/util/stream/WhileOps$DropWhileSink done
Event: 1.329 Loading class java/util/stream/WhileOps$1Op$1OpSink done
Event: 1.345 Loading class java/lang/FdLibm$Hypot
Event: 1.345 Loading class java/lang/FdLibm$Hypot done
Event: 1.345 Loading class java/lang/FdLibm
Event: 1.345 Loading class java/lang/FdLibm done
Event: 1.348 Loading class java/nio/ShortBuffer
Event: 1.348 Loading class java/nio/ShortBuffer done
Event: 1.348 Loading class java/nio/FloatBuffer
Event: 1.349 Loading class java/nio/FloatBuffer done
Event: 1.349 Loading class java/nio/DoubleBuffer
Event: 1.349 Loading class java/nio/DoubleBuffer done
Event: 1.349 Loading class java/nio/DirectFloatBufferU
Event: 1.349 Loading class java/nio/DirectFloatBufferU done
Event: 1.378 Loading class java/lang/FdLibm$Atan2
Event: 1.378 Loading class java/lang/FdLibm$Atan2 done

Classes unloaded (0 events):
No events

Classes redefined (0 events):
No events

Internal exceptions (20 events):
Event: 0.942 Thread 0x00000279f9da0f20 Exception <a 'java/lang/ClassNotFoundException'{0x000000071153dce8}: sun/util/logging/resources/spi/loggingProvider> (0x000000071153dce8) 
thrown [s\src\hotspot\share\classfile\systemDictionary.cpp, line 327]
Event: 0.978 Thread 0x00000279f9da0f20 Exception <a 'java/lang/NoSuchMethodError'{0x0000000711027f20}: 'void java.lang.invoke.Invokers$Holder.invokeExact_MT(java.lang.Object, java.lang.Object, java.lang.Object, java.lang.Object)'> (0x0000000711027f20) 
thrown [s\src\hotspot\share\interpreter\linkResolver.cpp, line 804]
Event: 0.994 Thread 0x00000279f9da0f20 Exception <a 'java/io/IOException'{0x0000000710e3c458}> (0x0000000710e3c458) 
thrown [s\src\hotspot\share\prims\jni.cpp, line 516]
Event: 1.028 Thread 0x00000279f9da0f20 Exception <a 'java/lang/NoSuchMethodError'{0x0000000710abccc0}: 'void java.lang.invoke.DirectMethodHandle$Holder.invokeStaticInit(java.lang.Object, java.lang.Object)'> (0x0000000710abccc0) 
thrown [s\src\hotspot\share\interpreter\linkResolver.cpp, line 804]
Event: 1.034 Thread 0x00000279f9da0f20 Exception <a 'java/lang/NoSuchMethodError'{0x0000000710b2fe98}: 'void java.lang.invoke.DirectMethodHandle$Holder.invokeSpecial(java.lang.Object, java.lang.Object, double)'> (0x0000000710b2fe98) 
thrown [s\src\hotspot\share\interpreter\linkResolver.cpp, line 804]
Event: 1.035 Thread 0x00000279f9da0f20 Exception <a 'java/lang/NoSuchMethodError'{0x0000000710b487f0}: 'double java.lang.invoke.DelegatingMethodHandle$Holder.reinvoke_L(java.lang.Object, java.lang.Object, int)'> (0x0000000710b487f0) 
thrown [s\src\hotspot\share\interpreter\linkResolver.cpp, line 804]
Event: 1.036 Thread 0x00000279f9da0f20 Exception <a 'java/lang/NoSuchMethodError'{0x0000000710b605b8}: 'java.lang.Object java.lang.invoke.DirectMethodHandle$Holder.invokeStatic(java.lang.Object, java.lang.Object, java.lang.Object, java.lang.Object, int)'> (0x0000000710b605b8) 
thrown [s\src\hotspot\share\interpreter\linkResolver.cpp, line 804]
Event: 1.037 Thread 0x00000279f9da0f20 Exception <a 'java/lang/NoSuchMethodError'{0x0000000710b79908}: 'void java.lang.invoke.DelegatingMethodHandle$Holder.reinvoke_L(java.lang.Object, java.lang.Object, double)'> (0x0000000710b79908) 
thrown [s\src\hotspot\share\interpreter\linkResolver.cpp, line 804]
Event: 1.088 Thread 0x00000279f9da0f20 Exception <a 'java/lang/NoSuchMethodError'{0x00000007134444f8}: 'void java.lang.invoke.DirectMethodHandle$Holder.invokeSpecial(java.lang.Object, java.lang.Object, int)'> (0x00000007134444f8) 
thrown [s\src\hotspot\share\interpreter\linkResolver.cpp, line 804]
Event: 1.089 Thread 0x00000279f9da0f20 Exception <a 'java/lang/NoSuchMethodError'{0x000000071345d698}: 'void java.lang.invoke.DelegatingMethodHandle$Holder.reinvoke_L(java.lang.Object, java.lang.Object, int)'> (0x000000071345d698) 
thrown [s\src\hotspot\share\interpreter\linkResolver.cpp, line 804]
Event: 1.105 Thread 0x00000279f9da0f20 Exception <a 'java/io/FileNotFoundException'{0x0000000713245270}> (0x0000000713245270) 
thrown [s\src\hotspot\share\prims\jni.cpp, line 516]
Event: 1.203 Thread 0x00000279f9da0f20 Exception <a 'sun/nio/fs/WindowsException'{0x0000000712a2e110}> (0x0000000712a2e110) 
thrown [s\src\hotspot\share\prims\jni.cpp, line 516]
Event: 1.214 Thread 0x00000279f9da0f20 Exception <a 'java/io/FileNotFoundException'{0x0000000712a80ef0}> (0x0000000712a80ef0) 
thrown [s\src\hotspot\share\prims\jni.cpp, line 516]
Event: 1.225 Thread 0x00000279f9da0f20 Exception <a 'java/lang/IncompatibleClassChangeError'{0x0000000712b6d9c8}: Found class java.lang.Object, but interface was expected> (0x0000000712b6d9c8) 
thrown [s\src\hotspot\share\interpreter\linkResolver.cpp, line 871]
Event: 1.273 Thread 0x00000279f9da0f20 Exception <a 'java/lang/NoSuchMethodError'{0x00000007127b9700}: 'java.lang.Object java.lang.invoke.DirectMethodHandle$Holder.newInvokeSpecial(java.lang.Object, java.lang.Object, int)'> (0x00000007127b9700) 
thrown [s\src\hotspot\share\interpreter\linkResolver.cpp, line 804]
Event: 1.279 Thread 0x00000279f9da0f20 Exception <a 'java/lang/NoSuchMethodError'{0x00000007124829a8}: 'long java.lang.invoke.DirectMethodHandle$Holder.invokeStaticInit(java.lang.Object, java.lang.Object, java.lang.Object)'> (0x00000007124829a8) 
thrown [s\src\hotspot\share\interpreter\linkResolver.cpp, line 804]
Event: 1.281 Thread 0x00000279f9da0f20 Exception <a 'java/lang/NoSuchMethodError'{0x00000007124cd4a8}: 'java.lang.Object java.lang.invoke.DirectMethodHandle$Holder.newInvokeSpecial(java.lang.Object, java.lang.Object, long)'> (0x00000007124cd4a8) 
thrown [s\src\hotspot\share\interpreter\linkResolver.cpp, line 804]
Event: 1.282 Thread 0x00000279f9da0f20 Exception <a 'java/lang/NoSuchMethodError'{0x00000007124d60f8}: 'java.lang.Object java.lang.invoke.Invokers$Holder.linkToTargetMethod(java.lang.Object, long, java.lang.Object)'> (0x00000007124d60f8) 
thrown [s\src\hotspot\share\interpreter\linkResolver.cpp, line 804]
Event: 1.295 Thread 0x00000279f9b38a70 Exception <a 'java/lang/NoSuchMethodError'{0x00000007125d5b48}: 'int java.lang.invoke.DirectMethodHandle$Holder.invokeStaticInit(java.lang.Object, java.lang.Object)'> (0x00000007125d5b48) 
thrown [s\src\hotspot\share\interpreter\linkResolver.cpp, line 804]
Event: 1.344 Thread 0x00000279f9b38a70 Exception <a 'java/lang/NoSuchMethodError'{0x0000000711e54d48}: 'java.lang.Object java.lang.invoke.DirectMethodHandle$Holder.invokeStaticInit(java.lang.Object, int)'> (0x0000000711e54d48) 
thrown [s\src\hotspot\share\interpreter\linkResolver.cpp, line 804]

VM Operations (20 events):
Event: 0.124 Executing non-safepoint VM operation: HandshakeAllThreads (Deoptimize)
Event: 0.124 Executing non-safepoint VM operation: HandshakeAllThreads (Deoptimize) done
Event: 0.147 Executing non-safepoint VM operation: HandshakeAllThreads (Deoptimize)
Event: 0.147 Executing non-safepoint VM operation: HandshakeAllThreads (Deoptimize) done
Event: 0.186 Executing non-safepoint VM operation: HandshakeAllThreads (Deoptimize)
Event: 0.186 Executing non-safepoint VM operation: HandshakeAllThreads (Deoptimize) done
Event: 0.572 Executing non-safepoint VM operation: HandshakeAllThreads (Deoptimize)
Event: 0.572 Executing non-safepoint VM operation: HandshakeAllThreads (Deoptimize) done
Event: 0.948 Executing non-safepoint VM operation: HandshakeAllThreads (Deoptimize)
Event: 0.948 Executing non-safepoint VM operation: HandshakeAllThreads (Deoptimize) done
Event: 0.957 Executing non-safepoint VM operation: HandshakeAllThreads (Deoptimize)
Event: 0.957 Executing non-safepoint VM operation: HandshakeAllThreads (Deoptimize) done
Event: 1.000 Executing non-safepoint VM operation: HandshakeAllThreads (Deoptimize)
Event: 1.000 Executing non-safepoint VM operation: HandshakeAllThreads (Deoptimize) done
Event: 1.070 Executing safepoint VM operation: G1CollectForAllocation (G1 Evacuation Pause)
Event: 1.074 Executing safepoint VM operation: G1CollectForAllocation (G1 Evacuation Pause) done
Event: 1.120 Executing non-safepoint VM operation: HandshakeAllThreads (Deoptimize)
Event: 1.120 Executing non-safepoint VM operation: HandshakeAllThreads (Deoptimize) done
Event: 1.270 Executing non-safepoint VM operation: HandshakeAllThreads (Deoptimize)
Event: 1.270 Executing non-safepoint VM operation: HandshakeAllThreads (Deoptimize) done

Memory protections (0 events):
No events

Nmethod flushes (0 events):
No events

Events (20 events):
Event: 0.561 Thread 0x00000279f4b6b040 Thread exited: 0x00000279f4b6b040
Event: 0.581 Thread 0x00000279d24671d0 Thread added: 0x00000279f9db5f80
Event: 0.585 Thread 0x00000279d24671d0 Thread added: 0x00000279f9da0f20
Event: 0.854 Thread 0x00000279d24671d0 Thread added: 0x00000279fa27c2a0
Event: 0.865 Thread 0x00000279f9ffc110 Thread added: 0x00000279f9ffc110
Event: 0.937 Thread 0x00000279f4b69000 Thread added: 0x00000279f9ea3bd0
Event: 1.068 Thread 0x00000279f9da0f20 Thread added: 0x00000279fa784290
Event: 1.319 Thread 0x00000279f9b38a70 Thread added: 0x00000279fa5f7b40
Event: 1.476 Thread 0x00000279f449b2b0 Thread added: 0x00000279f9ea9c90
Event: 2.392 Thread 0x00000279f9ea9c90 Thread exited: 0x00000279f9ea9c90
Event: 2.392 Thread 0x00000279f9ea3bd0 Thread exited: 0x00000279f9ea3bd0
Event: 2.559 Thread 0x00000279f4b69000 Thread added: 0x00000279f9ea9c90
Event: 2.682 Thread 0x00000279f4b6a830 Thread added: 0x00000279f9eaa4a0
Event: 2.687 Thread 0x00000279f449b2b0 Thread added: 0x00000279f9ea8460
Event: 3.058 Thread 0x00000279f9eaa4a0 Thread exited: 0x00000279f9eaa4a0
Event: 3.058 Thread 0x00000279f9ea8460 Thread exited: 0x00000279f9ea8460
Event: 3.131 Thread 0x00000279f9ea9c90 Thread exited: 0x00000279f9ea9c90
Event: 4.050 Thread 0x00000279f4b6d080 Thread exited: 0x00000279f4b6d080
Event: 4.704 Thread 0x00000279f4b69000 Thread exited: 0x00000279f4b69000
Event: 4.832 Thread 0x00000279f4b6a830 Thread exited: 0x00000279f4b6a830


Dynamic libraries:
0x00007ff713340000 - 0x00007ff71334e000 	C:\Program Files\Apache NetBeans\jdk\bin\java.exe
0x00007ffbeb6a0000 - 0x00007ffbeb907000 	C:\WINDOWS\SYSTEM32\ntdll.dll
0x00007ffbe9440000 - 0x00007ffbe9509000 	C:\WINDOWS\System32\KERNEL32.DLL
0x00007ffbe8ab0000 - 0x00007ffbe8e9f000 	C:\WINDOWS\System32\KERNELBASE.dll
0x00007ffbe87f0000 - 0x00007ffbe893b000 	C:\WINDOWS\System32\ucrtbase.dll
0x00007ffbe2de0000 - 0x00007ffbe2dfe000 	C:\Program Files\Apache NetBeans\jdk\bin\VCRUNTIME140.dll
0x00007ffbdf3d0000 - 0x00007ffbdf3e6000 	C:\Program Files\Apache NetBeans\jdk\bin\jli.dll
0x00007ffbe9730000 - 0x00007ffbe98f5000 	C:\WINDOWS\System32\USER32.dll
0x00007ffbcaf00000 - 0x00007ffbcb193000 	C:\WINDOWS\WinSxS\amd64_microsoft.windows.common-controls_6595b64144ccf1df_6.0.26100.7309_none_3e05feeae336a044\COMCTL32.dll
0x00007ffbe9150000 - 0x00007ffbe9177000 	C:\WINDOWS\System32\win32u.dll
0x00007ffbea7e0000 - 0x00007ffbea889000 	C:\WINDOWS\System32\msvcrt.dll
0x00007ffbeb480000 - 0x00007ffbeb4ab000 	C:\WINDOWS\System32\GDI32.dll
0x00007ffbe8f70000 - 0x00007ffbe909c000 	C:\WINDOWS\System32\gdi32full.dll
0x00007ffbe9210000 - 0x00007ffbe92b3000 	C:\WINDOWS\System32\msvcp_win.dll
0x00007ffbe9900000 - 0x00007ffbe9931000 	C:\WINDOWS\System32\IMM32.DLL
0x00007ffbe2dd0000 - 0x00007ffbe2ddc000 	C:\Program Files\Apache NetBeans\jdk\bin\vcruntime140_1.dll
0x00007ffbd01a0000 - 0x00007ffbd022d000 	C:\Program Files\Apache NetBeans\jdk\bin\msvcp140.dll
0x00007ffb4c2c0000 - 0x00007ffb4d1e6000 	C:\Program Files\Apache NetBeans\jdk\bin\server\jvm.dll
0x00007ffbe9ba0000 - 0x00007ffbe9c54000 	C:\WINDOWS\System32\ADVAPI32.dll
0x00007ffbea380000 - 0x00007ffbea426000 	C:\WINDOWS\System32\sechost.dll
0x00007ffbea160000 - 0x00007ffbea278000 	C:\WINDOWS\System32\RPCRT4.dll
0x00007ffbea5b0000 - 0x00007ffbea624000 	C:\WINDOWS\System32\WS2_32.dll
0x00007ffbe8220000 - 0x00007ffbe827e000 	C:\WINDOWS\SYSTEM32\POWRPROF.dll
0x00007ffbd73b0000 - 0x00007ffbd73bb000 	C:\WINDOWS\SYSTEM32\VERSION.dll
0x00007ffbd2d60000 - 0x00007ffbd2d95000 	C:\WINDOWS\SYSTEM32\WINMM.dll
0x00007ffbe81c0000 - 0x00007ffbe81d4000 	C:\WINDOWS\SYSTEM32\UMPDC.dll
0x00007ffbe7560000 - 0x00007ffbe757b000 	C:\WINDOWS\SYSTEM32\kernel.appcore.dll
0x00007ffbe10f0000 - 0x00007ffbe10fa000 	C:\Program Files\Apache NetBeans\jdk\bin\jimage.dll
0x00007ffbe5b90000 - 0x00007ffbe5dd2000 	C:\WINDOWS\SYSTEM32\DBGHELP.DLL
0x00007ffbe9c60000 - 0x00007ffbe9fe5000 	C:\WINDOWS\System32\combase.dll
0x00007ffbe9ff0000 - 0x00007ffbea0c6000 	C:\WINDOWS\System32\OLEAUT32.dll
0x00007ffbd1160000 - 0x00007ffbd119c000 	C:\WINDOWS\SYSTEM32\dbgcore.DLL
0x00007ffbe90a0000 - 0x00007ffbe9145000 	C:\WINDOWS\System32\bcryptPrimitives.dll
0x00007ffbe0ce0000 - 0x00007ffbe0cfe000 	C:\Program Files\Apache NetBeans\jdk\bin\java.dll
0x00007ffbea630000 - 0x00007ffbea7c7000 	C:\WINDOWS\System32\ole32.dll
0x00007ffbea890000 - 0x00007ffbeafe3000 	C:\WINDOWS\System32\SHELL32.dll
0x00007ffbe8940000 - 0x00007ffbe8aaa000 	C:\WINDOWS\System32\wintypes.dll
0x00007ffbe63d0000 - 0x00007ffbe6c2e000 	C:\WINDOWS\SYSTEM32\windows.storage.dll
0x00007ffbe9510000 - 0x00007ffbe9605000 	C:\WINDOWS\System32\SHCORE.dll
0x00007ffbeb4b0000 - 0x00007ffbeb516000 	C:\WINDOWS\System32\shlwapi.dll
0x00007ffbe8710000 - 0x00007ffbe8739000 	C:\WINDOWS\SYSTEM32\profapi.dll
0x00007ffbd0250000 - 0x00007ffbd0261000 	C:\Program Files\Apache NetBeans\jdk\bin\net.dll
0x00007ffbe7ab0000 - 0x00007ffbe7b1b000 	C:\WINDOWS\system32\mswsock.dll
0x00007ffbd0230000 - 0x00007ffbd0246000 	C:\Program Files\Apache NetBeans\jdk\bin\nio.dll
0x00007ffbd0d80000 - 0x00007ffbd0d97000 	C:\Program Files\Apache NetBeans\jdk\bin\zip.dll
0x00000279d2be0000 - 0x00000279d2be3000 	C:\Users\Rep JGL\.openjfx\cache\13\api-ms-win-core-console-l1-1-0.dll
0x00000279d2bf0000 - 0x00000279d2bf3000 	C:\Users\Rep JGL\.openjfx\cache\13\api-ms-win-core-datetime-l1-1-0.dll
0x00000279f4f40000 - 0x00000279f4f43000 	C:\Users\Rep JGL\.openjfx\cache\13\api-ms-win-core-debug-l1-1-0.dll
0x00000279f4f50000 - 0x00000279f4f53000 	C:\Users\Rep JGL\.openjfx\cache\13\api-ms-win-core-errorhandling-l1-1-0.dll
0x00000279f4f60000 - 0x00000279f4f64000 	C:\Users\Rep JGL\.openjfx\cache\13\api-ms-win-core-file-l1-1-0.dll
0x00000279f4f70000 - 0x00000279f4f73000 	C:\Users\Rep JGL\.openjfx\cache\13\api-ms-win-core-file-l1-2-0.dll
0x00000279f4f80000 - 0x00000279f4f83000 	C:\Users\Rep JGL\.openjfx\cache\13\api-ms-win-core-file-l2-1-0.dll
0x00000279f4f90000 - 0x00000279f4f93000 	C:\Users\Rep JGL\.openjfx\cache\13\api-ms-win-core-handle-l1-1-0.dll
0x00000279f4fa0000 - 0x00000279f4fa3000 	C:\Users\Rep JGL\.openjfx\cache\13\api-ms-win-core-heap-l1-1-0.dll
0x00000279f4fb0000 - 0x00000279f4fb3000 	C:\Users\Rep JGL\.openjfx\cache\13\api-ms-win-core-interlocked-l1-1-0.dll
0x00000279f4fc0000 - 0x00000279f4fc3000 	C:\Users\Rep JGL\.openjfx\cache\13\api-ms-win-core-libraryloader-l1-1-0.dll
0x00000279f4fd0000 - 0x00000279f4fd3000 	C:\Users\Rep JGL\.openjfx\cache\13\api-ms-win-core-localization-l1-2-0.dll
0x00000279f4fe0000 - 0x00000279f4fe3000 	C:\Users\Rep JGL\.openjfx\cache\13\api-ms-win-core-memory-l1-1-0.dll
0x00000279f4ff0000 - 0x00000279f4ff3000 	C:\Users\Rep JGL\.openjfx\cache\13\api-ms-win-core-namedpipe-l1-1-0.dll
0x00000279fa930000 - 0x00000279fa933000 	C:\Users\Rep JGL\.openjfx\cache\13\api-ms-win-core-processenvironment-l1-1-0.dll
0x00000279fa940000 - 0x00000279fa943000 	C:\Users\Rep JGL\.openjfx\cache\13\api-ms-win-core-processthreads-l1-1-0.dll
0x00000279fa950000 - 0x00000279fa953000 	C:\Users\Rep JGL\.openjfx\cache\13\api-ms-win-core-processthreads-l1-1-1.dll
0x00000279fa960000 - 0x00000279fa963000 	C:\Users\Rep JGL\.openjfx\cache\13\api-ms-win-core-profile-l1-1-0.dll
0x00000279fa970000 - 0x00000279fa973000 	C:\Users\Rep JGL\.openjfx\cache\13\api-ms-win-core-rtlsupport-l1-1-0.dll
0x00000279fa980000 - 0x00000279fa983000 	C:\Users\Rep JGL\.openjfx\cache\13\api-ms-win-core-string-l1-1-0.dll
0x00000279fa990000 - 0x00000279fa993000 	C:\Users\Rep JGL\.openjfx\cache\13\api-ms-win-core-synch-l1-1-0.dll
0x00000279fa9a0000 - 0x00000279fa9a3000 	C:\Users\Rep JGL\.openjfx\cache\13\api-ms-win-core-synch-l1-2-0.dll
0x00000279fa9b0000 - 0x00000279fa9b3000 	C:\Users\Rep JGL\.openjfx\cache\13\api-ms-win-core-sysinfo-l1-1-0.dll
0x00000279fa9c0000 - 0x00000279fa9c3000 	C:\Users\Rep JGL\.openjfx\cache\13\api-ms-win-core-timezone-l1-1-0.dll
0x00000279fa9d0000 - 0x00000279fa9d3000 	C:\Users\Rep JGL\.openjfx\cache\13\api-ms-win-core-util-l1-1-0.dll
0x00000279fa9e0000 - 0x00000279fa9e3000 	C:\Users\Rep JGL\.openjfx\cache\13\api-ms-win-crt-conio-l1-1-0.dll
0x00000279fa9f0000 - 0x00000279fa9f4000 	C:\Users\Rep JGL\.openjfx\cache\13\api-ms-win-crt-convert-l1-1-0.dll
0x00000279faa00000 - 0x00000279faa03000 	C:\Users\Rep JGL\.openjfx\cache\13\api-ms-win-crt-environment-l1-1-0.dll
0x00000279faa10000 - 0x00000279faa13000 	C:\Users\Rep JGL\.openjfx\cache\13\api-ms-win-crt-filesystem-l1-1-0.dll
0x00000279faa20000 - 0x00000279faa23000 	C:\Users\Rep JGL\.openjfx\cache\13\api-ms-win-crt-heap-l1-1-0.dll
0x00000279faa30000 - 0x00000279faa33000 	C:\Users\Rep JGL\.openjfx\cache\13\api-ms-win-crt-locale-l1-1-0.dll
0x00000279faa40000 - 0x00000279faa45000 	C:\Users\Rep JGL\.openjfx\cache\13\api-ms-win-crt-math-l1-1-0.dll
0x00000279faa50000 - 0x00000279faa55000 	C:\Users\Rep JGL\.openjfx\cache\13\api-ms-win-crt-multibyte-l1-1-0.dll
0x00000279faa60000 - 0x00000279faa70000 	C:\Users\Rep JGL\.openjfx\cache\13\api-ms-win-crt-private-l1-1-0.dll
0x00000279faa70000 - 0x00000279faa73000 	C:\Users\Rep JGL\.openjfx\cache\13\api-ms-win-crt-process-l1-1-0.dll
0x00000279faa80000 - 0x00000279faa84000 	C:\Users\Rep JGL\.openjfx\cache\13\api-ms-win-crt-runtime-l1-1-0.dll
0x00000279faa90000 - 0x00000279faa94000 	C:\Users\Rep JGL\.openjfx\cache\13\api-ms-win-crt-stdio-l1-1-0.dll
0x00000279faaa0000 - 0x00000279faaa4000 	C:\Users\Rep JGL\.openjfx\cache\13\api-ms-win-crt-string-l1-1-0.dll
0x00000279faab0000 - 0x00000279faab3000 	C:\Users\Rep JGL\.openjfx\cache\13\api-ms-win-crt-time-l1-1-0.dll
0x00000279faac0000 - 0x00000279faac3000 	C:\Users\Rep JGL\.openjfx\cache\13\api-ms-win-crt-utility-l1-1-0.dll
0x00007ffb60130000 - 0x00007ffb6022c000 	C:\Users\Rep JGL\.openjfx\cache\13\ucrtbase.dll
0x00007ffbcea90000 - 0x00007ffbceaa5000 	C:\Users\Rep JGL\.openjfx\cache\13\vcruntime140.dll
0x00007ffb60090000 - 0x00007ffb6012b000 	C:\Users\Rep JGL\.openjfx\cache\13\msvcp140.dll
0x00007ffbce940000 - 0x00007ffbce991000 	C:\Users\Rep JGL\.openjfx\cache\13\concrt140.dll
0x00007ffbce910000 - 0x00007ffbce933000 	C:\Users\Rep JGL\.openjfx\cache\13\prism_d3d.dll
0x00007ffba8bc0000 - 0x00007ffba8d73000 	C:\WINDOWS\system32\d3d9.dll
0x00007ffbe5870000 - 0x00007ffbe58a0000 	C:\WINDOWS\SYSTEM32\dwmapi.dll
0x00007ffbe56c0000 - 0x00007ffbe5704000 	C:\WINDOWS\SYSTEM32\dxcore.dll
0x00007ffbe55e0000 - 0x00007ffbe568b000 	C:\WINDOWS\system32\uxtheme.dll
0x00007ffbe8480000 - 0x00007ffbe84d7000 	C:\WINDOWS\SYSTEM32\cfgmgr32.dll
0x00007ffbe2d60000 - 0x00007ffbe2dc3000 	C:\WINDOWS\SYSTEM32\directxdatabasehelper.dll
0x00007ffbe7f00000 - 0x00007ffbe7f13000 	C:\WINDOWS\SYSTEM32\msasn1.dll
0x00007ffbd72f0000 - 0x00007ffbd732b000 	C:\WINDOWS\SYSTEM32\cryptnet.dll
0x00007ffbe92c0000 - 0x00007ffbe9437000 	C:\WINDOWS\System32\CRYPT32.dll
0x00007ffbe7d00000 - 0x00007ffbe7d0c000 	C:\WINDOWS\SYSTEM32\cryptbase.dll
0x00007ffbe9180000 - 0x00007ffbe9200000 	C:\WINDOWS\System32\wintrust.dll
0x00007ffbeb630000 - 0x00007ffbeb650000 	C:\WINDOWS\System32\imagehlp.dll
0x00007ffbe7ea0000 - 0x00007ffbe7ebb000 	C:\WINDOWS\SYSTEM32\CRYPTSP.dll
0x00007ffbe74c0000 - 0x00007ffbe74fa000 	C:\WINDOWS\system32\rsaenh.dll
0x00007ffbe86e0000 - 0x00007ffbe870a000 	C:\WINDOWS\SYSTEM32\bcrypt.dll
0x00007ffb99140000 - 0x00007ffb99185000 	C:\Users\Rep JGL\.openjfx\cache\13\glass.dll
0x00007ffbea280000 - 0x00007ffbea370000 	C:\WINDOWS\System32\COMDLG32.dll
0x00007ffbea440000 - 0x00007ffbea59e000 	C:\WINDOWS\System32\MSCTF.dll
0x00007ffbb8de0000 - 0x00007ffbb8ea4000 	C:\WINDOWS\System32\DriverStore\FileRepository\nvlti.inf_amd64_923ecf596c1d55f9\nvldumdx.dll
0x00007ffbe7da0000 - 0x00007ffbe7e05000 	C:\WINDOWS\SYSTEM32\wldp.dll
0x00007ffbd7170000 - 0x00007ffbd72eb000 	C:\WINDOWS\SYSTEM32\drvstore.dll
0x00007ffbe8450000 - 0x00007ffbe847d000 	C:\WINDOWS\SYSTEM32\devobj.dll
0x00007ffba2310000 - 0x00007ffba60a4000 	C:\WINDOWS\System32\DriverStore\FileRepository\nvlti.inf_amd64_923ecf596c1d55f9\nvgpucomp64.dll
0x00007ffbb6f00000 - 0x00007ffbb6fde000 	C:\WINDOWS\System32\DriverStore\FileRepository\nvlti.inf_amd64_923ecf596c1d55f9\NvMemMapStoragex.dll
0x00007ffb276c0000 - 0x00007ffb2a1c5000 	C:\WINDOWS\System32\DriverStore\FileRepository\nvlti.inf_amd64_923ecf596c1d55f9\nvd3dumx.dll
0x00007ffbb41f0000 - 0x00007ffbb4337000 	C:\WINDOWS\system32\nvspcap64.dll
0x00007ffbe7680000 - 0x00007ffbe76b6000 	C:\WINDOWS\SYSTEM32\ntmarta.dll
0x00007ffbe7b20000 - 0x00007ffbe7b52000 	C:\WINDOWS\SYSTEM32\gpapi.dll
0x00007ffb87080000 - 0x00007ffb87237000 	C:\WINDOWS\System32\DriverStore\FileRepository\nvlti.inf_amd64_923ecf596c1d55f9\nvppex.dll
0x00007ffb5fee0000 - 0x00007ffb6008c000 	C:\WINDOWS\System32\DriverStore\FileRepository\iigd_dch.inf_amd64_188be4c1587f7330\igdumdim64.dll
0x00007ffb11360000 - 0x00007ffb15bbb000 	C:\WINDOWS\System32\DriverStore\FileRepository\iigd_dch.inf_amd64_188be4c1587f7330\igd9dxva64.dll
0x00007ffbeaff0000 - 0x00007ffbeb47a000 	C:\WINDOWS\System32\SETUPAPI.dll
0x00007ffbdbbe0000 - 0x00007ffbdbfea000 	C:\WINDOWS\System32\DriverStore\FileRepository\iigd_dch.inf_amd64_188be4c1587f7330\igdgmm64.dll
0x00007ffbbf490000 - 0x00007ffbbf4b7000 	C:\WINDOWS\System32\DriverStore\FileRepository\iigd_dch.inf_amd64_188be4c1587f7330\igdinfo64.dll
0x00007ffbd73c0000 - 0x00007ffbdba30000 	C:\WINDOWS\System32\DriverStore\FileRepository\iigd_dch.inf_amd64_188be4c1587f7330\igc64.dll
0x00007ffbb5200000 - 0x00007ffbb5214000 	C:\Users\Rep JGL\.openjfx\cache\13\javafx_font.dll
0x00007ffbe3f70000 - 0x00007ffbe41d7000 	C:\WINDOWS\SYSTEM32\dwrite.dll
0x00007ffbe9670000 - 0x00007ffbe9720000 	C:\WINDOWS\System32\clbcatq.dll

JVMTI agents: none

dbghelp: loaded successfully - version: 4.0.5 - missing functions: none
symbol engine: initialized successfully - sym options: 0x614 - pdb path: .;C:\Program Files\Apache NetBeans\jdk\bin;C:\WINDOWS\SYSTEM32;C:\WINDOWS\WinSxS\amd64_microsoft.windows.common-controls_6595b64144ccf1df_6.0.26100.7309_none_3e05feeae336a044;C:\Program Files\Apache NetBeans\jdk\bin\server;C:\Users\Rep JGL\.openjfx\cache\13;C:\WINDOWS\System32\DriverStore\FileRepository\nvlti.inf_amd64_923ecf596c1d55f9;C:\WINDOWS\System32\DriverStore\FileRepository\iigd_dch.inf_amd64_188be4c1587f7330;C:\Program Files\Common Files\Microsoft Shared\Ink

VM Arguments:
jvm_args: --module-path=D:\projects\ITI\java\java project\final XO\target\classes;C:\Users\Rep JGL\.m2\repository\com\google\code\gson\gson\2.10.1\gson-2.10.1.jar;C:\Users\Rep JGL\.m2\repository\jakarta\json\jakarta.json-api\2.0.1\jakarta.json-api-2.0.1.jar;C:\Users\Rep JGL\.m2\repository\org\json\json\20240303\json-20240303.jar;C:\Users\Rep JGL\.m2\repository\org\openjfx\javafx-base\13\javafx-base-13-win.jar;C:\Users\Rep JGL\.m2\repository\org\openjfx\javafx-controls\13\javafx-controls-13-win.jar;C:\Users\Rep JGL\.m2\repository\org\openjfx\javafx-fxml\13\javafx-fxml-13-win.jar;C:\Users\Rep JGL\.m2\repository\org\openjfx\javafx-graphics\13\javafx-graphics-13-win.jar;C:\Users\Rep JGL\.m2\repository\org\openjfx\javafx-media\13\javafx-media-13-win.jar --add-modules=com.mycompany.client_xo_game -Djdk.module.main=com.mycompany.client_xo_game 
java_command: com.mycompany.client_xo_game/com.mycompany.client_xo_game.App
java_class_path (initial): D:\projects\ITI\java\java project\final XO\target\classes;C:\Users\Rep JGL\.m2\repository\org\eclipse\parsson\parsson\1.0.0\parsson-1.0.0.jar;C:\Users\Rep JGL\.m2\repository\org\openjfx\javafx-base\13\javafx-base-13.jar;C:\Users\Rep JGL\.m2\repository\org\openjfx\javafx-controls\13\javafx-controls-13.jar;C:\Users\Rep JGL\.m2\repository\org\openjfx\javafx-fxml\13\javafx-fxml-13.jar;C:\Users\Rep JGL\.m2\repository\org\openjfx\javafx-graphics\13\javafx-graphics-13.jar;C:\Users\Rep JGL\.m2\repository\org\openjfx\javafx-media\13\javafx-media-13.jar
Launcher Type: SUN_STANDARD

[Global flags]
     intx CICompilerCount                          = 12                                        {product} {ergonomic}
     uint ConcGCThreads                            = 3                                         {product} {ergonomic}
     uint G1ConcRefinementThreads                  = 13                                        {product} {ergonomic}
   size_t G1HeapRegionSize                         = 2097152                                   {product} {ergonomic}
   size_t InitialHeapSize                          = 266338304                                 {product} {ergonomic}
   size_t MarkStackSize                            = 4194304                                   {product} {ergonomic}
   size_t MarkStackSizeMax                         = 536870912                                 {product} {ergonomic}
   size_t MaxHeapSize                              = 4234149888                                {product} {ergonomic}
   size_t MaxNewSize                               = 2539651072                                {product} {ergonomic}
   size_t MinHeapDeltaBytes                        = 2097152                                   {product} {ergonomic}
   size_t MinHeapSize                              = 8388608                                   {product} {ergonomic}
    uintx NonNMethodCodeHeapSize                   = 7602176                                {pd product} {ergonomic}
    uintx NonProfiledCodeHeapSize                  = 122093568                              {pd product} {ergonomic}
    uintx ProfiledCodeHeapSize                     = 121962496                              {pd product} {ergonomic}
    uintx ReservedCodeCacheSize                    = 251658240                              {pd product} {ergonomic}
     bool SegmentedCodeCache                       = true                                      {product} {ergonomic}
   size_t SoftMaxHeapSize                          = 4234149888                             {manageable} {ergonomic}
     bool UseCompressedOops                        = true                           {product lp64_product} {ergonomic}
     bool UseG1GC                                  = true                                      {product} {ergonomic}
     bool UseLargePagesIndividualAllocation        = false                                  {pd product} {ergonomic}

Logging:
Log output configuration:
 #0: stdout all=warning uptime,level,tags foldmultilines=false
 #1: stderr all=off uptime,level,tags foldmultilines=false

Release file:
IMPLEMENTOR="Eclipse Adoptium" 
IMPLEMENTOR_VERSION="Temurin-25.0.1+8" 
JAVA_RUNTIME_VERSION="25.0.1+8-LTS" 
JAVA_VERSION="25.0.1" 
JAVA_VERSION_DATE="2025-10-21" 
LIBC="default" 
MODULES="java.base java.compiler java.datatransfer java.xml java.prefs java.desktop java.instrument java.logging java.management java.security.sasl java.naming java.rmi java.management.rmi java.net.http java.scripting java.security.jgss java.transaction.xa java.sql java.sql.rowset java.xml.crypto java.se java.smartcardio jdk.accessibility jdk.internal.jvmstat jdk.attach jdk.charsets jdk.internal.opt jdk.zipfs jdk.compiler jdk.crypto.cryptoki jdk.crypto.ec jdk.crypto.mscapi jdk.dynalink jdk.internal.ed jdk.editpad jdk.internal.vm.ci jdk.graal.compiler jdk.graal.compiler.management jdk.hotspot.agent jdk.httpserver jdk.incubator.vector jdk.internal.le jdk.internal.md jdk.jartool jdk.javadoc jdk.jcmd jdk.management jdk.management.agent jdk.jconsole jdk.jdeps jdk.jdwp.agent jdk.jdi jdk.jfr jdk.jlink jdk.jpackage jdk.jshell jdk.jsobject jdk.jstatd jdk.localedata jdk.management.jfr jdk.naming.dns jdk.naming.rmi jdk.net jdk.nio.mapmode jdk.sctp jdk.security.auth jdk.security.jgss jdk.unsupported jdk.unsupported.desktop jdk.xml.dom" 
OS_ARCH="x86_64" 
OS_NAME="Windows" 
SOURCE=".:git:61d6a2c1b35e" 
BUILD_SOURCE="git:839fa0b45d809157cffd3dc8515aad262a4a1776"
BUILD_SOURCE_REPO="https://github.com/adoptium/temurin-build.git"
SOURCE_REPO="https://github.com/adoptium/jdk25u.git"
FULL_VERSION="25.0.1+8-LTS"
SEMANTIC_VERSION="25.0.1+8"
BUILD_INFO="OS: Windows Server 2022 Version: 10.0"
JVM_VARIANT="Hotspot"
JVM_VERSION="25.0.1+8-LTS"
IMAGE_TYPE="JDK"

Environment Variables:
JAVA_HOME=C:\Program Files\Apache NetBeans\jdk
PATH=C:\Program Files\Eclipse Adoptium\jdk-21.0.5.11-hotspot\bin;C:\Program Files\Python311\Scripts\;C:\Program Files\Python311\;C:\Program Files (x86)\Common Files\Oracle\Java\javapath;C:\Windows\system32;C:\Windows;C:\Windows\System32\Wbem;C:\Windows\System32\WindowsPowerShell\v1.0\;C:\Windows\System32\OpenSSH\;C:\Program Files (x86)\NVIDIA Corporation\PhysX\Common;C:\Program Files\dotnet\;D:\programs\bin;C:\Program Files (x86)\dotnet\;C:\WINDOWS\system32;C:\WINDOWS;C:\WINDOWS\System32\Wbem;C:\WINDOWS\System32\WindowsPowerShell\v1.0\;C:\WINDOWS\System32\OpenSSH\;C:\Users\Rep JGL\AppData\Roaming\Python\Python310\Scripts;C:\src\flutter\bin;C:\Program Files\NVIDIA Corporation\NVIDIA app\NvDLISR;D:\programs\;C:\Program Files\Cloudflare\Cloudflare WARP\;C:\Tools;C:\Program Files\CMake\bin;C:\tools\Ninja;C:\ffmpeg\ffmpeg-2025-06-02-git-688f3944ce-essentials_build\bin;C:\src\flutter new\bin;D:\programs\Git\cmd;C:\Program Files\Java\jdk1.8.0_112\bin;C:\Users\Rep JGL\AppData\Local\Microsoft\WindowsApps;C:\Program Files\CodeBlocks\MinGW\bin;D:\programs\CodeBlocks\MinGW\bin;D:\programs\Microsoft VS Code\bin;C:\src\flutter;C:\Users\Rep JGL\.dotnet\tools;C:\Users\Rep JGL\AppData\Local\GitHubDesktop\bin;C:\Users\Rep JGL\AppData\Roaming\npm;C:\tools\Ninja;C:\src\flutter new;C:\msys64\ucrt64\bin;C:\msys64\mingw64\bin;D:\programs\IntelliJ IDEA 2025.3.1\bin
USERNAME=Rep JGL
OS=Windows_NT
PROCESSOR_IDENTIFIER=Intel64 Family 6 Model 141 Stepping 1, GenuineIntel
TMP=C:\Users\REPJGL~1\AppData\Local\Temp
TEMP=C:\Users\REPJGL~1\AppData\Local\Temp




Compilation memory statistics disabled.

Periodic native trim disabled

---------------  S Y S T E M  ---------------

OS:
 Windows 11 , 64 bit Build 26100 (10.0.26100.7309)
OS uptime: 14 days 23:46 hours
Hyper-V role detected

CPU: total 16 (initial active 16) (8 cores per cpu, 2 threads per core) family 6 model 141 stepping 1 microcode 0x50, cx8, cmov, fxsr, ht, mmx, 3dnowpref, sse, sse2, sse3, ssse3, sse4.1, sse4.2, popcnt, lzcnt, tsc, tscinvbit, avx, avx2, aes, erms, clmul, bmi1, bmi2, adx, avx512f, avx512dq, avx512cd, avx512bw, avx512vl, sha, fma, vzeroupper, avx512_vpopcntdq, avx512_vpclmulqdq, avx512_vaes, avx512_vnni, clflush, clflushopt, clwb, avx512_vbmi2, avx512_vbmi, hv, rdtscp, rdpid, fsrm, gfni, avx512_bitalg, f16c, cet_ibt, cet_ss, avx512_ifma
Processor Information for the first 16 processors :
  Max Mhz: 2304, Current Mhz: 2304, Mhz Limit: 2304

Memory: 4k page, system-wide physical 16151M (2614M free)
TotalPageFile size 24077M (AvailPageFile size 5M)
current process WorkingSet (physical memory assigned to process): 191M, peak: 206M
current process commit charge ("private bytes"): 537M, peak: 559M

vm_info: OpenJDK 64-Bit Server VM (25.0.1+8-LTS) for windows-amd64 JRE (25.0.1+8-LTS), built on 2025-10-21T00:00:00Z with unknown MS VC++:1942

END.
