#
# There is insufficient memory for the Java Runtime Environment to continue.
# Native memory allocation (malloc) failed to allocate 1860376 bytes. Error detail: Chunk::new
# Possible reasons:
#   The system is out of physical RAM or swap space
#   This process is running with CompressedOops enabled, and the Java Heap may be blocking the growth of the native heap
# Possible solutions:
#   Reduce memory load on the system
#   Increase physical memory or swap space
#   Check if swap backing store is full
#   Decrease Java heap size (-Xmx/-Xms)
#   Decrease number of Java threads
#   Decrease Java thread stack sizes (-Xss)
#   Set larger code cache with -XX:ReservedCodeCacheSize=
#   JVM is running with Zero Based Compressed Oops mode in which the Java heap is
#     placed in the first 32GB address space. The Java Heap base address is the
#     maximum limit for the native heap growth. Please use -XX:HeapBaseMinAddress
#     to set the Java Heap base and to place the Java Heap above 32GB virtual address.
# This output file may be truncated or incomplete.
#
#  Out of Memory Error (arena.cpp:186), pid=17180, tid=14024
#
# JRE version: OpenJDK Runtime Environment Temurin-25.0.1+8 (25.0.1+8) (build 25.0.1+8-LTS)
# Java VM: OpenJDK 64-Bit Server VM Temurin-25.0.1+8 (25.0.1+8-LTS, mixed mode, sharing, tiered, compressed oops, compressed class ptrs, g1 gc, windows-amd64)
# No core dump will be written. Minidumps are not enabled by default on client versions of Windows
#

---------------  S U M M A R Y ------------

Command Line: --module-path=D:\projects\ITI\java\java project\final XO\target\classes;C:\Users\Rep JGL\.m2\repository\com\google\code\gson\gson\2.10.1\gson-2.10.1.jar;C:\Users\Rep JGL\.m2\repository\jakarta\json\jakarta.json-api\2.0.1\jakarta.json-api-2.0.1.jar;C:\Users\Rep JGL\.m2\repository\org\json\json\20240303\json-20240303.jar;C:\Users\Rep JGL\.m2\repository\org\openjfx\javafx-base\13\javafx-base-13-win.jar;C:\Users\Rep JGL\.m2\repository\org\openjfx\javafx-controls\13\javafx-controls-13-win.jar;C:\Users\Rep JGL\.m2\repository\org\openjfx\javafx-fxml\13\javafx-fxml-13-win.jar;C:\Users\Rep JGL\.m2\repository\org\openjfx\javafx-graphics\13\javafx-graphics-13-win.jar;C:\Users\Rep JGL\.m2\repository\org\openjfx\javafx-media\13\javafx-media-13-win.jar --add-modules=com.mycompany.client_xo_game -Djdk.module.main=com.mycompany.client_xo_game com.mycompany.client_xo_game/com.mycompany.client_xo_game.App

Host: 11th Gen Intel(R) Core(TM) i7-11800H @ 2.30GHz, 16 cores, 15G,  Windows 11 , 64 bit Build 26100 (10.0.26100.7309)
Time: Fri Jan  9 15:38:53 2026 Egypt Standard Time elapsed time: 6.744213 seconds (0d 0h 0m 6s)

---------------  T H R E A D  ---------------

Current thread (0x000001dc454391a0):  JavaThread "C2 CompilerThread0" daemon [_thread_in_native, id=14024, stack(0x000000925cf00000,0x000000925d000000) (1024K)]


Current CompileTask:
C2:6744 4007       4       javafx.scene.CssStyleHelper::getStyle (162 bytes)

Stack: [0x000000925cf00000,0x000000925d000000]
Native frames: (J=compiled Java code, j=interpreted, Vv=VM code, C=native code)
V  [jvm.dll+0x7a8379]  (no source info available)
V  [jvm.dll+0x7729fd]  (no source info available)
V  [jvm.dll+0x9f57b3]  (no source info available)
V  [jvm.dll+0x9f7da1]  (no source info available)
V  [jvm.dll+0x9f84a3]  (no source info available)
V  [jvm.dll+0x2fcd26]  (no source info available)
V  [jvm.dll+0x111086]  (no source info available)
V  [jvm.dll+0x1113ae]  (no source info available)
V  [jvm.dll+0x1a01a2]  (no source info available)
V  [jvm.dll+0x3b5e72]  (no source info available)
V  [jvm.dll+0x7adcec]  (no source info available)
V  [jvm.dll+0x2c0327]  (no source info available)
V  [jvm.dll+0x2bf2ef]  (no source info available)
V  [jvm.dll+0x237300]  (no source info available)
V  [jvm.dll+0x2cf386]  (no source info available)
V  [jvm.dll+0x2cd60a]  (no source info available)
V  [jvm.dll+0x48f64e]  (no source info available)
V  [jvm.dll+0x99630d]  (no source info available)
V  [jvm.dll+0x7a6955]  (no source info available)
C  [ucrtbase.dll+0x37b0]  (no source info available)
C  [KERNEL32.DLL+0x2e8d7]  (no source info available)
C  [ntdll.dll+0x8c53c]  (no source info available)

Lock stack of current Java thread (top to bottom):


---------------  P R O C E S S  ---------------

Threads class SMR info:
_java_thread_list=0x000001dc5326a4e0, length=20, elements={
0x000001dc232d6350, 0x000001dc453fedc0, 0x000001dc453ff6d0, 0x000001dc45403a00,
0x000001dc45407700, 0x000001dc4540ee20, 0x000001dc45431fc0, 0x000001dc454391a0,
0x000001dc4543aa20, 0x000001dc4543b230, 0x000001dc459e0ca0, 0x000001dc4a3294e0,
0x000001dc4a98a9b0, 0x000001dc4a9d9440, 0x000001dc4a9da010, 0x000001dc4b0b1850,
0x000001dc4b143b90, 0x000001dc4b292810, 0x000001dc4b47fe30, 0x000001dc4a9f8270
}

Java Threads: ( => current thread )
  0x000001dc232d6350 JavaThread "main"                              [_thread_blocked, id=13940, stack(0x000000925c100000,0x000000925c200000) (1024K)]
  0x000001dc453fedc0 JavaThread "Reference Handler"          daemon [_thread_blocked, id=13152, stack(0x000000925c900000,0x000000925ca00000) (1024K)]
  0x000001dc453ff6d0 JavaThread "Finalizer"                  daemon [_thread_blocked, id=31616, stack(0x000000925ca00000,0x000000925cb00000) (1024K)]
  0x000001dc45403a00 JavaThread "Signal Dispatcher"          daemon [_thread_blocked, id=22692, stack(0x000000925cb00000,0x000000925cc00000) (1024K)]
  0x000001dc45407700 JavaThread "Attach Listener"            daemon [_thread_blocked, id=21548, stack(0x000000925cc00000,0x000000925cd00000) (1024K)]
  0x000001dc4540ee20 JavaThread "Service Thread"             daemon [_thread_blocked, id=8756, stack(0x000000925cd00000,0x000000925ce00000) (1024K)]
  0x000001dc45431fc0 JavaThread "Monitor Deflation Thread"   daemon [_thread_blocked, id=25836, stack(0x000000925ce00000,0x000000925cf00000) (1024K)]
=>0x000001dc454391a0 JavaThread "C2 CompilerThread0"         daemon [_thread_in_native, id=14024, stack(0x000000925cf00000,0x000000925d000000) (1024K)]
  0x000001dc4543aa20 JavaThread "C1 CompilerThread0"         daemon [_thread_blocked, id=12916, stack(0x000000925d000000,0x000000925d100000) (1024K)]
  0x000001dc4543b230 JavaThread "C1 CompilerThread1"         daemon [_thread_blocked, id=7904, stack(0x000000925d100000,0x000000925d200000) (1024K)]
  0x000001dc459e0ca0 JavaThread "Common-Cleaner"             daemon [_thread_blocked, id=29244, stack(0x000000925d200000,0x000000925d300000) (1024K)]
  0x000001dc4a3294e0 JavaThread "Notification Thread"        daemon [_thread_blocked, id=15316, stack(0x000000925d800000,0x000000925d900000) (1024K)]
  0x000001dc4a98a9b0 JavaThread "QuantumRenderer-0"          daemon [_thread_in_native, id=18568, stack(0x000000925d700000,0x000000925d800000) (1024K)]
  0x000001dc4a9d9440 JavaThread "InvokeLaterDispatcher"      daemon [_thread_blocked, id=28996, stack(0x000000925da00000,0x000000925db00000) (1024K)]
  0x000001dc4a9da010 JavaThread "JavaFX Application Thread"         [_thread_blocked, id=26248, stack(0x000000925db00000,0x000000925dc00000) (1024K)]
  0x000001dc4b0b1850 JavaThread "JavaFX-Launcher"                   [_thread_blocked, id=16232, stack(0x000000925de00000,0x000000925df00000) (1024K)]
  0x000001dc4b143b90 JavaThread "Thread-2"                   daemon [_thread_in_native, id=12432, stack(0x000000925d600000,0x000000925d700000) (1024K)]
  0x000001dc4b292810 JavaThread "Prism Font Disposer"        daemon [_thread_blocked, id=15152, stack(0x000000925e400000,0x000000925e500000) (1024K)]
  0x000001dc4b47fe30 JavaThread "Cleaner-0"                  daemon [_thread_blocked, id=24296, stack(0x000000925e800000,0x000000925e900000) (1024K)]
  0x000001dc4a9f8270 JavaThread "C2 CompilerThread1"         daemon [_thread_in_native, id=9932, stack(0x000000925d300000,0x000000925d400000) (1024K)]
Total: 20

Other Threads:
  0x000001dc453edb60 VMThread "VM Thread"                           [id=25492, stack(0x000000925c800000,0x000000925c900000) (1024K)]
  0x000001dc453e1b00 WatcherThread "VM Periodic Task Thread"        [id=30096, stack(0x000000925c700000,0x000000925c800000) (1024K)]
  0x000001dc256c9d20 WorkerThread "GC Thread#0"                     [id=29820, stack(0x000000925c200000,0x000000925c300000) (1024K)]
  0x000001dc4b384a10 WorkerThread "GC Thread#1"                     [id=9368, stack(0x000000925df00000,0x000000925e000000) (1024K)]
  0x000001dc4b3d69d0 WorkerThread "GC Thread#2"                     [id=12408, stack(0x000000925e000000,0x000000925e100000) (1024K)]
  0x000001dc4b3517f0 WorkerThread "GC Thread#3"                     [id=5164, stack(0x000000925e100000,0x000000925e200000) (1024K)]
  0x000001dc4b352930 WorkerThread "GC Thread#4"                     [id=7252, stack(0x000000925e200000,0x000000925e300000) (1024K)]
  0x000001dc4b353a70 WorkerThread "GC Thread#5"                     [id=22476, stack(0x000000925e300000,0x000000925e400000) (1024K)]
  0x000001dc256e3760 ConcurrentGCThread "G1 Main Marker"            [id=28660, stack(0x000000925c300000,0x000000925c400000) (1024K)]
  0x000001dc256e4300 WorkerThread "G1 Conc#0"                       [id=19544, stack(0x000000925c400000,0x000000925c500000) (1024K)]
  0x000001dc452a6cd0 ConcurrentGCThread "G1 Refine#0"               [id=29052, stack(0x000000925c500000,0x000000925c600000) (1024K)]
  0x000001dc452a78e0 ConcurrentGCThread "G1 Service"                [id=23540, stack(0x000000925c600000,0x000000925c700000) (1024K)]
Total: 12

Threads with active compile tasks:
C2 CompilerThread0  8895 4007       4       javafx.scene.CssStyleHelper::getStyle (162 bytes)
C2 CompilerThread1  8895 4055       4       com.sun.prism.impl.shape.DMarlinPrismUtils::feedConsumer (874 bytes)
Total: 2

VM state: not at safepoint (normal execution)

VM Mutex/Monitor currently owned by a thread: None

Heap address: 0x0000000703a00000, size: 4038 MB, Compressed Oops mode: Zero based, Oop shift amount: 3

CDS archive(s) mapped at: [0x0000000089000000-0x0000000089dd0000-0x0000000089dd0000), size 14483456, SharedBaseAddress: 0x0000000089000000, ArchiveRelocationMode: 1.
Compressed class space mapped at: 0x000000008a000000-0x00000000ca000000, reserved size: 1073741824
UseCompressedClassPointers 1, UseCompactObjectHeaders 0
Narrow klass pointer bits 32, Max shift 3
Narrow klass base: 0x0000000089000000, Narrow klass shift: 0
Encoding Range: [0x0000000089000000 - 0x0000000189000000), (4294967296 bytes)
Klass Range:    [0x0000000089010000 - 0x00000000ca000000), (1090453504 bytes)
Klass ID Range:  [65536 - 1090519033) (1090453497)
Protection zone: [0x0000000089000000 - 0x0000000089010000), (65536 bytes)

GC Precious Log:
 CardTable entry size: 512
 Card Set container configuration: InlinePtr #cards 4 size 8 Array Of Cards #cards 16 size 48 Howl #buckets 8 coarsen threshold 3686 Howl Bitmap #cards 512 size 80 coarsen threshold 460 Card regions per heap region 1 cards per card region 4096
 CPUs: 16 total, 16 available
 Memory: 16151M
 Large Page Support: Disabled
 NUMA Support: Disabled
 Compressed Oops: Enabled (Zero based)
 Heap Region Size: 2M
 Heap Min Capacity: 8M
 Heap Initial Capacity: 254M
 Heap Max Capacity: 4038M
 Pre-touch: Disabled
 Parallel Workers: 13
 Concurrent Workers: 3
 Concurrent Refinement Workers: 13
 Periodic GC: Disabled

Heap:
 garbage-first heap   total reserved 4134912K, committed 262144K, used 49731K [0x0000000703a00000, 0x0000000800000000)
  region size 2048K, 24 young (49152K), 3 survivors (6144K)

Heap Regions: E=young(eden), S=young(survivor), O=old, HS=humongous(starts), HC=humongous(continues), CS=collection set, F=free, TAMS=top-at-mark-start, PB=parsable bottom
|   0|0x0000000703a00000, 0x0000000703c00000, 0x0000000703c00000|100%|HS|  |TAMS 0x0000000703a00000| PB 0x0000000703a00000| Complete |  0
|   1|0x0000000703c00000, 0x0000000703c00000, 0x0000000703e00000|  0%| F|  |TAMS 0x0000000703c00000| PB 0x0000000703c00000| Untracked |  0
|   2|0x0000000703e00000, 0x0000000703e00000, 0x0000000704000000|  0%| F|  |TAMS 0x0000000703e00000| PB 0x0000000703e00000| Untracked |  0
|   3|0x0000000704000000, 0x0000000704000000, 0x0000000704200000|  0%| F|  |TAMS 0x0000000704000000| PB 0x0000000704000000| Untracked |  0
|   4|0x0000000704200000, 0x0000000704200000, 0x0000000704400000|  0%| F|  |TAMS 0x0000000704200000| PB 0x0000000704200000| Untracked |  0
|   5|0x0000000704400000, 0x0000000704400000, 0x0000000704600000|  0%| F|  |TAMS 0x0000000704400000| PB 0x0000000704400000| Untracked |  0
|   6|0x0000000704600000, 0x0000000704600000, 0x0000000704800000|  0%| F|  |TAMS 0x0000000704600000| PB 0x0000000704600000| Untracked |  0
|   7|0x0000000704800000, 0x0000000704800000, 0x0000000704a00000|  0%| F|  |TAMS 0x0000000704800000| PB 0x0000000704800000| Untracked |  0
|   8|0x0000000704a00000, 0x0000000704a00000, 0x0000000704c00000|  0%| F|  |TAMS 0x0000000704a00000| PB 0x0000000704a00000| Untracked |  0
|   9|0x0000000704c00000, 0x0000000704c00000, 0x0000000704e00000|  0%| F|  |TAMS 0x0000000704c00000| PB 0x0000000704c00000| Untracked |  0
|  10|0x0000000704e00000, 0x0000000704e00000, 0x0000000705000000|  0%| F|  |TAMS 0x0000000704e00000| PB 0x0000000704e00000| Untracked |  0
|  11|0x0000000705000000, 0x0000000705000000, 0x0000000705200000|  0%| F|  |TAMS 0x0000000705000000| PB 0x0000000705000000| Untracked |  0
|  12|0x0000000705200000, 0x0000000705200000, 0x0000000705400000|  0%| F|  |TAMS 0x0000000705200000| PB 0x0000000705200000| Untracked |  0
|  13|0x0000000705400000, 0x0000000705400000, 0x0000000705600000|  0%| F|  |TAMS 0x0000000705400000| PB 0x0000000705400000| Untracked |  0
|  14|0x0000000705600000, 0x0000000705600000, 0x0000000705800000|  0%| F|  |TAMS 0x0000000705600000| PB 0x0000000705600000| Untracked |  0
|  15|0x0000000705800000, 0x0000000705800000, 0x0000000705a00000|  0%| F|  |TAMS 0x0000000705800000| PB 0x0000000705800000| Untracked |  0
|  16|0x0000000705a00000, 0x0000000705a00000, 0x0000000705c00000|  0%| F|  |TAMS 0x0000000705a00000| PB 0x0000000705a00000| Untracked |  0
|  17|0x0000000705c00000, 0x0000000705c00000, 0x0000000705e00000|  0%| F|  |TAMS 0x0000000705c00000| PB 0x0000000705c00000| Untracked |  0
|  18|0x0000000705e00000, 0x0000000705e00000, 0x0000000706000000|  0%| F|  |TAMS 0x0000000705e00000| PB 0x0000000705e00000| Untracked |  0
|  19|0x0000000706000000, 0x0000000706000000, 0x0000000706200000|  0%| F|  |TAMS 0x0000000706000000| PB 0x0000000706000000| Untracked |  0
|  20|0x0000000706200000, 0x0000000706200000, 0x0000000706400000|  0%| F|  |TAMS 0x0000000706200000| PB 0x0000000706200000| Untracked |  0
|  21|0x0000000706400000, 0x0000000706400000, 0x0000000706600000|  0%| F|  |TAMS 0x0000000706400000| PB 0x0000000706400000| Untracked |  0
|  22|0x0000000706600000, 0x0000000706600000, 0x0000000706800000|  0%| F|  |TAMS 0x0000000706600000| PB 0x0000000706600000| Untracked |  0
|  23|0x0000000706800000, 0x0000000706800000, 0x0000000706a00000|  0%| F|  |TAMS 0x0000000706800000| PB 0x0000000706800000| Untracked |  0
|  24|0x0000000706a00000, 0x0000000706a00000, 0x0000000706c00000|  0%| F|  |TAMS 0x0000000706a00000| PB 0x0000000706a00000| Untracked |  0
|  25|0x0000000706c00000, 0x0000000706c00000, 0x0000000706e00000|  0%| F|  |TAMS 0x0000000706c00000| PB 0x0000000706c00000| Untracked |  0
|  26|0x0000000706e00000, 0x0000000706e00000, 0x0000000707000000|  0%| F|  |TAMS 0x0000000706e00000| PB 0x0000000706e00000| Untracked |  0
|  27|0x0000000707000000, 0x0000000707000000, 0x0000000707200000|  0%| F|  |TAMS 0x0000000707000000| PB 0x0000000707000000| Untracked |  0
|  28|0x0000000707200000, 0x0000000707200000, 0x0000000707400000|  0%| F|  |TAMS 0x0000000707200000| PB 0x0000000707200000| Untracked |  0
|  29|0x0000000707400000, 0x0000000707400000, 0x0000000707600000|  0%| F|  |TAMS 0x0000000707400000| PB 0x0000000707400000| Untracked |  0
|  30|0x0000000707600000, 0x0000000707600000, 0x0000000707800000|  0%| F|  |TAMS 0x0000000707600000| PB 0x0000000707600000| Untracked |  0
|  31|0x0000000707800000, 0x0000000707800000, 0x0000000707a00000|  0%| F|  |TAMS 0x0000000707800000| PB 0x0000000707800000| Untracked |  0
|  32|0x0000000707a00000, 0x0000000707a00000, 0x0000000707c00000|  0%| F|  |TAMS 0x0000000707a00000| PB 0x0000000707a00000| Untracked |  0
|  33|0x0000000707c00000, 0x0000000707c00000, 0x0000000707e00000|  0%| F|  |TAMS 0x0000000707c00000| PB 0x0000000707c00000| Untracked |  0
|  34|0x0000000707e00000, 0x0000000707e00000, 0x0000000708000000|  0%| F|  |TAMS 0x0000000707e00000| PB 0x0000000707e00000| Untracked |  0
|  35|0x0000000708000000, 0x0000000708000000, 0x0000000708200000|  0%| F|  |TAMS 0x0000000708000000| PB 0x0000000708000000| Untracked |  0
|  36|0x0000000708200000, 0x0000000708200000, 0x0000000708400000|  0%| F|  |TAMS 0x0000000708200000| PB 0x0000000708200000| Untracked |  0
|  37|0x0000000708400000, 0x0000000708400000, 0x0000000708600000|  0%| F|  |TAMS 0x0000000708400000| PB 0x0000000708400000| Untracked |  0
|  38|0x0000000708600000, 0x0000000708600000, 0x0000000708800000|  0%| F|  |TAMS 0x0000000708600000| PB 0x0000000708600000| Untracked |  0
|  39|0x0000000708800000, 0x0000000708800000, 0x0000000708a00000|  0%| F|  |TAMS 0x0000000708800000| PB 0x0000000708800000| Untracked |  0
|  40|0x0000000708a00000, 0x0000000708a00000, 0x0000000708c00000|  0%| F|  |TAMS 0x0000000708a00000| PB 0x0000000708a00000| Untracked |  0
|  41|0x0000000708c00000, 0x0000000708c00000, 0x0000000708e00000|  0%| F|  |TAMS 0x0000000708c00000| PB 0x0000000708c00000| Untracked |  0
|  42|0x0000000708e00000, 0x0000000708e00000, 0x0000000709000000|  0%| F|  |TAMS 0x0000000708e00000| PB 0x0000000708e00000| Untracked |  0
|  43|0x0000000709000000, 0x0000000709000000, 0x0000000709200000|  0%| F|  |TAMS 0x0000000709000000| PB 0x0000000709000000| Untracked |  0
|  44|0x0000000709200000, 0x0000000709200000, 0x0000000709400000|  0%| F|  |TAMS 0x0000000709200000| PB 0x0000000709200000| Untracked |  0
|  45|0x0000000709400000, 0x0000000709400000, 0x0000000709600000|  0%| F|  |TAMS 0x0000000709400000| PB 0x0000000709400000| Untracked |  0
|  46|0x0000000709600000, 0x0000000709600000, 0x0000000709800000|  0%| F|  |TAMS 0x0000000709600000| PB 0x0000000709600000| Untracked |  0
|  47|0x0000000709800000, 0x0000000709800000, 0x0000000709a00000|  0%| F|  |TAMS 0x0000000709800000| PB 0x0000000709800000| Untracked |  0
|  48|0x0000000709a00000, 0x0000000709a00000, 0x0000000709c00000|  0%| F|  |TAMS 0x0000000709a00000| PB 0x0000000709a00000| Untracked |  0
|  49|0x0000000709c00000, 0x0000000709c00000, 0x0000000709e00000|  0%| F|  |TAMS 0x0000000709c00000| PB 0x0000000709c00000| Untracked |  0
|  50|0x0000000709e00000, 0x0000000709e00000, 0x000000070a000000|  0%| F|  |TAMS 0x0000000709e00000| PB 0x0000000709e00000| Untracked |  0
|  51|0x000000070a000000, 0x000000070a000000, 0x000000070a200000|  0%| F|  |TAMS 0x000000070a000000| PB 0x000000070a000000| Untracked |  0
|  52|0x000000070a200000, 0x000000070a200000, 0x000000070a400000|  0%| F|  |TAMS 0x000000070a200000| PB 0x000000070a200000| Untracked |  0
|  53|0x000000070a400000, 0x000000070a400000, 0x000000070a600000|  0%| F|  |TAMS 0x000000070a400000| PB 0x000000070a400000| Untracked |  0
|  54|0x000000070a600000, 0x000000070a600000, 0x000000070a800000|  0%| F|  |TAMS 0x000000070a600000| PB 0x000000070a600000| Untracked |  0
|  55|0x000000070a800000, 0x000000070a800000, 0x000000070aa00000|  0%| F|  |TAMS 0x000000070a800000| PB 0x000000070a800000| Untracked |  0
|  56|0x000000070aa00000, 0x000000070aa00000, 0x000000070ac00000|  0%| F|  |TAMS 0x000000070aa00000| PB 0x000000070aa00000| Untracked |  0
|  57|0x000000070ac00000, 0x000000070ac00000, 0x000000070ae00000|  0%| F|  |TAMS 0x000000070ac00000| PB 0x000000070ac00000| Untracked |  0
|  58|0x000000070ae00000, 0x000000070ae00000, 0x000000070b000000|  0%| F|  |TAMS 0x000000070ae00000| PB 0x000000070ae00000| Untracked |  0
|  59|0x000000070b000000, 0x000000070b000000, 0x000000070b200000|  0%| F|  |TAMS 0x000000070b000000| PB 0x000000070b000000| Untracked |  0
|  60|0x000000070b200000, 0x000000070b200000, 0x000000070b400000|  0%| F|  |TAMS 0x000000070b200000| PB 0x000000070b200000| Untracked |  0
|  61|0x000000070b400000, 0x000000070b400000, 0x000000070b600000|  0%| F|  |TAMS 0x000000070b400000| PB 0x000000070b400000| Untracked |  0
|  62|0x000000070b600000, 0x000000070b600000, 0x000000070b800000|  0%| F|  |TAMS 0x000000070b600000| PB 0x000000070b600000| Untracked |  0
|  63|0x000000070b800000, 0x000000070b800000, 0x000000070ba00000|  0%| F|  |TAMS 0x000000070b800000| PB 0x000000070b800000| Untracked |  0
|  64|0x000000070ba00000, 0x000000070ba00000, 0x000000070bc00000|  0%| F|  |TAMS 0x000000070ba00000| PB 0x000000070ba00000| Untracked |  0
|  65|0x000000070bc00000, 0x000000070bc00000, 0x000000070be00000|  0%| F|  |TAMS 0x000000070bc00000| PB 0x000000070bc00000| Untracked |  0
|  66|0x000000070be00000, 0x000000070be00000, 0x000000070c000000|  0%| F|  |TAMS 0x000000070be00000| PB 0x000000070be00000| Untracked |  0
|  67|0x000000070c000000, 0x000000070c000000, 0x000000070c200000|  0%| F|  |TAMS 0x000000070c000000| PB 0x000000070c000000| Untracked |  0
|  68|0x000000070c200000, 0x000000070c200000, 0x000000070c400000|  0%| F|  |TAMS 0x000000070c200000| PB 0x000000070c200000| Untracked |  0
|  69|0x000000070c400000, 0x000000070c400000, 0x000000070c600000|  0%| F|  |TAMS 0x000000070c400000| PB 0x000000070c400000| Untracked |  0
|  70|0x000000070c600000, 0x000000070c600000, 0x000000070c800000|  0%| F|  |TAMS 0x000000070c600000| PB 0x000000070c600000| Untracked |  0
|  71|0x000000070c800000, 0x000000070c800000, 0x000000070ca00000|  0%| F|  |TAMS 0x000000070c800000| PB 0x000000070c800000| Untracked |  0
|  72|0x000000070ca00000, 0x000000070ca00000, 0x000000070cc00000|  0%| F|  |TAMS 0x000000070ca00000| PB 0x000000070ca00000| Untracked |  0
|  73|0x000000070cc00000, 0x000000070cc00000, 0x000000070ce00000|  0%| F|  |TAMS 0x000000070cc00000| PB 0x000000070cc00000| Untracked |  0
|  74|0x000000070ce00000, 0x000000070ce00000, 0x000000070d000000|  0%| F|  |TAMS 0x000000070ce00000| PB 0x000000070ce00000| Untracked |  0
|  75|0x000000070d000000, 0x000000070d000000, 0x000000070d200000|  0%| F|  |TAMS 0x000000070d000000| PB 0x000000070d000000| Untracked |  0
|  76|0x000000070d200000, 0x000000070d200000, 0x000000070d400000|  0%| F|  |TAMS 0x000000070d200000| PB 0x000000070d200000| Untracked |  0
|  77|0x000000070d400000, 0x000000070d400000, 0x000000070d600000|  0%| F|  |TAMS 0x000000070d400000| PB 0x000000070d400000| Untracked |  0
|  78|0x000000070d600000, 0x000000070d600000, 0x000000070d800000|  0%| F|  |TAMS 0x000000070d600000| PB 0x000000070d600000| Untracked |  0
|  79|0x000000070d800000, 0x000000070d800000, 0x000000070da00000|  0%| F|  |TAMS 0x000000070d800000| PB 0x000000070d800000| Untracked |  0
|  80|0x000000070da00000, 0x000000070da00000, 0x000000070dc00000|  0%| F|  |TAMS 0x000000070da00000| PB 0x000000070da00000| Untracked |  0
|  81|0x000000070dc00000, 0x000000070dc00000, 0x000000070de00000|  0%| F|  |TAMS 0x000000070dc00000| PB 0x000000070dc00000| Untracked |  0
|  82|0x000000070de00000, 0x000000070de00000, 0x000000070e000000|  0%| F|  |TAMS 0x000000070de00000| PB 0x000000070de00000| Untracked |  0
|  83|0x000000070e000000, 0x000000070e000000, 0x000000070e200000|  0%| F|  |TAMS 0x000000070e000000| PB 0x000000070e000000| Untracked |  0
|  84|0x000000070e200000, 0x000000070e200000, 0x000000070e400000|  0%| F|  |TAMS 0x000000070e200000| PB 0x000000070e200000| Untracked |  0
|  85|0x000000070e400000, 0x000000070e400000, 0x000000070e600000|  0%| F|  |TAMS 0x000000070e400000| PB 0x000000070e400000| Untracked |  0
|  86|0x000000070e600000, 0x000000070e600000, 0x000000070e800000|  0%| F|  |TAMS 0x000000070e600000| PB 0x000000070e600000| Untracked |  0
|  87|0x000000070e800000, 0x000000070e800000, 0x000000070ea00000|  0%| F|  |TAMS 0x000000070e800000| PB 0x000000070e800000| Untracked |  0
|  88|0x000000070ea00000, 0x000000070ea00000, 0x000000070ec00000|  0%| F|  |TAMS 0x000000070ea00000| PB 0x000000070ea00000| Untracked |  0
|  89|0x000000070ec00000, 0x000000070ec00000, 0x000000070ee00000|  0%| F|  |TAMS 0x000000070ec00000| PB 0x000000070ec00000| Untracked |  0
|  90|0x000000070ee00000, 0x000000070ee00000, 0x000000070f000000|  0%| F|  |TAMS 0x000000070ee00000| PB 0x000000070ee00000| Untracked |  0
|  91|0x000000070f000000, 0x000000070f000000, 0x000000070f200000|  0%| F|  |TAMS 0x000000070f000000| PB 0x000000070f000000| Untracked |  0
|  92|0x000000070f200000, 0x000000070f200000, 0x000000070f400000|  0%| F|  |TAMS 0x000000070f200000| PB 0x000000070f200000| Untracked |  0
|  93|0x000000070f400000, 0x000000070f400000, 0x000000070f600000|  0%| F|  |TAMS 0x000000070f400000| PB 0x000000070f400000| Untracked |  0
|  94|0x000000070f600000, 0x000000070f600000, 0x000000070f800000|  0%| F|  |TAMS 0x000000070f600000| PB 0x000000070f600000| Untracked |  0
|  95|0x000000070f800000, 0x000000070f800000, 0x000000070fa00000|  0%| F|  |TAMS 0x000000070f800000| PB 0x000000070f800000| Untracked |  0
|  96|0x000000070fa00000, 0x000000070fa00000, 0x000000070fc00000|  0%| F|  |TAMS 0x000000070fa00000| PB 0x000000070fa00000| Untracked |  0
|  97|0x000000070fc00000, 0x000000070fc00000, 0x000000070fe00000|  0%| F|  |TAMS 0x000000070fc00000| PB 0x000000070fc00000| Untracked |  0
|  98|0x000000070fe00000, 0x000000070fe00000, 0x0000000710000000|  0%| F|  |TAMS 0x000000070fe00000| PB 0x000000070fe00000| Untracked |  0
|  99|0x0000000710000000, 0x0000000710000000, 0x0000000710200000|  0%| F|  |TAMS 0x0000000710000000| PB 0x0000000710000000| Untracked |  0
| 100|0x0000000710200000, 0x000000071036bf90, 0x0000000710400000| 71%| S|CS|TAMS 0x0000000710200000| PB 0x0000000710200000| Complete |  0
| 101|0x0000000710400000, 0x0000000710600000, 0x0000000710600000|100%| S|CS|TAMS 0x0000000710400000| PB 0x0000000710400000| Complete |  0
| 102|0x0000000710600000, 0x0000000710800000, 0x0000000710800000|100%| S|CS|TAMS 0x0000000710600000| PB 0x0000000710600000| Complete |  0
| 103|0x0000000710800000, 0x0000000710800000, 0x0000000710a00000|  0%| F|  |TAMS 0x0000000710800000| PB 0x0000000710800000| Untracked |  0
| 104|0x0000000710a00000, 0x0000000710a00000, 0x0000000710c00000|  0%| F|  |TAMS 0x0000000710a00000| PB 0x0000000710a00000| Untracked |  0
| 105|0x0000000710c00000, 0x0000000710c00000, 0x0000000710e00000|  0%| F|  |TAMS 0x0000000710c00000| PB 0x0000000710c00000| Untracked |  0
| 106|0x0000000710e00000, 0x0000000710f7eb20, 0x0000000711000000| 74%| E|  |TAMS 0x0000000710e00000| PB 0x0000000710e00000| Complete |  0
| 107|0x0000000711000000, 0x0000000711200000, 0x0000000711200000|100%| E|CS|TAMS 0x0000000711000000| PB 0x0000000711000000| Complete |  0
| 108|0x0000000711200000, 0x0000000711400000, 0x0000000711400000|100%| E|CS|TAMS 0x0000000711200000| PB 0x0000000711200000| Complete |  0
| 109|0x0000000711400000, 0x0000000711600000, 0x0000000711600000|100%| E|CS|TAMS 0x0000000711400000| PB 0x0000000711400000| Complete |  0
| 110|0x0000000711600000, 0x0000000711800000, 0x0000000711800000|100%| E|CS|TAMS 0x0000000711600000| PB 0x0000000711600000| Complete |  0
| 111|0x0000000711800000, 0x0000000711a00000, 0x0000000711a00000|100%| E|CS|TAMS 0x0000000711800000| PB 0x0000000711800000| Complete |  0
| 112|0x0000000711a00000, 0x0000000711c00000, 0x0000000711c00000|100%| E|CS|TAMS 0x0000000711a00000| PB 0x0000000711a00000| Complete |  0
| 113|0x0000000711c00000, 0x0000000711e00000, 0x0000000711e00000|100%| E|CS|TAMS 0x0000000711c00000| PB 0x0000000711c00000| Complete |  0
| 114|0x0000000711e00000, 0x0000000712000000, 0x0000000712000000|100%| E|CS|TAMS 0x0000000711e00000| PB 0x0000000711e00000| Complete |  0
| 115|0x0000000712000000, 0x0000000712200000, 0x0000000712200000|100%| E|CS|TAMS 0x0000000712000000| PB 0x0000000712000000| Complete |  0
| 116|0x0000000712200000, 0x0000000712400000, 0x0000000712400000|100%| E|CS|TAMS 0x0000000712200000| PB 0x0000000712200000| Complete |  0
| 117|0x0000000712400000, 0x0000000712600000, 0x0000000712600000|100%| E|CS|TAMS 0x0000000712400000| PB 0x0000000712400000| Complete |  0
| 118|0x0000000712600000, 0x0000000712800000, 0x0000000712800000|100%| E|CS|TAMS 0x0000000712600000| PB 0x0000000712600000| Complete |  0
| 119|0x0000000712800000, 0x0000000712a00000, 0x0000000712a00000|100%| E|CS|TAMS 0x0000000712800000| PB 0x0000000712800000| Complete |  0
| 120|0x0000000712a00000, 0x0000000712c00000, 0x0000000712c00000|100%| E|CS|TAMS 0x0000000712a00000| PB 0x0000000712a00000| Complete |  0
| 121|0x0000000712c00000, 0x0000000712e00000, 0x0000000712e00000|100%| E|CS|TAMS 0x0000000712c00000| PB 0x0000000712c00000| Complete |  0
| 122|0x0000000712e00000, 0x0000000713000000, 0x0000000713000000|100%| E|CS|TAMS 0x0000000712e00000| PB 0x0000000712e00000| Complete |  0
| 123|0x0000000713000000, 0x0000000713200000, 0x0000000713200000|100%| E|CS|TAMS 0x0000000713000000| PB 0x0000000713000000| Complete |  0
| 124|0x0000000713200000, 0x0000000713400000, 0x0000000713400000|100%| E|CS|TAMS 0x0000000713200000| PB 0x0000000713200000| Complete |  0
| 125|0x0000000713400000, 0x0000000713600000, 0x0000000713600000|100%| E|CS|TAMS 0x0000000713400000| PB 0x0000000713400000| Complete |  0
| 126|0x0000000713600000, 0x0000000713800000, 0x0000000713800000|100%| E|CS|TAMS 0x0000000713600000| PB 0x0000000713600000| Complete |  0
|2018|0x00000007ffe00000, 0x00000007fff24ea8, 0x0000000800000000| 57%| O|  |TAMS 0x00000007ffe00000| PB 0x00000007ffe00000| Untracked |  0

Card table byte_map: [0x000001dc3e1c0000,0x000001dc3e9b0000] _byte_map_base: 0x000001dc3a9a3000

Marking Bits: (CMBitMap*) 0x000001dc256ca4b0
 Bits: [0x000001dc3e9b0000, 0x000001dc428c8000)

Polling page: 0x000001dc23490000

Metaspace:
Metaspace        used 14886K, committed 15168K, reserved 1114112K
 class space     used 1635K, committed 1728K, reserved 1048576K

Usage:
  Non-class:     12.94 MB used.
      Class:      1.60 MB used.
       Both:     14.54 MB used.

Virtual space:
  Non-class space:       64.00 MB reserved,      13.12 MB ( 21%) committed,  1 nodes.
      Class space:        1.00 GB reserved,       1.69 MB ( <1%) committed,  1 nodes.
             Both:        1.06 GB reserved,      14.81 MB (  1%) committed. 

Chunk freelists:
   Non-Class:  2.41 MB
       Class:  14.20 MB
        Both:  16.61 MB

MaxMetaspaceSize: unlimited
CompressedClassSpaceSize: 1.00 GB
Initial GC threshold: 21.00 MB
Current GC threshold: 21.00 MB
CDS: on
 - commit_granule_bytes: 65536.
 - commit_granule_words: 8192.
 - virtual_space_node_default_size: 8388608.
 - enlarge_chunks_in_place: 1.
UseCompressedClassPointers 1, UseCompactObjectHeaders 0
Narrow klass pointer bits 32, Max shift 3
Narrow klass base: 0x0000000089000000, Narrow klass shift: 0
Encoding Range: [0x0000000089000000 - 0x0000000189000000), (4294967296 bytes)
Klass Range:    [0x0000000089010000 - 0x00000000ca000000), (1090453504 bytes)
Klass ID Range:  [65536 - 1090519033) (1090453497)
Protection zone: [0x0000000089000000 - 0x0000000089010000), (65536 bytes)


Internal statistics:

num_allocs_failed_limit: 0.
num_arena_births: 230.
num_arena_deaths: 0.
num_vsnodes_births: 2.
num_vsnodes_deaths: 0.
num_space_committed: 237.
num_space_uncommitted: 0.
num_chunks_returned_to_freelist: 0.
num_chunks_taken_from_freelist: 702.
num_chunk_merges: 0.
num_chunk_splits: 475.
num_chunks_enlarged: 361.
num_inconsistent_stats: 0.

CodeHeap 'non-profiled nmethods': size=119232Kb used=1420Kb max_used=1420Kb free=117811Kb
 bounds [0x000001dc35ce0000, 0x000001dc35f50000, 0x000001dc3d150000]
CodeHeap 'profiled nmethods': size=119104Kb used=6133Kb max_used=6133Kb free=112971Kb
 bounds [0x000001dc2e150000, 0x000001dc2e750000, 0x000001dc355a0000]
CodeHeap 'non-nmethods': size=7424Kb used=2481Kb max_used=3661Kb free=4942Kb
 bounds [0x000001dc355a0000, 0x000001dc35940000, 0x000001dc35ce0000]
CodeCache: size=245760Kb, used=10034Kb, max_used=11214Kb, free=235724Kb
 total_blobs=4893, nmethods=4060, adapters=732, full_count=0
Compilation: enabled, stopped_count=0, restarted_count=0

Compilation events (20 events):
Event: 5.739 Thread 0x000001dc4543aa20 4029       3       javafx.scene.layout.Region::snapSizeY (10 bytes)
Event: 5.739 Thread 0x000001dc4543b230 4030       3       javafx.scene.layout.Region::snapSizeY (17 bytes)
Event: 5.739 Thread 0x000001dc4543b230 nmethod 4030 0x000001dc2e737208 code [0x000001dc2e737320, 0x000001dc2e737d60]
Event: 5.739 Thread 0x000001dc4543aa20 nmethod 4029 0x000001dc2e737d88 code [0x000001dc2e737ea0, 0x000001dc2e7389e0]
Event: 5.739 Thread 0x000001dc4543aa20 4031       3       javafx.beans.binding.StringExpression::getValue (8 bytes)
Event: 5.739 Thread 0x000001dc4543b230 4032       3       com.sun.javafx.text.PrismTextLayout::relayout (46 bytes)
Event: 5.739 Thread 0x000001dc4543aa20 nmethod 4031 0x000001dc2e738a08 code [0x000001dc2e738b00, 0x000001dc2e738d90]
Event: 5.739 Thread 0x000001dc4543aa20 4033       3       javafx.scene.layout.Region::snapSizeX (10 bytes)
Event: 5.739 Thread 0x000001dc4543b230 nmethod 4032 0x000001dc2e738e08 code [0x000001dc2e738f00, 0x000001dc2e739190]
Event: 5.739 Thread 0x000001dc4543b230 4034       3       javafx.scene.layout.Region::snapSizeX (17 bytes)
Event: 5.739 Thread 0x000001dc4543b230 nmethod 4034 0x000001dc2e739208 code [0x000001dc2e739320, 0x000001dc2e739d60]
Event: 5.739 Thread 0x000001dc4543b230 4035       3       javafx.scene.control.Labeled::getText (20 bytes)
Event: 5.739 Thread 0x000001dc4543b230 nmethod 4035 0x000001dc2e739d88 code [0x000001dc2e739e80, 0x000001dc2e73a248]
Event: 5.739 Thread 0x000001dc4543aa20 nmethod 4033 0x000001dc2e73a288 code [0x000001dc2e73a3a0, 0x000001dc2e73aee0]
Event: 5.739 Thread 0x000001dc4543b230 4036       3       javafx.scene.control.Labeled::getContentDisplay (24 bytes)
Event: 5.739 Thread 0x000001dc4543aa20 4037       3       javafx.scene.layout.VBox::requestLayout (15 bytes)
Event: 5.740 Thread 0x000001dc4543b230 nmethod 4036 0x000001dc2e73af08 code [0x000001dc2e73b000, 0x000001dc2e73b518]
Event: 5.740 Thread 0x000001dc4543b230 4038       2       javafx.scene.Node::updateLocalToParentTransform (442 bytes)
Event: 5.740 Thread 0x000001dc4543aa20 nmethod 4037 0x000001dc2e73b588 code [0x000001dc2e73b680, 0x000001dc2e73b928]
Event: 5.741 Thread 0x000001dc4543b230 nmethod 4038 0x000001dc2e73b988 code [0x000001dc2e73bc20, 0x000001dc2e73dbf8]

GC Heap Usage History (2 events):
Event: 1.087 {heap Before GC invocations=0 (full 0):
 garbage-first heap   total reserved 4134912K, committed 262144K, used 50323K [0x0000000703a00000, 0x0000000800000000)
  region size 2048K, 24 young (49152K), 0 survivors (0K)
}
Event: 1.091 {heap After GC invocations=1 (full 0):
 garbage-first heap   total reserved 4134912K, committed 262144K, used 6723K [0x0000000703a00000, 0x0000000800000000)
  region size 2048K, 3 young (6144K), 3 survivors (6144K)
}

Metaspace Usage History (2 events):
Event: 1.087 {metaspace Before GC invocations=0 (full 0):
 Metaspace       used 9180K, committed 9344K, reserved 1114112K
  class space    used 968K, committed 1024K, reserved 1048576K
}
Event: 1.091 {metaspace After GC invocations=1 (full 0):
 Metaspace       used 9180K, committed 9344K, reserved 1114112K
  class space    used 968K, committed 1024K, reserved 1048576K
}

Dll operation events (20 events):
Event: 0.332 Loaded shared library C:\Users\Rep JGL\.openjfx\cache\13\api-ms-win-crt-filesystem-l1-1-0.dll
Event: 0.334 Loaded shared library C:\Users\Rep JGL\.openjfx\cache\13\api-ms-win-crt-heap-l1-1-0.dll
Event: 0.337 Loaded shared library C:\Users\Rep JGL\.openjfx\cache\13\api-ms-win-crt-locale-l1-1-0.dll
Event: 0.340 Loaded shared library C:\Users\Rep JGL\.openjfx\cache\13\api-ms-win-crt-math-l1-1-0.dll
Event: 0.343 Loaded shared library C:\Users\Rep JGL\.openjfx\cache\13\api-ms-win-crt-multibyte-l1-1-0.dll
Event: 0.346 Loaded shared library C:\Users\Rep JGL\.openjfx\cache\13\api-ms-win-crt-private-l1-1-0.dll
Event: 0.348 Loaded shared library C:\Users\Rep JGL\.openjfx\cache\13\api-ms-win-crt-process-l1-1-0.dll
Event: 0.351 Loaded shared library C:\Users\Rep JGL\.openjfx\cache\13\api-ms-win-crt-runtime-l1-1-0.dll
Event: 0.353 Loaded shared library C:\Users\Rep JGL\.openjfx\cache\13\api-ms-win-crt-stdio-l1-1-0.dll
Event: 0.355 Loaded shared library C:\Users\Rep JGL\.openjfx\cache\13\api-ms-win-crt-string-l1-1-0.dll
Event: 0.358 Loaded shared library C:\Users\Rep JGL\.openjfx\cache\13\api-ms-win-crt-time-l1-1-0.dll
Event: 0.362 Loaded shared library C:\Users\Rep JGL\.openjfx\cache\13\api-ms-win-crt-utility-l1-1-0.dll
Event: 0.373 Loaded shared library C:\Users\Rep JGL\.openjfx\cache\13\ucrtbase.dll
Event: 0.377 Loaded shared library C:\Users\Rep JGL\.openjfx\cache\13\vcruntime140.dll
Event: 0.386 Loaded shared library C:\Users\Rep JGL\.openjfx\cache\13\msvcp140.dll
Event: 0.392 Loaded shared library C:\Users\Rep JGL\.openjfx\cache\13\concrt140.dll
Event: 0.428 Loaded shared library C:\Users\Rep JGL\.openjfx\cache\13\prism_d3d.dll
Event: 0.582 Loaded shared library C:\Users\Rep JGL\.openjfx\cache\13\glass.dll
Event: 0.877 Loaded shared library C:\Program Files\Apache NetBeans\jdk\bin\jimage.dll
Event: 1.019 Loaded shared library C:\Users\Rep JGL\.openjfx\cache\13\javafx_font.dll

Deoptimization events (20 events):
Event: 5.739 Thread 0x000001dc4a9da010 Uncommon trap: trap_request=0xffffffde fr.pc=0x000001dc35e001b8 relative=0x0000000000000c18
Event: 5.739 Thread 0x000001dc4a9da010 Uncommon trap: reason=class_check action=maybe_recompile pc=0x000001dc35e001b8 method=javafx.scene.Node.updateLocalToParentTransform()V @ 327 c2
Event: 5.739 Thread 0x000001dc4a9da010 DEOPT PACKING pc=0x000001dc35e001b8 sp=0x000000925dbfcc90
Event: 5.739 Thread 0x000001dc4a9da010 DEOPT UNPACKING pc=0x000001dc356cf482 sp=0x000000925dbfcbe8 mode 2
Event: 5.739 Thread 0x000001dc4a9da010 Uncommon trap: trap_request=0xffffffde fr.pc=0x000001dc35e001b8 relative=0x0000000000000c18
Event: 5.739 Thread 0x000001dc4a9da010 Uncommon trap: reason=class_check action=maybe_recompile pc=0x000001dc35e001b8 method=javafx.scene.Node.updateLocalToParentTransform()V @ 327 c2
Event: 5.739 Thread 0x000001dc4a9da010 DEOPT PACKING pc=0x000001dc35e001b8 sp=0x000000925dbfcc10
Event: 5.739 Thread 0x000001dc4a9da010 DEOPT UNPACKING pc=0x000001dc356cf482 sp=0x000000925dbfcb68 mode 2
Event: 5.739 Thread 0x000001dc4a9da010 Uncommon trap: trap_request=0xffffffde fr.pc=0x000001dc35e001b8 relative=0x0000000000000c18
Event: 5.739 Thread 0x000001dc4a9da010 Uncommon trap: reason=class_check action=maybe_recompile pc=0x000001dc35e001b8 method=javafx.scene.Node.updateLocalToParentTransform()V @ 327 c2
Event: 5.739 Thread 0x000001dc4a9da010 DEOPT PACKING pc=0x000001dc35e001b8 sp=0x000000925dbfcc10
Event: 5.739 Thread 0x000001dc4a9da010 DEOPT UNPACKING pc=0x000001dc356cf482 sp=0x000000925dbfcb68 mode 2
Event: 5.739 Thread 0x000001dc4a9da010 Uncommon trap: trap_request=0xffffffde fr.pc=0x000001dc35e001b8 relative=0x0000000000000c18
Event: 5.739 Thread 0x000001dc4a9da010 Uncommon trap: reason=class_check action=maybe_recompile pc=0x000001dc35e001b8 method=javafx.scene.Node.updateLocalToParentTransform()V @ 327 c2
Event: 5.739 Thread 0x000001dc4a9da010 DEOPT PACKING pc=0x000001dc35e001b8 sp=0x000000925dbfcc10
Event: 5.739 Thread 0x000001dc4a9da010 DEOPT UNPACKING pc=0x000001dc356cf482 sp=0x000000925dbfcb68 mode 2
Event: 5.740 Thread 0x000001dc4a9da010 Uncommon trap: trap_request=0xffffff45 fr.pc=0x000001dc35dfd2b0 relative=0x00000000000000b0
Event: 5.740 Thread 0x000001dc4a9da010 Uncommon trap: reason=unstable_if action=reinterpret pc=0x000001dc35dfd2b0 method=com.sun.javafx.geom.RectBounds.deriveWithNewBounds(Lcom/sun/javafx/geom/BaseBounds;)Lcom/sun/javafx/geom/BaseBounds; @ 4 c2
Event: 5.740 Thread 0x000001dc4a9da010 DEOPT PACKING pc=0x000001dc35dfd2b0 sp=0x000000925dbfcaf0
Event: 5.740 Thread 0x000001dc4a9da010 DEOPT UNPACKING pc=0x000001dc356cf482 sp=0x000000925dbfca78 mode 2

Classes loaded (20 events):
Event: 1.392 Loading class java/util/stream/SliceOps$1$1
Event: 1.392 Loading class java/util/stream/SliceOps$1$1 done
Event: 1.392 Loading class java/util/stream/WhileOps$1Op$1OpSink
Event: 1.392 Loading class java/util/stream/WhileOps$DropWhileSink
Event: 1.392 Loading class java/util/stream/WhileOps$DropWhileSink done
Event: 1.392 Loading class java/util/stream/WhileOps$1Op$1OpSink done
Event: 1.405 Loading class java/lang/FdLibm$Hypot
Event: 1.405 Loading class java/lang/FdLibm$Hypot done
Event: 1.405 Loading class java/lang/FdLibm
Event: 1.405 Loading class java/lang/FdLibm done
Event: 1.409 Loading class java/nio/ShortBuffer
Event: 1.409 Loading class java/nio/ShortBuffer done
Event: 1.409 Loading class java/nio/FloatBuffer
Event: 1.409 Loading class java/nio/FloatBuffer done
Event: 1.409 Loading class java/nio/DoubleBuffer
Event: 1.409 Loading class java/nio/DoubleBuffer done
Event: 1.410 Loading class java/nio/DirectFloatBufferU
Event: 1.410 Loading class java/nio/DirectFloatBufferU done
Event: 1.443 Loading class java/lang/FdLibm$Atan2
Event: 1.443 Loading class java/lang/FdLibm$Atan2 done

Classes unloaded (0 events):
No events

Classes redefined (0 events):
No events

Internal exceptions (20 events):
Event: 0.956 Thread 0x000001dc4a9da010 Exception <a 'java/lang/ClassNotFoundException'{0x00000007112337c8}: sun/util/logging/resources/spi/loggingProvider> (0x00000007112337c8) 
thrown [s\src\hotspot\share\classfile\systemDictionary.cpp, line 327]
Event: 0.996 Thread 0x000001dc4a9da010 Exception <a 'java/lang/NoSuchMethodError'{0x0000000711111240}: 'void java.lang.invoke.Invokers$Holder.invokeExact_MT(java.lang.Object, java.lang.Object, java.lang.Object, java.lang.Object)'> (0x0000000711111240) 
thrown [s\src\hotspot\share\interpreter\linkResolver.cpp, line 804]
Event: 1.016 Thread 0x000001dc4a9da010 Exception <a 'java/io/IOException'{0x0000000710f26e10}> (0x0000000710f26e10) 
thrown [s\src\hotspot\share\prims\jni.cpp, line 516]
Event: 1.058 Thread 0x000001dc4a9da010 Exception <a 'java/lang/NoSuchMethodError'{0x0000000710ba9930}: 'void java.lang.invoke.DirectMethodHandle$Holder.invokeStaticInit(java.lang.Object, java.lang.Object)'> (0x0000000710ba9930) 
thrown [s\src\hotspot\share\interpreter\linkResolver.cpp, line 804]
Event: 1.065 Thread 0x000001dc4a9da010 Exception <a 'java/lang/NoSuchMethodError'{0x000000071081a1c8}: 'void java.lang.invoke.DirectMethodHandle$Holder.invokeSpecial(java.lang.Object, java.lang.Object, double)'> (0x000000071081a1c8) 
thrown [s\src\hotspot\share\interpreter\linkResolver.cpp, line 804]
Event: 1.066 Thread 0x000001dc4a9da010 Exception <a 'java/lang/NoSuchMethodError'{0x0000000710832b20}: 'double java.lang.invoke.DelegatingMethodHandle$Holder.reinvoke_L(java.lang.Object, java.lang.Object, int)'> (0x0000000710832b20) 
thrown [s\src\hotspot\share\interpreter\linkResolver.cpp, line 804]
Event: 1.068 Thread 0x000001dc4a9da010 Exception <a 'java/lang/NoSuchMethodError'{0x000000071084a8e8}: 'java.lang.Object java.lang.invoke.DirectMethodHandle$Holder.invokeStatic(java.lang.Object, java.lang.Object, java.lang.Object, java.lang.Object, int)'> (0x000000071084a8e8) 
thrown [s\src\hotspot\share\interpreter\linkResolver.cpp, line 804]
Event: 1.069 Thread 0x000001dc4a9da010 Exception <a 'java/lang/NoSuchMethodError'{0x0000000710863c38}: 'void java.lang.invoke.DelegatingMethodHandle$Holder.reinvoke_L(java.lang.Object, java.lang.Object, double)'> (0x0000000710863c38) 
thrown [s\src\hotspot\share\interpreter\linkResolver.cpp, line 804]
Event: 1.125 Thread 0x000001dc4a9da010 Exception <a 'java/lang/NoSuchMethodError'{0x000000071355a138}: 'void java.lang.invoke.DirectMethodHandle$Holder.invokeSpecial(java.lang.Object, java.lang.Object, int)'> (0x000000071355a138) 
thrown [s\src\hotspot\share\interpreter\linkResolver.cpp, line 804]
Event: 1.126 Thread 0x000001dc4a9da010 Exception <a 'java/lang/NoSuchMethodError'{0x00000007135732d8}: 'void java.lang.invoke.DelegatingMethodHandle$Holder.reinvoke_L(java.lang.Object, java.lang.Object, int)'> (0x00000007135732d8) 
thrown [s\src\hotspot\share\interpreter\linkResolver.cpp, line 804]
Event: 1.144 Thread 0x000001dc4a9da010 Exception <a 'java/io/FileNotFoundException'{0x000000071335aaf0}> (0x000000071335aaf0) 
thrown [s\src\hotspot\share\prims\jni.cpp, line 516]
Event: 1.253 Thread 0x000001dc4a9da010 Exception <a 'sun/nio/fs/WindowsException'{0x0000000712aa8e68}> (0x0000000712aa8e68) 
thrown [s\src\hotspot\share\prims\jni.cpp, line 516]
Event: 1.262 Thread 0x000001dc4a9da010 Exception <a 'java/io/FileNotFoundException'{0x0000000712afbc48}> (0x0000000712afbc48) 
thrown [s\src\hotspot\share\prims\jni.cpp, line 516]
Event: 1.274 Thread 0x000001dc4a9da010 Exception <a 'java/lang/IncompatibleClassChangeError'{0x0000000712be90f8}: Found class java.lang.Object, but interface was expected> (0x0000000712be90f8) 
thrown [s\src\hotspot\share\interpreter\linkResolver.cpp, line 871]
Event: 1.329 Thread 0x000001dc4a9da010 Exception <a 'java/lang/NoSuchMethodError'{0x00000007127c9538}: 'java.lang.Object java.lang.invoke.DirectMethodHandle$Holder.newInvokeSpecial(java.lang.Object, java.lang.Object, int)'> (0x00000007127c9538) 
thrown [s\src\hotspot\share\interpreter\linkResolver.cpp, line 804]
Event: 1.337 Thread 0x000001dc4a9da010 Exception <a 'java/lang/NoSuchMethodError'{0x00000007124e1f10}: 'long java.lang.invoke.DirectMethodHandle$Holder.invokeStaticInit(java.lang.Object, java.lang.Object, java.lang.Object)'> (0x00000007124e1f10) 
thrown [s\src\hotspot\share\interpreter\linkResolver.cpp, line 804]
Event: 1.339 Thread 0x000001dc4a9da010 Exception <a 'java/lang/NoSuchMethodError'{0x000000071252ca10}: 'java.lang.Object java.lang.invoke.DirectMethodHandle$Holder.newInvokeSpecial(java.lang.Object, java.lang.Object, long)'> (0x000000071252ca10) 
thrown [s\src\hotspot\share\interpreter\linkResolver.cpp, line 804]
Event: 1.339 Thread 0x000001dc4a9da010 Exception <a 'java/lang/NoSuchMethodError'{0x0000000712535660}: 'java.lang.Object java.lang.invoke.Invokers$Holder.linkToTargetMethod(java.lang.Object, long, java.lang.Object)'> (0x0000000712535660) 
thrown [s\src\hotspot\share\interpreter\linkResolver.cpp, line 804]
Event: 1.355 Thread 0x000001dc4a98a9b0 Exception <a 'java/lang/NoSuchMethodError'{0x000000071221e390}: 'int java.lang.invoke.DirectMethodHandle$Holder.invokeStaticInit(java.lang.Object, java.lang.Object)'> (0x000000071221e390) 
thrown [s\src\hotspot\share\interpreter\linkResolver.cpp, line 804]
Event: 1.405 Thread 0x000001dc4a98a9b0 Exception <a 'java/lang/NoSuchMethodError'{0x0000000711e9b6e0}: 'java.lang.Object java.lang.invoke.DirectMethodHandle$Holder.invokeStaticInit(java.lang.Object, int)'> (0x0000000711e9b6e0) 
thrown [s\src\hotspot\share\interpreter\linkResolver.cpp, line 804]

VM Operations (20 events):
Event: 0.130 Executing non-safepoint VM operation: HandshakeAllThreads (Deoptimize)
Event: 0.130 Executing non-safepoint VM operation: HandshakeAllThreads (Deoptimize) done
Event: 0.150 Executing non-safepoint VM operation: HandshakeAllThreads (Deoptimize)
Event: 0.150 Executing non-safepoint VM operation: HandshakeAllThreads (Deoptimize) done
Event: 0.189 Executing non-safepoint VM operation: HandshakeAllThreads (Deoptimize)
Event: 0.189 Executing non-safepoint VM operation: HandshakeAllThreads (Deoptimize) done
Event: 0.576 Executing non-safepoint VM operation: HandshakeAllThreads (Deoptimize)
Event: 0.576 Executing non-safepoint VM operation: HandshakeAllThreads (Deoptimize) done
Event: 0.962 Executing non-safepoint VM operation: HandshakeAllThreads (Deoptimize)
Event: 0.962 Executing non-safepoint VM operation: HandshakeAllThreads (Deoptimize) done
Event: 0.972 Executing non-safepoint VM operation: HandshakeAllThreads (Deoptimize)
Event: 0.972 Executing non-safepoint VM operation: HandshakeAllThreads (Deoptimize) done
Event: 1.023 Executing non-safepoint VM operation: HandshakeAllThreads (Deoptimize)
Event: 1.023 Executing non-safepoint VM operation: HandshakeAllThreads (Deoptimize) done
Event: 1.087 Executing safepoint VM operation: G1CollectForAllocation (G1 Evacuation Pause)
Event: 1.091 Executing safepoint VM operation: G1CollectForAllocation (G1 Evacuation Pause) done
Event: 1.162 Executing non-safepoint VM operation: HandshakeAllThreads (Deoptimize)
Event: 1.162 Executing non-safepoint VM operation: HandshakeAllThreads (Deoptimize) done
Event: 1.325 Executing non-safepoint VM operation: HandshakeAllThreads (Deoptimize)
Event: 1.325 Executing non-safepoint VM operation: HandshakeAllThreads (Deoptimize) done

Memory protections (0 events):
No events

Nmethod flushes (0 events):
No events

Events (20 events):
Event: 0.124 Thread 0x000001dc4543b230 Thread added: 0x000001dc4543e290
Event: 0.132 Thread 0x000001dc4543e290 Thread added: 0x000001dc4543ca60
Event: 0.132 Thread 0x000001dc4543e290 Thread added: 0x000001dc4543eaa0
Event: 0.136 Thread 0x000001dc454391a0 Thread added: 0x000001dc4543d270
Event: 0.159 Thread 0x000001dc232d6350 Thread added: 0x000001dc4a3294e0
Event: 0.395 Thread 0x000001dc4543d270 Thread exited: 0x000001dc4543d270
Event: 0.419 Thread 0x000001dc232d6350 Thread added: 0x000001dc4a98a9b0
Event: 0.584 Thread 0x000001dc232d6350 Thread added: 0x000001dc4a9d9440
Event: 0.586 Thread 0x000001dc232d6350 Thread added: 0x000001dc4a9da010
Event: 0.828 Thread 0x000001dc4543eaa0 Thread exited: 0x000001dc4543eaa0
Event: 0.853 Thread 0x000001dc232d6350 Thread added: 0x000001dc4b0b1850
Event: 0.860 Thread 0x000001dc4b143b90 Thread added: 0x000001dc4b143b90
Event: 1.107 Thread 0x000001dc4a9da010 Thread added: 0x000001dc4b292810
Event: 1.381 Thread 0x000001dc4a98a9b0 Thread added: 0x000001dc4b47fe30
Event: 1.546 Thread 0x000001dc4543aa20 Thread added: 0x000001dc4a9fb2d0
Event: 2.723 Thread 0x000001dc4a9fb2d0 Thread exited: 0x000001dc4a9fb2d0
Event: 2.729 Thread 0x000001dc4543ca60 Thread exited: 0x000001dc4543ca60
Event: 5.484 Thread 0x000001dc4543e290 Thread exited: 0x000001dc4543e290
Event: 5.508 Thread 0x000001dc4543ba40 Thread exited: 0x000001dc4543ba40
Event: 5.736 Thread 0x000001dc4543aa20 Thread added: 0x000001dc4a9f8270


Dynamic libraries:
0x00007ff713340000 - 0x00007ff71334e000 	C:\Program Files\Apache NetBeans\jdk\bin\java.exe
0x00007ffbeb6a0000 - 0x00007ffbeb907000 	C:\WINDOWS\SYSTEM32\ntdll.dll
0x00007ffbe9440000 - 0x00007ffbe9509000 	C:\WINDOWS\System32\KERNEL32.DLL
0x00007ffbe8ab0000 - 0x00007ffbe8e9f000 	C:\WINDOWS\System32\KERNELBASE.dll
0x00007ffbe87f0000 - 0x00007ffbe893b000 	C:\WINDOWS\System32\ucrtbase.dll
0x00007ffbe2de0000 - 0x00007ffbe2dfe000 	C:\Program Files\Apache NetBeans\jdk\bin\VCRUNTIME140.dll
0x00007ffbdf3d0000 - 0x00007ffbdf3e6000 	C:\Program Files\Apache NetBeans\jdk\bin\jli.dll
0x00007ffbe9730000 - 0x00007ffbe98f5000 	C:\WINDOWS\System32\USER32.dll
0x00007ffbcaf00000 - 0x00007ffbcb193000 	C:\WINDOWS\WinSxS\amd64_microsoft.windows.common-controls_6595b64144ccf1df_6.0.26100.7309_none_3e05feeae336a044\COMCTL32.dll
0x00007ffbe9150000 - 0x00007ffbe9177000 	C:\WINDOWS\System32\win32u.dll
0x00007ffbea7e0000 - 0x00007ffbea889000 	C:\WINDOWS\System32\msvcrt.dll
0x00007ffbeb480000 - 0x00007ffbeb4ab000 	C:\WINDOWS\System32\GDI32.dll
0x00007ffbe8f70000 - 0x00007ffbe909c000 	C:\WINDOWS\System32\gdi32full.dll
0x00007ffbe9210000 - 0x00007ffbe92b3000 	C:\WINDOWS\System32\msvcp_win.dll
0x00007ffbe9900000 - 0x00007ffbe9931000 	C:\WINDOWS\System32\IMM32.DLL
0x00007ffbe2dd0000 - 0x00007ffbe2ddc000 	C:\Program Files\Apache NetBeans\jdk\bin\vcruntime140_1.dll
0x00007ffbd01a0000 - 0x00007ffbd022d000 	C:\Program Files\Apache NetBeans\jdk\bin\msvcp140.dll
0x00007ffb4c2c0000 - 0x00007ffb4d1e6000 	C:\Program Files\Apache NetBeans\jdk\bin\server\jvm.dll
0x00007ffbe9ba0000 - 0x00007ffbe9c54000 	C:\WINDOWS\System32\ADVAPI32.dll
0x00007ffbea380000 - 0x00007ffbea426000 	C:\WINDOWS\System32\sechost.dll
0x00007ffbea160000 - 0x00007ffbea278000 	C:\WINDOWS\System32\RPCRT4.dll
0x00007ffbea5b0000 - 0x00007ffbea624000 	C:\WINDOWS\System32\WS2_32.dll
0x00007ffbd2d60000 - 0x00007ffbd2d95000 	C:\WINDOWS\SYSTEM32\WINMM.dll
0x00007ffbd73b0000 - 0x00007ffbd73bb000 	C:\WINDOWS\SYSTEM32\VERSION.dll
0x00007ffbe8220000 - 0x00007ffbe827e000 	C:\WINDOWS\SYSTEM32\POWRPROF.dll
0x00007ffbe81c0000 - 0x00007ffbe81d4000 	C:\WINDOWS\SYSTEM32\UMPDC.dll
0x00007ffbe7560000 - 0x00007ffbe757b000 	C:\WINDOWS\SYSTEM32\kernel.appcore.dll
0x00007ffbe10f0000 - 0x00007ffbe10fa000 	C:\Program Files\Apache NetBeans\jdk\bin\jimage.dll
0x00007ffbe5b90000 - 0x00007ffbe5dd2000 	C:\WINDOWS\SYSTEM32\DBGHELP.DLL
0x00007ffbe9c60000 - 0x00007ffbe9fe5000 	C:\WINDOWS\System32\combase.dll
0x00007ffbe9ff0000 - 0x00007ffbea0c6000 	C:\WINDOWS\System32\OLEAUT32.dll
0x00007ffbd1160000 - 0x00007ffbd119c000 	C:\WINDOWS\SYSTEM32\dbgcore.DLL
0x00007ffbe90a0000 - 0x00007ffbe9145000 	C:\WINDOWS\System32\bcryptPrimitives.dll
0x00007ffbe0ce0000 - 0x00007ffbe0cfe000 	C:\Program Files\Apache NetBeans\jdk\bin\java.dll
0x00007ffbea630000 - 0x00007ffbea7c7000 	C:\WINDOWS\System32\ole32.dll
0x00007ffbea890000 - 0x00007ffbeafe3000 	C:\WINDOWS\System32\SHELL32.dll
0x00007ffbe8940000 - 0x00007ffbe8aaa000 	C:\WINDOWS\System32\wintypes.dll
0x00007ffbe63d0000 - 0x00007ffbe6c2e000 	C:\WINDOWS\SYSTEM32\windows.storage.dll
0x00007ffbe9510000 - 0x00007ffbe9605000 	C:\WINDOWS\System32\SHCORE.dll
0x00007ffbeb4b0000 - 0x00007ffbeb516000 	C:\WINDOWS\System32\shlwapi.dll
0x00007ffbe8710000 - 0x00007ffbe8739000 	C:\WINDOWS\SYSTEM32\profapi.dll
0x00007ffbd0250000 - 0x00007ffbd0261000 	C:\Program Files\Apache NetBeans\jdk\bin\net.dll
0x00007ffbe7ab0000 - 0x00007ffbe7b1b000 	C:\WINDOWS\system32\mswsock.dll
0x00007ffbd0230000 - 0x00007ffbd0246000 	C:\Program Files\Apache NetBeans\jdk\bin\nio.dll
0x00007ffbd0d80000 - 0x00007ffbd0d97000 	C:\Program Files\Apache NetBeans\jdk\bin\zip.dll
0x000001dc236e0000 - 0x000001dc236e3000 	C:\Users\Rep JGL\.openjfx\cache\13\api-ms-win-core-console-l1-1-0.dll
0x000001dc236f0000 - 0x000001dc236f3000 	C:\Users\Rep JGL\.openjfx\cache\13\api-ms-win-core-datetime-l1-1-0.dll
0x000001dc23700000 - 0x000001dc23703000 	C:\Users\Rep JGL\.openjfx\cache\13\api-ms-win-core-debug-l1-1-0.dll
0x000001dc23710000 - 0x000001dc23713000 	C:\Users\Rep JGL\.openjfx\cache\13\api-ms-win-core-errorhandling-l1-1-0.dll
0x000001dc23720000 - 0x000001dc23724000 	C:\Users\Rep JGL\.openjfx\cache\13\api-ms-win-core-file-l1-1-0.dll
0x000001dc23730000 - 0x000001dc23733000 	C:\Users\Rep JGL\.openjfx\cache\13\api-ms-win-core-file-l1-2-0.dll
0x000001dc23740000 - 0x000001dc23743000 	C:\Users\Rep JGL\.openjfx\cache\13\api-ms-win-core-file-l2-1-0.dll
0x000001dc23750000 - 0x000001dc23753000 	C:\Users\Rep JGL\.openjfx\cache\13\api-ms-win-core-handle-l1-1-0.dll
0x000001dc45e20000 - 0x000001dc45e23000 	C:\Users\Rep JGL\.openjfx\cache\13\api-ms-win-core-heap-l1-1-0.dll
0x000001dc45e30000 - 0x000001dc45e33000 	C:\Users\Rep JGL\.openjfx\cache\13\api-ms-win-core-interlocked-l1-1-0.dll
0x000001dc45e40000 - 0x000001dc45e43000 	C:\Users\Rep JGL\.openjfx\cache\13\api-ms-win-core-libraryloader-l1-1-0.dll
0x000001dc45e50000 - 0x000001dc45e53000 	C:\Users\Rep JGL\.openjfx\cache\13\api-ms-win-core-localization-l1-2-0.dll
0x000001dc45e60000 - 0x000001dc45e63000 	C:\Users\Rep JGL\.openjfx\cache\13\api-ms-win-core-memory-l1-1-0.dll
0x000001dc45e70000 - 0x000001dc45e73000 	C:\Users\Rep JGL\.openjfx\cache\13\api-ms-win-core-namedpipe-l1-1-0.dll
0x000001dc45e80000 - 0x000001dc45e83000 	C:\Users\Rep JGL\.openjfx\cache\13\api-ms-win-core-processenvironment-l1-1-0.dll
0x000001dc45e90000 - 0x000001dc45e93000 	C:\Users\Rep JGL\.openjfx\cache\13\api-ms-win-core-processthreads-l1-1-0.dll
0x000001dc45ea0000 - 0x000001dc45ea3000 	C:\Users\Rep JGL\.openjfx\cache\13\api-ms-win-core-processthreads-l1-1-1.dll
0x000001dc45eb0000 - 0x000001dc45eb3000 	C:\Users\Rep JGL\.openjfx\cache\13\api-ms-win-core-profile-l1-1-0.dll
0x000001dc45ec0000 - 0x000001dc45ec3000 	C:\Users\Rep JGL\.openjfx\cache\13\api-ms-win-core-rtlsupport-l1-1-0.dll
0x000001dc45ed0000 - 0x000001dc45ed3000 	C:\Users\Rep JGL\.openjfx\cache\13\api-ms-win-core-string-l1-1-0.dll
0x000001dc45ee0000 - 0x000001dc45ee3000 	C:\Users\Rep JGL\.openjfx\cache\13\api-ms-win-core-synch-l1-1-0.dll
0x000001dc45ef0000 - 0x000001dc45ef3000 	C:\Users\Rep JGL\.openjfx\cache\13\api-ms-win-core-synch-l1-2-0.dll
0x000001dc45f00000 - 0x000001dc45f03000 	C:\Users\Rep JGL\.openjfx\cache\13\api-ms-win-core-sysinfo-l1-1-0.dll
0x000001dc45f10000 - 0x000001dc45f13000 	C:\Users\Rep JGL\.openjfx\cache\13\api-ms-win-core-timezone-l1-1-0.dll
0x000001dc45f20000 - 0x000001dc45f23000 	C:\Users\Rep JGL\.openjfx\cache\13\api-ms-win-core-util-l1-1-0.dll
0x000001dc45f30000 - 0x000001dc45f33000 	C:\Users\Rep JGL\.openjfx\cache\13\api-ms-win-crt-conio-l1-1-0.dll
0x000001dc45f40000 - 0x000001dc45f44000 	C:\Users\Rep JGL\.openjfx\cache\13\api-ms-win-crt-convert-l1-1-0.dll
0x000001dc45f50000 - 0x000001dc45f53000 	C:\Users\Rep JGL\.openjfx\cache\13\api-ms-win-crt-environment-l1-1-0.dll
0x000001dc45f60000 - 0x000001dc45f63000 	C:\Users\Rep JGL\.openjfx\cache\13\api-ms-win-crt-filesystem-l1-1-0.dll
0x000001dc45f70000 - 0x000001dc45f73000 	C:\Users\Rep JGL\.openjfx\cache\13\api-ms-win-crt-heap-l1-1-0.dll
0x000001dc45f80000 - 0x000001dc45f83000 	C:\Users\Rep JGL\.openjfx\cache\13\api-ms-win-crt-locale-l1-1-0.dll
0x000001dc45f90000 - 0x000001dc45f95000 	C:\Users\Rep JGL\.openjfx\cache\13\api-ms-win-crt-math-l1-1-0.dll
0x000001dc45fa0000 - 0x000001dc45fa5000 	C:\Users\Rep JGL\.openjfx\cache\13\api-ms-win-crt-multibyte-l1-1-0.dll
0x000001dc45fb0000 - 0x000001dc45fc0000 	C:\Users\Rep JGL\.openjfx\cache\13\api-ms-win-crt-private-l1-1-0.dll
0x000001dc45fc0000 - 0x000001dc45fc3000 	C:\Users\Rep JGL\.openjfx\cache\13\api-ms-win-crt-process-l1-1-0.dll
0x000001dc45fd0000 - 0x000001dc45fd4000 	C:\Users\Rep JGL\.openjfx\cache\13\api-ms-win-crt-runtime-l1-1-0.dll
0x000001dc45fe0000 - 0x000001dc45fe4000 	C:\Users\Rep JGL\.openjfx\cache\13\api-ms-win-crt-stdio-l1-1-0.dll
0x000001dc45ff0000 - 0x000001dc45ff4000 	C:\Users\Rep JGL\.openjfx\cache\13\api-ms-win-crt-string-l1-1-0.dll
0x000001dc4b7d0000 - 0x000001dc4b7d3000 	C:\Users\Rep JGL\.openjfx\cache\13\api-ms-win-crt-time-l1-1-0.dll
0x000001dc4b7e0000 - 0x000001dc4b7e3000 	C:\Users\Rep JGL\.openjfx\cache\13\api-ms-win-crt-utility-l1-1-0.dll
0x00007ffb60130000 - 0x00007ffb6022c000 	C:\Users\Rep JGL\.openjfx\cache\13\ucrtbase.dll
0x00007ffbcea90000 - 0x00007ffbceaa5000 	C:\Users\Rep JGL\.openjfx\cache\13\vcruntime140.dll
0x00007ffb60090000 - 0x00007ffb6012b000 	C:\Users\Rep JGL\.openjfx\cache\13\msvcp140.dll
0x00007ffbce940000 - 0x00007ffbce991000 	C:\Users\Rep JGL\.openjfx\cache\13\concrt140.dll
0x00007ffbce910000 - 0x00007ffbce933000 	C:\Users\Rep JGL\.openjfx\cache\13\prism_d3d.dll
0x00007ffba8bc0000 - 0x00007ffba8d73000 	C:\WINDOWS\system32\d3d9.dll
0x00007ffbe5870000 - 0x00007ffbe58a0000 	C:\WINDOWS\SYSTEM32\dwmapi.dll
0x00007ffbe56c0000 - 0x00007ffbe5704000 	C:\WINDOWS\SYSTEM32\dxcore.dll
0x00007ffbe55e0000 - 0x00007ffbe568b000 	C:\WINDOWS\system32\uxtheme.dll
0x00007ffbe8480000 - 0x00007ffbe84d7000 	C:\WINDOWS\SYSTEM32\cfgmgr32.dll
0x00007ffbe2d60000 - 0x00007ffbe2dc3000 	C:\WINDOWS\SYSTEM32\directxdatabasehelper.dll
0x00007ffbe7f00000 - 0x00007ffbe7f13000 	C:\WINDOWS\SYSTEM32\msasn1.dll
0x00007ffbd72f0000 - 0x00007ffbd732b000 	C:\WINDOWS\SYSTEM32\cryptnet.dll
0x00007ffbe92c0000 - 0x00007ffbe9437000 	C:\WINDOWS\System32\CRYPT32.dll
0x00007ffbe7d00000 - 0x00007ffbe7d0c000 	C:\WINDOWS\SYSTEM32\cryptbase.dll
0x00007ffbe9180000 - 0x00007ffbe9200000 	C:\WINDOWS\System32\wintrust.dll
0x00007ffbeb630000 - 0x00007ffbeb650000 	C:\WINDOWS\System32\imagehlp.dll
0x00007ffbe7ea0000 - 0x00007ffbe7ebb000 	C:\WINDOWS\SYSTEM32\CRYPTSP.dll
0x00007ffbe74c0000 - 0x00007ffbe74fa000 	C:\WINDOWS\system32\rsaenh.dll
0x00007ffbe86e0000 - 0x00007ffbe870a000 	C:\WINDOWS\SYSTEM32\bcrypt.dll
0x00007ffb99140000 - 0x00007ffb99185000 	C:\Users\Rep JGL\.openjfx\cache\13\glass.dll
0x00007ffbea280000 - 0x00007ffbea370000 	C:\WINDOWS\System32\COMDLG32.dll
0x00007ffbea440000 - 0x00007ffbea59e000 	C:\WINDOWS\System32\MSCTF.dll
0x00007ffbb8de0000 - 0x00007ffbb8ea4000 	C:\WINDOWS\System32\DriverStore\FileRepository\nvlti.inf_amd64_923ecf596c1d55f9\nvldumdx.dll
0x00007ffbe7da0000 - 0x00007ffbe7e05000 	C:\WINDOWS\SYSTEM32\wldp.dll
0x00007ffbd7170000 - 0x00007ffbd72eb000 	C:\WINDOWS\SYSTEM32\drvstore.dll
0x00007ffbe8450000 - 0x00007ffbe847d000 	C:\WINDOWS\SYSTEM32\devobj.dll
0x00007ffba2310000 - 0x00007ffba60a4000 	C:\WINDOWS\System32\DriverStore\FileRepository\nvlti.inf_amd64_923ecf596c1d55f9\nvgpucomp64.dll
0x00007ffbb6f00000 - 0x00007ffbb6fde000 	C:\WINDOWS\System32\DriverStore\FileRepository\nvlti.inf_amd64_923ecf596c1d55f9\NvMemMapStoragex.dll
0x00007ffb276c0000 - 0x00007ffb2a1c5000 	C:\WINDOWS\System32\DriverStore\FileRepository\nvlti.inf_amd64_923ecf596c1d55f9\nvd3dumx.dll
0x00007ffbb41f0000 - 0x00007ffbb4337000 	C:\WINDOWS\system32\nvspcap64.dll
0x00007ffbe7680000 - 0x00007ffbe76b6000 	C:\WINDOWS\SYSTEM32\ntmarta.dll
0x00007ffbe7b20000 - 0x00007ffbe7b52000 	C:\WINDOWS\SYSTEM32\gpapi.dll
0x00007ffb87080000 - 0x00007ffb87237000 	C:\WINDOWS\System32\DriverStore\FileRepository\nvlti.inf_amd64_923ecf596c1d55f9\nvppex.dll
0x00007ffb5fee0000 - 0x00007ffb6008c000 	C:\WINDOWS\System32\DriverStore\FileRepository\iigd_dch.inf_amd64_188be4c1587f7330\igdumdim64.dll
0x00007ffb11360000 - 0x00007ffb15bbb000 	C:\WINDOWS\System32\DriverStore\FileRepository\iigd_dch.inf_amd64_188be4c1587f7330\igd9dxva64.dll
0x00007ffbeaff0000 - 0x00007ffbeb47a000 	C:\WINDOWS\System32\SETUPAPI.dll
0x00007ffbdbbe0000 - 0x00007ffbdbfea000 	C:\WINDOWS\System32\DriverStore\FileRepository\iigd_dch.inf_amd64_188be4c1587f7330\igdgmm64.dll
0x00007ffbbf490000 - 0x00007ffbbf4b7000 	C:\WINDOWS\System32\DriverStore\FileRepository\iigd_dch.inf_amd64_188be4c1587f7330\igdinfo64.dll
0x00007ffbd73c0000 - 0x00007ffbdba30000 	C:\WINDOWS\System32\DriverStore\FileRepository\iigd_dch.inf_amd64_188be4c1587f7330\igc64.dll
0x00007ffbb5200000 - 0x00007ffbb5214000 	C:\Users\Rep JGL\.openjfx\cache\13\javafx_font.dll
0x00007ffbe3f70000 - 0x00007ffbe41d7000 	C:\WINDOWS\SYSTEM32\dwrite.dll
0x00007ffbe9670000 - 0x00007ffbe9720000 	C:\WINDOWS\System32\clbcatq.dll

JVMTI agents: none

dbghelp: loaded successfully - version: 4.0.5 - missing functions: none
symbol engine: initialized successfully - sym options: 0x614 - pdb path: .;C:\Program Files\Apache NetBeans\jdk\bin;C:\WINDOWS\SYSTEM32;C:\WINDOWS\WinSxS\amd64_microsoft.windows.common-controls_6595b64144ccf1df_6.0.26100.7309_none_3e05feeae336a044;C:\Program Files\Apache NetBeans\jdk\bin\server;C:\Users\Rep JGL\.openjfx\cache\13;C:\WINDOWS\System32\DriverStore\FileRepository\nvlti.inf_amd64_923ecf596c1d55f9;C:\WINDOWS\System32\DriverStore\FileRepository\iigd_dch.inf_amd64_188be4c1587f7330;C:\Program Files\Common Files\Microsoft Shared\Ink

VM Arguments:
jvm_args: --module-path=D:\projects\ITI\java\java project\final XO\target\classes;C:\Users\Rep JGL\.m2\repository\com\google\code\gson\gson\2.10.1\gson-2.10.1.jar;C:\Users\Rep JGL\.m2\repository\jakarta\json\jakarta.json-api\2.0.1\jakarta.json-api-2.0.1.jar;C:\Users\Rep JGL\.m2\repository\org\json\json\20240303\json-20240303.jar;C:\Users\Rep JGL\.m2\repository\org\openjfx\javafx-base\13\javafx-base-13-win.jar;C:\Users\Rep JGL\.m2\repository\org\openjfx\javafx-controls\13\javafx-controls-13-win.jar;C:\Users\Rep JGL\.m2\repository\org\openjfx\javafx-fxml\13\javafx-fxml-13-win.jar;C:\Users\Rep JGL\.m2\repository\org\openjfx\javafx-graphics\13\javafx-graphics-13-win.jar;C:\Users\Rep JGL\.m2\repository\org\openjfx\javafx-media\13\javafx-media-13-win.jar --add-modules=com.mycompany.client_xo_game -Djdk.module.main=com.mycompany.client_xo_game 
java_command: com.mycompany.client_xo_game/com.mycompany.client_xo_game.App
java_class_path (initial): D:\projects\ITI\java\java project\final XO\target\classes;C:\Users\Rep JGL\.m2\repository\org\eclipse\parsson\parsson\1.0.0\parsson-1.0.0.jar;C:\Users\Rep JGL\.m2\repository\org\openjfx\javafx-base\13\javafx-base-13.jar;C:\Users\Rep JGL\.m2\repository\org\openjfx\javafx-controls\13\javafx-controls-13.jar;C:\Users\Rep JGL\.m2\repository\org\openjfx\javafx-fxml\13\javafx-fxml-13.jar;C:\Users\Rep JGL\.m2\repository\org\openjfx\javafx-graphics\13\javafx-graphics-13.jar;C:\Users\Rep JGL\.m2\repository\org\openjfx\javafx-media\13\javafx-media-13.jar
Launcher Type: SUN_STANDARD

[Global flags]
     intx CICompilerCount                          = 12                                        {product} {ergonomic}
     uint ConcGCThreads                            = 3                                         {product} {ergonomic}
     uint G1ConcRefinementThreads                  = 13                                        {product} {ergonomic}
   size_t G1HeapRegionSize                         = 2097152                                   {product} {ergonomic}
   size_t InitialHeapSize                          = 266338304                                 {product} {ergonomic}
   size_t MarkStackSize                            = 4194304                                   {product} {ergonomic}
   size_t MarkStackSizeMax                         = 536870912                                 {product} {ergonomic}
   size_t MaxHeapSize                              = 4234149888                                {product} {ergonomic}
   size_t MaxNewSize                               = 2539651072                                {product} {ergonomic}
   size_t MinHeapDeltaBytes                        = 2097152                                   {product} {ergonomic}
   size_t MinHeapSize                              = 8388608                                   {product} {ergonomic}
    uintx NonNMethodCodeHeapSize                   = 7602176                                {pd product} {ergonomic}
    uintx NonProfiledCodeHeapSize                  = 122093568                              {pd product} {ergonomic}
    uintx ProfiledCodeHeapSize                     = 121962496                              {pd product} {ergonomic}
    uintx ReservedCodeCacheSize                    = 251658240                              {pd product} {ergonomic}
     bool SegmentedCodeCache                       = true                                      {product} {ergonomic}
   size_t SoftMaxHeapSize                          = 4234149888                             {manageable} {ergonomic}
     bool UseCompressedOops                        = true                           {product lp64_product} {ergonomic}
     bool UseG1GC                                  = true                                      {product} {ergonomic}
     bool UseLargePagesIndividualAllocation        = false                                  {pd product} {ergonomic}

Logging:
Log output configuration:
 #0: stdout all=warning uptime,level,tags foldmultilines=false
 #1: stderr all=off uptime,level,tags foldmultilines=false

Release file:
IMPLEMENTOR="Eclipse Adoptium" 
IMPLEMENTOR_VERSION="Temurin-25.0.1+8" 
JAVA_RUNTIME_VERSION="25.0.1+8-LTS" 
JAVA_VERSION="25.0.1" 
JAVA_VERSION_DATE="2025-10-21" 
LIBC="default" 
MODULES="java.base java.compiler java.datatransfer java.xml java.prefs java.desktop java.instrument java.logging java.management java.security.sasl java.naming java.rmi java.management.rmi java.net.http java.scripting java.security.jgss java.transaction.xa java.sql java.sql.rowset java.xml.crypto java.se java.smartcardio jdk.accessibility jdk.internal.jvmstat jdk.attach jdk.charsets jdk.internal.opt jdk.zipfs jdk.compiler jdk.crypto.cryptoki jdk.crypto.ec jdk.crypto.mscapi jdk.dynalink jdk.internal.ed jdk.editpad jdk.internal.vm.ci jdk.graal.compiler jdk.graal.compiler.management jdk.hotspot.agent jdk.httpserver jdk.incubator.vector jdk.internal.le jdk.internal.md jdk.jartool jdk.javadoc jdk.jcmd jdk.management jdk.management.agent jdk.jconsole jdk.jdeps jdk.jdwp.agent jdk.jdi jdk.jfr jdk.jlink jdk.jpackage jdk.jshell jdk.jsobject jdk.jstatd jdk.localedata jdk.management.jfr jdk.naming.dns jdk.naming.rmi jdk.net jdk.nio.mapmode jdk.sctp jdk.security.auth jdk.security.jgss jdk.unsupported jdk.unsupported.desktop jdk.xml.dom" 
OS_ARCH="x86_64" 
OS_NAME="Windows" 
SOURCE=".:git:61d6a2c1b35e" 
BUILD_SOURCE="git:839fa0b45d809157cffd3dc8515aad262a4a1776"
BUILD_SOURCE_REPO="https://github.com/adoptium/temurin-build.git"
SOURCE_REPO="https://github.com/adoptium/jdk25u.git"
FULL_VERSION="25.0.1+8-LTS"
SEMANTIC_VERSION="25.0.1+8"
BUILD_INFO="OS: Windows Server 2022 Version: 10.0"
JVM_VARIANT="Hotspot"
JVM_VERSION="25.0.1+8-LTS"
IMAGE_TYPE="JDK"

Environment Variables:
JAVA_HOME=C:\Program Files\Apache NetBeans\jdk
PATH=C:\Program Files\Eclipse Adoptium\jdk-21.0.5.11-hotspot\bin;C:\Program Files\Python311\Scripts\;C:\Program Files\Python311\;C:\Program Files (x86)\Common Files\Oracle\Java\javapath;C:\Windows\system32;C:\Windows;C:\Windows\System32\Wbem;C:\Windows\System32\WindowsPowerShell\v1.0\;C:\Windows\System32\OpenSSH\;C:\Program Files (x86)\NVIDIA Corporation\PhysX\Common;C:\Program Files\dotnet\;D:\programs\bin;C:\Program Files (x86)\dotnet\;C:\WINDOWS\system32;C:\WINDOWS;C:\WINDOWS\System32\Wbem;C:\WINDOWS\System32\WindowsPowerShell\v1.0\;C:\WINDOWS\System32\OpenSSH\;C:\Users\Rep JGL\AppData\Roaming\Python\Python310\Scripts;C:\src\flutter\bin;C:\Program Files\NVIDIA Corporation\NVIDIA app\NvDLISR;D:\programs\;C:\Program Files\Cloudflare\Cloudflare WARP\;C:\Tools;C:\Program Files\CMake\bin;C:\tools\Ninja;C:\ffmpeg\ffmpeg-2025-06-02-git-688f3944ce-essentials_build\bin;C:\src\flutter new\bin;D:\programs\Git\cmd;C:\Program Files\Java\jdk1.8.0_112\bin;C:\Users\Rep JGL\AppData\Local\Microsoft\WindowsApps;C:\Program Files\CodeBlocks\MinGW\bin;D:\programs\CodeBlocks\MinGW\bin;D:\programs\Microsoft VS Code\bin;C:\src\flutter;C:\Users\Rep JGL\.dotnet\tools;C:\Users\Rep JGL\AppData\Local\GitHubDesktop\bin;C:\Users\Rep JGL\AppData\Roaming\npm;C:\tools\Ninja;C:\src\flutter new;C:\msys64\ucrt64\bin;C:\msys64\mingw64\bin;D:\programs\IntelliJ IDEA 2025.3.1\bin
USERNAME=Rep JGL
OS=Windows_NT
PROCESSOR_IDENTIFIER=Intel64 Family 6 Model 141 Stepping 1, GenuineIntel
TMP=C:\Users\REPJGL~1\AppData\Local\Temp
TEMP=C:\Users\REPJGL~1\AppData\Local\Temp




Compilation memory statistics disabled.

Periodic native trim disabled

---------------  S Y S T E M  ---------------

OS:
 Windows 11 , 64 bit Build 26100 (10.0.26100.7309)
OS uptime: 14 days 23:46 hours
Hyper-V role detected

CPU: total 16 (initial active 16) (8 cores per cpu, 2 threads per core) family 6 model 141 stepping 1 microcode 0x50, cx8, cmov, fxsr, ht, mmx, 3dnowpref, sse, sse2, sse3, ssse3, sse4.1, sse4.2, popcnt, lzcnt, tsc, tscinvbit, avx, avx2, aes, erms, clmul, bmi1, bmi2, adx, avx512f, avx512dq, avx512cd, avx512bw, avx512vl, sha, fma, vzeroupper, avx512_vpopcntdq, avx512_vpclmulqdq, avx512_vaes, avx512_vnni, clflush, clflushopt, clwb, avx512_vbmi2, avx512_vbmi, hv, rdtscp, rdpid, fsrm, gfni, avx512_bitalg, f16c, cet_ibt, cet_ss, avx512_ifma
Processor Information for the first 16 processors :
  Max Mhz: 2304, Current Mhz: 2304, Mhz Limit: 2304

Memory: 4k page, system-wide physical 16151M (2614M free)
TotalPageFile size 24077M (AvailPageFile size 5M)
current process WorkingSet (physical memory assigned to process): 199M, peak: 199M
current process commit charge ("private bytes"): 554M, peak: 558M

vm_info: OpenJDK 64-Bit Server VM (25.0.1+8-LTS) for windows-amd64 JRE (25.0.1+8-LTS), built on 2025-10-21T00:00:00Z with unknown MS VC++:1942

END.
