#
# There is insufficient memory for the Java Runtime Environment to continue.
# Native memory allocation (malloc) failed to allocate 1319136 bytes. Error detail: Chunk::new
# Possible reasons:
#   The system is out of physical RAM or swap space
#   This process is running with CompressedOops enabled, and the Java Heap may be blocking the growth of the native heap
# Possible solutions:
#   Reduce memory load on the system
#   Increase physical memory or swap space
#   Check if swap backing store is full
#   Decrease Java heap size (-Xmx/-Xms)
#   Decrease number of Java threads
#   Decrease Java thread stack sizes (-Xss)
#   Set larger code cache with -XX:ReservedCodeCacheSize=
#   JVM is running with Unscaled Compressed Oops mode in which the Java heap is
#     placed in the first 4GB address space. The Java Heap base address is the
#     maximum limit for the native heap growth. Please use -XX:HeapBaseMinAddress
#     to set the Java Heap base and to place the Java Heap above 4GB virtual address.
# This output file may be truncated or incomplete.
#
#  Out of Memory Error (arena.cpp:168), pid=25952, tid=22032
#
# JRE version: OpenJDK Runtime Environment Temurin-21.0.9+10 (21.0.9+10) (build 21.0.9+10-LTS)
# Java VM: OpenJDK 64-Bit Server VM Temurin-21.0.9+10 (21.0.9+10-LTS, mixed mode, sharing, tiered, compressed oops, compressed class ptrs, parallel gc, windows-amd64)
# No core dump will be written. Minidumps are not enabled by default on client versions of Windows
#

---------------  S U M M A R Y ------------

Command Line: --add-modules=ALL-SYSTEM --add-opens=java.base/java.util=ALL-UNNAMED --add-opens=java.base/java.lang=ALL-UNNAMED --add-opens=java.base/sun.nio.fs=ALL-UNNAMED -Declipse.application=org.eclipse.jdt.ls.core.id1 -Dosgi.bundles.defaultStartLevel=4 -Declipse.product=org.eclipse.jdt.ls.core.product -Djava.import.generatesMetadataFilesAtProjectRoot=false -DDetectVMInstallationsJob.disabled=true -Dfile.encoding=utf8 -XX:+UseParallelGC -XX:GCTimeRatio=4 -XX:AdaptiveSizePolicyWeight=90 -Dsun.zip.disableMemoryMapping=true -Xmx2G -Xms100m -Xlog:disable -javaagent:c:\Users\Rep JGL\.vscode\extensions\redhat.java-1.50.0-win32-x64\lombok\lombok-1.18.39-4050.jar -XX:+HeapDumpOnOutOfMemoryError -XX:HeapDumpPath=c:\Users\Rep JGL\AppData\Roaming\Code\User\workspaceStorage\980c11be39d05edf80406062257a9605\redhat.java -Daether.dependencyCollector.impl=bf c:\Users\Rep JGL\.vscode\extensions\redhat.java-1.50.0-win32-x64\server\plugins\org.eclipse.equinox.launcher_1.7.100.v20251111-0406.jar -configuration c:\Users\Rep JGL\AppData\Roaming\Code\User\globalStorage\redhat.java\1.50.0\config_win -data c:\Users\Rep JGL\AppData\Roaming\Code\User\workspaceStorage\980c11be39d05edf80406062257a9605\redhat.java\jdt_ws --pipe=\\.\pipe\lsp-65d877c47897a53a85aaead852f2f276-sock

Host: 11th Gen Intel(R) Core(TM) i7-11800H @ 2.30GHz, 16 cores, 15G,  Windows 11 , 64 bit Build 26100 (10.0.26100.7309)
Time: Mon Dec 29 19:41:05 2025 Egypt Standard Time elapsed time: 22.042257 seconds (0d 0h 0m 22s)

---------------  T H R E A D  ---------------

Current thread (0x000002ae161678d0):  JavaThread "C2 CompilerThread4" daemon [_thread_in_native, id=22032, stack(0x000000be3cc00000,0x000000be3cd00000) (1024K)]


Current CompileTask:
C2:22042 5432   !   4       org.eclipse.osgi.internal.loader.classpath.ClasspathManager::findLocalClass (210 bytes)

Stack: [0x000000be3cc00000,0x000000be3cd00000]
Native frames: (J=compiled Java code, j=interpreted, Vv=VM code, C=native code)
V  [jvm.dll+0x6d6e29]
V  [jvm.dll+0x8b4b76]
V  [jvm.dll+0x8b712e]
V  [jvm.dll+0x8b7813]
V  [jvm.dll+0x283d86]
V  [jvm.dll+0xc66ed]
V  [jvm.dll+0xc6c31]
V  [jvm.dll+0x3be53b]
V  [jvm.dll+0x38ab92]
V  [jvm.dll+0x389fda]
V  [jvm.dll+0x24bfa0]
V  [jvm.dll+0x24b580]
V  [jvm.dll+0x1cb13e]
V  [jvm.dll+0x25b29d]
V  [jvm.dll+0x25982a]
V  [jvm.dll+0x3f7ea6]
V  [jvm.dll+0x85e9ad]
V  [jvm.dll+0x6d565d]
C  [ucrtbase.dll+0x37b0]
C  [KERNEL32.DLL+0x2e8d7]
C  [ntdll.dll+0x8c53c]


---------------  P R O C E S S  ---------------

Threads class SMR info:
_java_thread_list=0x000002ae1acce8e0, length=55, elements={
0x000002adb6ddf5c0, 0x000002adcd88dfd0, 0x000002adb6e81ad0, 0x000002adb6e84cc0,
0x000002adb6e85910, 0x000002adb6e8b9e0, 0x000002adb6e91ae0, 0x000002adb6e9beb0,
0x000002adb6e9d0e0, 0x000002ae0ff5a270, 0x000002ae100bbf40, 0x000002ae166a3040,
0x000002ae163bd150, 0x000002ae162e4fe0, 0x000002ae162e5d00, 0x000002ae0ffb3700,
0x000002ae0ffb3d90, 0x000002ae161656c0, 0x000002ae16166b30, 0x000002ae16164ff0,
0x000002ae16166460, 0x000002ae0ffb3070, 0x000002ae0ffb4420, 0x000002ae0ffb2350,
0x000002ae16167fa0, 0x000002ae0ffb4ab0, 0x000002ae0ffb29e0, 0x000002ae0ffb6b80,
0x000002ae0ffb78a0, 0x000002ae0ffb7f30, 0x000002ae0ffb7210, 0x000002ae0ffb5e60,
0x000002ae0ffb85c0, 0x000002ae0ffb5140, 0x000002ae0ffb64f0, 0x000002ae0ffb8c50,
0x000002ae0ffb57d0, 0x000002ae0ffb92e0, 0x000002ae0ffb9970, 0x000002ae162e42c0,
0x000002ae162e4950, 0x000002ae162e3c30, 0x000002ae162e6390, 0x000002ae162e2f10,
0x000002ae162e5670, 0x000002ae162e35a0, 0x000002ae181d8cc0, 0x000002ae16167200,
0x000002ae161678d0, 0x000002ae18895f70, 0x000002ae188973e0, 0x000002ae181d7fa0,
0x000002ae181d5840, 0x000002ae181d6bf0, 0x000002ae181d8630
}

Java Threads: ( => current thread )
  0x000002adb6ddf5c0 JavaThread "main"                              [_thread_blocked, id=12204, stack(0x000000be38a00000,0x000000be38b00000) (1024K)]
  0x000002adcd88dfd0 JavaThread "Reference Handler"          daemon [_thread_blocked, id=15872, stack(0x000000be38e00000,0x000000be38f00000) (1024K)]
  0x000002adb6e81ad0 JavaThread "Finalizer"                  daemon [_thread_blocked, id=31324, stack(0x000000be38f00000,0x000000be39000000) (1024K)]
  0x000002adb6e84cc0 JavaThread "Signal Dispatcher"          daemon [_thread_blocked, id=29688, stack(0x000000be39000000,0x000000be39100000) (1024K)]
  0x000002adb6e85910 JavaThread "Attach Listener"            daemon [_thread_blocked, id=24488, stack(0x000000be39100000,0x000000be39200000) (1024K)]
  0x000002adb6e8b9e0 JavaThread "Service Thread"             daemon [_thread_blocked, id=23080, stack(0x000000be39200000,0x000000be39300000) (1024K)]
  0x000002adb6e91ae0 JavaThread "Monitor Deflation Thread"   daemon [_thread_blocked, id=17248, stack(0x000000be39300000,0x000000be39400000) (1024K)]
  0x000002adb6e9beb0 JavaThread "C2 CompilerThread0"         daemon [_thread_in_native, id=24916, stack(0x000000be39400000,0x000000be39500000) (1024K)]
  0x000002adb6e9d0e0 JavaThread "C1 CompilerThread0"         daemon [_thread_blocked, id=25000, stack(0x000000be39500000,0x000000be39600000) (1024K)]
  0x000002ae0ff5a270 JavaThread "Common-Cleaner"             daemon [_thread_blocked, id=20948, stack(0x000000be39700000,0x000000be39800000) (1024K)]
  0x000002ae100bbf40 JavaThread "Notification Thread"        daemon [_thread_blocked, id=3236, stack(0x000000be39a00000,0x000000be39b00000) (1024K)]
  0x000002ae166a3040 JavaThread "Active Thread: Equinox Container: 1a8aee99-9427-4534-8f0a-c2181d7217c9"        [_thread_blocked, id=13724, stack(0x000000be3a900000,0x000000be3aa00000) (1024K)]
  0x000002ae163bd150 JavaThread "Framework Event Dispatcher: Equinox Container: 1a8aee99-9427-4534-8f0a-c2181d7217c9" daemon [_thread_blocked, id=4552, stack(0x000000be39800000,0x000000be39900000) (1024K)]
  0x000002ae162e4fe0 JavaThread "Start Level: Equinox Container: 1a8aee99-9427-4534-8f0a-c2181d7217c9" daemon [_thread_blocked, id=25856, stack(0x000000be39900000,0x000000be39a00000) (1024K)]
  0x000002ae162e5d00 JavaThread "Refresh Thread: Equinox Container: 1a8aee99-9427-4534-8f0a-c2181d7217c9" daemon [_thread_blocked, id=8248, stack(0x000000be3ab00000,0x000000be3ac00000) (1024K)]
  0x000002ae0ffb3700 JavaThread "Bundle File Closer"         daemon [_thread_blocked, id=27124, stack(0x000000be39b00000,0x000000be39c00000) (1024K)]
  0x000002ae0ffb3d90 JavaThread "SCR Component Actor"        daemon [_thread_blocked, id=22740, stack(0x000000be3a200000,0x000000be3a300000) (1024K)]
  0x000002ae161656c0 JavaThread "C1 CompilerThread1"         daemon [_thread_blocked, id=4208, stack(0x000000be3ac00000,0x000000be3ad00000) (1024K)]
  0x000002ae16166b30 JavaThread "C1 CompilerThread2"         daemon [_thread_blocked, id=23736, stack(0x000000be3ad00000,0x000000be3ae00000) (1024K)]
  0x000002ae16164ff0 JavaThread "C1 CompilerThread3"         daemon [_thread_blocked, id=15072, stack(0x000000be3b800000,0x000000be3b900000) (1024K)]
  0x000002ae16166460 JavaThread "C2 CompilerThread1"         daemon [_thread_in_vm, id=30900, stack(0x000000be3b900000,0x000000be3ba00000) (1024K)]
  0x000002ae0ffb3070 JavaThread "Worker-JM"                         [_thread_blocked, id=17864, stack(0x000000be3be00000,0x000000be3bf00000) (1024K)]
  0x000002ae0ffb4420 JavaThread "Worker-0: Initialize After Load"        [_thread_blocked, id=28532, stack(0x000000be3bd00000,0x000000be3be00000) (1024K)]
  0x000002ae0ffb2350 JavaThread "Worker-1: Loading available Gradle versions"        [_thread_in_native, id=6860, stack(0x000000be3c000000,0x000000be3c100000) (1024K)]
  0x000002ae16167fa0 JavaThread "C2 CompilerThread2"         daemon [_thread_in_native, id=23084, stack(0x000000be3a300000,0x000000be3a400000) (1024K)]
  0x000002ae0ffb4ab0 JavaThread "Java indexing"              daemon [_thread_blocked, id=23352, stack(0x000000be3a400000,0x000000be3a500000) (1024K)]
  0x000002ae0ffb29e0 JavaThread "JNA Cleaner"                daemon [_thread_blocked, id=30292, stack(0x000000be3a500000,0x000000be3a600000) (1024K)]
  0x000002ae0ffb6b80 JavaThread "Worker-2: Repository registry initialization"        [_thread_blocked, id=22380, stack(0x000000be3ae00000,0x000000be3af00000) (1024K)]
  0x000002ae0ffb78a0 JavaThread "Worker-3: Updating Maven Dependencies"        [_thread_in_native, id=30676, stack(0x000000be3af00000,0x000000be3b000000) (1024K)]
  0x000002ae0ffb7f30 JavaThread "Thread-1"                   daemon [_thread_in_native, id=16256, stack(0x000000be3b000000,0x000000be3b100000) (1024K)]
  0x000002ae0ffb7210 JavaThread "Thread-2"                   daemon [_thread_in_native, id=12196, stack(0x000000be3b100000,0x000000be3b200000) (1024K)]
  0x000002ae0ffb5e60 JavaThread "Thread-3"                   daemon [_thread_in_native, id=28676, stack(0x000000be3b200000,0x000000be3b300000) (1024K)]
  0x000002ae0ffb85c0 JavaThread "Thread-4"                   daemon [_thread_in_native, id=26848, stack(0x000000be3b300000,0x000000be3b400000) (1024K)]
  0x000002ae0ffb5140 JavaThread "Thread-5"                   daemon [_thread_in_native, id=14080, stack(0x000000be3b400000,0x000000be3b500000) (1024K)]
  0x000002ae0ffb64f0 JavaThread "Thread-6"                   daemon [_thread_in_native, id=11444, stack(0x000000be3b500000,0x000000be3b600000) (1024K)]
  0x000002ae0ffb8c50 JavaThread "Thread-7"                   daemon [_thread_in_native, id=19424, stack(0x000000be3b600000,0x000000be3b700000) (1024K)]
  0x000002ae0ffb57d0 JavaThread "Thread-8"                   daemon [_thread_in_native, id=5016, stack(0x000000be3b700000,0x000000be3b800000) (1024K)]
  0x000002ae0ffb92e0 JavaThread "Thread-9"                   daemon [_thread_in_native, id=9252, stack(0x000000be3c100000,0x000000be3c200000) (1024K)]
  0x000002ae0ffb9970 JavaThread "Thread-10"                  daemon [_thread_in_native, id=2912, stack(0x000000be3c200000,0x000000be3c300000) (1024K)]
  0x000002ae162e42c0 JavaThread "Thread-11"                  daemon [_thread_in_native, id=28888, stack(0x000000be3c300000,0x000000be3c400000) (1024K)]
  0x000002ae162e4950 JavaThread "Thread-12"                  daemon [_thread_in_native, id=16740, stack(0x000000be3c400000,0x000000be3c500000) (1024K)]
  0x000002ae162e3c30 JavaThread "Thread-13"                  daemon [_thread_in_native, id=13320, stack(0x000000be3c500000,0x000000be3c600000) (1024K)]
  0x000002ae162e6390 JavaThread "Thread-14"                  daemon [_thread_in_native, id=9952, stack(0x000000be3c600000,0x000000be3c700000) (1024K)]
  0x000002ae162e2f10 JavaThread "Thread-15"                  daemon [_thread_in_native, id=26888, stack(0x000000be3c700000,0x000000be3c800000) (1024K)]
  0x000002ae162e5670 JavaThread "Thread-16"                  daemon [_thread_in_native, id=29256, stack(0x000000be3c800000,0x000000be3c900000) (1024K)]
  0x000002ae162e35a0 JavaThread "Thread-17"                  daemon [_thread_in_native, id=18464, stack(0x000000be3c900000,0x000000be3ca00000) (1024K)]
  0x000002ae181d8cc0 JavaThread "pool-2-thread-1"                   [_thread_blocked, id=11788, stack(0x000000be3ca00000,0x000000be3cb00000) (1024K)]
  0x000002ae16167200 JavaThread "C2 CompilerThread3"         daemon [_thread_in_native, id=30056, stack(0x000000be3cb00000,0x000000be3cc00000) (1024K)]
=>0x000002ae161678d0 JavaThread "C2 CompilerThread4"         daemon [_thread_in_native, id=22032, stack(0x000000be3cc00000,0x000000be3cd00000) (1024K)]
  0x000002ae18895f70 JavaThread "C2 CompilerThread5"         daemon [_thread_in_native, id=8988, stack(0x000000be3cd00000,0x000000be3ce00000) (1024K)]
  0x000002ae188973e0 JavaThread "C2 CompilerThread6"         daemon [_thread_in_native, id=13132, stack(0x000000be3ce00000,0x000000be3cf00000) (1024K)]
  0x000002ae181d7fa0 JavaThread "Worker-4"                          [_thread_blocked, id=3860, stack(0x000000be3cf00000,0x000000be3d000000) (1024K)]
  0x000002ae181d5840 JavaThread "Worker-5"                          [_thread_blocked, id=19012, stack(0x000000be3d000000,0x000000be3d100000) (1024K)]
  0x000002ae181d6bf0 JavaThread "WorkspaceEventsHandler"            [_thread_blocked, id=13548, stack(0x000000be3d100000,0x000000be3d200000) (1024K)]
  0x000002ae181d8630 JavaThread "pool-1-thread-1"                   [_thread_blocked, id=27164, stack(0x000000be3d200000,0x000000be3d300000) (1024K)]
Total: 55

Other Threads:
  0x000002adb6e7fa10 VMThread "VM Thread"                           [id=31312, stack(0x000000be38d00000,0x000000be38e00000) (1024K)]
  0x000002adb6e4db90 WatcherThread "VM Periodic Task Thread"        [id=10092, stack(0x000000be38c00000,0x000000be38d00000) (1024K)]
  0x000002adb6dfd840 WorkerThread "GC Thread#0"                     [id=24848, stack(0x000000be38b00000,0x000000be38c00000) (1024K)]
  0x000002ae16502a10 WorkerThread "GC Thread#1"                     [id=11160, stack(0x000000be39c00000,0x000000be39d00000) (1024K)]
  0x000002ae163d8e20 WorkerThread "GC Thread#2"                     [id=22660, stack(0x000000be39d00000,0x000000be39e00000) (1024K)]
  0x000002ae162af9d0 WorkerThread "GC Thread#3"                     [id=27436, stack(0x000000be39e00000,0x000000be39f00000) (1024K)]
  0x000002ae117c7b40 WorkerThread "GC Thread#4"                     [id=15728, stack(0x000000be39f00000,0x000000be3a000000) (1024K)]
  0x000002ae117c7ee0 WorkerThread "GC Thread#5"                     [id=23732, stack(0x000000be3a000000,0x000000be3a100000) (1024K)]
  0x000002ae11a9e9a0 WorkerThread "GC Thread#6"                     [id=15700, stack(0x000000be3a100000,0x000000be3a200000) (1024K)]
  0x000002ae163cd410 WorkerThread "GC Thread#7"                     [id=2480, stack(0x000000be3aa00000,0x000000be3ab00000) (1024K)]
  0x000002ae11a86220 WorkerThread "GC Thread#8"                     [id=27896, stack(0x000000be3ba00000,0x000000be3bb00000) (1024K)]
  0x000002ae11a85ae0 WorkerThread "GC Thread#9"                     [id=16836, stack(0x000000be3bb00000,0x000000be3bc00000) (1024K)]
  0x000002ae11a865c0 WorkerThread "GC Thread#10"                    [id=13480, stack(0x000000be3bc00000,0x000000be3bd00000) (1024K)]
  0x000002ae11a85000 WorkerThread "GC Thread#11"                    [id=20548, stack(0x000000be39600000,0x000000be39700000) (1024K)]
  0x000002ae163f73c0 WorkerThread "GC Thread#12"                    [id=25852, stack(0x000000be3bf00000,0x000000be3c000000) (1024K)]
Total: 15

Threads with active compile tasks:
C2 CompilerThread0  22079 6156       4       java.util.regex.Pattern::atom (422 bytes)
C2 CompilerThread1  22079 5091       4       org.eclipse.osgi.internal.loader.BundleLoader::addExportedProvidersFor (167 bytes)
C2 CompilerThread2  22080 5982       4       sun.security.ec.ECOperations::setDouble (463 bytes)
C2 CompilerThread3  22080 6171       4       java.lang.StringBuilder::append (6 bytes)
C2 CompilerThread4  22080 5432   !   4       org.eclipse.osgi.internal.loader.classpath.ClasspathManager::findLocalClass (210 bytes)
C2 CompilerThread5  22080 6072   !   4       org.eclipse.osgi.internal.loader.classpath.ClasspathManager::defineClass (636 bytes)
C2 CompilerThread6  22080 5268   !   4       org.eclipse.osgi.internal.loader.classpath.ClasspathManager::findClassImpl (328 bytes)
Total: 7

VM state: not at safepoint (normal execution)

VM Mutex/Monitor currently owned by a thread: None

Heap address: 0x0000000080000000, size: 2048 MB, Compressed Oops mode: 32-bit

CDS archive(s) mapped at: [0x000002adce000000-0x000002adceba0000-0x000002adceba0000), size 12189696, SharedBaseAddress: 0x000002adce000000, ArchiveRelocationMode: 1.
Compressed class space mapped at: 0x000002adcf000000-0x000002ae0f000000, reserved size: 1073741824
Narrow klass base: 0x000002adce000000, Narrow klass shift: 0, Narrow klass range: 0x100000000

GC Precious Log:
 CardTable entry size: 512
 CPUs: 16 total, 16 available
 Memory: 16151M
 Large Page Support: Disabled
 NUMA Support: Disabled
 Compressed Oops: Enabled (32-bit)
 Alignments: Space 512K, Generation 512K, Heap 2M
 Heap Min Capacity: 100M
 Heap Initial Capacity: 100M
 Heap Max Capacity: 2G
 Pre-touch: Disabled
 Parallel Workers: 13

Heap:
 PSYoungGen      total 24064K, used 1738K [0x00000000d5580000, 0x00000000d7080000, 0x0000000100000000)
  eden space 22016K, 3% used [0x00000000d5580000,0x00000000d564eae8,0x00000000d6b00000)
  from space 2048K, 44% used [0x00000000d6d00000,0x00000000d6de4010,0x00000000d6f00000)
  to   space 1536K, 0% used [0x00000000d6f00000,0x00000000d6f00000,0x00000000d7080000)
 ParOldGen       total 68608K, used 20191K [0x0000000080000000, 0x0000000084300000, 0x00000000d5580000)
  object space 68608K, 29% used [0x0000000080000000,0x00000000813b7e50,0x0000000084300000)
 Metaspace       used 41972K, committed 43136K, reserved 1114112K
  class space    used 4450K, committed 4928K, reserved 1048576K

Card table byte_map: [0x000002adb6780000,0x000002adb6b90000] _byte_map_base: 0x000002adb6380000

Marking Bits: (ParMarkBitMap*) 0x00007ffb02542460
 Begin Bits: [0x000002adc9290000, 0x000002adcb290000)
 End Bits:   [0x000002adcb290000, 0x000002adcd290000)

Polling page: 0x000002adb5020000

Metaspace:

Usage:
  Non-class:     36.64 MB used.
      Class:      4.35 MB used.
       Both:     40.99 MB used.

Virtual space:
  Non-class space:       64.00 MB reserved,      37.31 MB ( 58%) committed,  1 nodes.
      Class space:        1.00 GB reserved,       4.81 MB ( <1%) committed,  1 nodes.
             Both:        1.06 GB reserved,      42.12 MB (  4%) committed. 

Chunk freelists:
   Non-Class:  9.86 MB
       Class:  11.03 MB
        Both:  20.89 MB

MaxMetaspaceSize: unlimited
CompressedClassSpaceSize: 1.00 GB
Initial GC threshold: 21.00 MB
Current GC threshold: 58.38 MB
CDS: on
 - commit_granule_bytes: 65536.
 - commit_granule_words: 8192.
 - virtual_space_node_default_size: 8388608.
 - enlarge_chunks_in_place: 1.
 - use_allocation_guard: 0.


Internal statistics:

num_allocs_failed_limit: 6.
num_arena_births: 724.
num_arena_deaths: 14.
num_vsnodes_births: 2.
num_vsnodes_deaths: 0.
num_space_committed: 674.
num_space_uncommitted: 0.
num_chunks_returned_to_freelist: 20.
num_chunks_taken_from_freelist: 2299.
num_chunk_merges: 10.
num_chunk_splits: 1462.
num_chunks_enlarged: 885.
num_inconsistent_stats: 0.

CodeHeap 'non-profiled nmethods': size=119168Kb used=2649Kb max_used=2649Kb free=116518Kb
 bounds [0x000002adc1b80000, 0x000002adc1e20000, 0x000002adc8fe0000]
CodeHeap 'profiled nmethods': size=119104Kb used=11740Kb max_used=11740Kb free=107363Kb
 bounds [0x000002adb9fe0000, 0x000002adbab60000, 0x000002adc1430000]
CodeHeap 'non-nmethods': size=7488Kb used=3096Kb max_used=3153Kb free=4391Kb
 bounds [0x000002adc1430000, 0x000002adc1750000, 0x000002adc1b80000]
CodeCache: size=245760Kb, used=17485Kb, max_used=17542Kb, free=228272Kb
 total_blobs=6202, nmethods=5506, adapters=599, full_count=0
Compilation: enabled, stopped_count=0, restarted_count=0

Compilation events (20 events):
Event: 21.111 Thread 0x000002adb6e9beb0 nmethod 6112 0x000002adc1e03b90 code [0x000002adc1e03d20, 0x000002adc1e03dc0]
Event: 21.111 Thread 0x000002adb6e9beb0 6076   !   4       java.util.zip.Inflater::needsDictionary (19 bytes)
Event: 21.113 Thread 0x000002adb6e9beb0 nmethod 6076 0x000002adc1e03e90 code [0x000002adc1e04020, 0x000002adc1e04220]
Event: 21.115 Thread 0x000002ae16164ff0 6142       3       org.objectweb.asm.ClassReader::readClass (7 bytes)
Event: 21.115 Thread 0x000002adb6e9d0e0 6143       3       org.objectweb.asm.ClassReader::readStringish (16 bytes)
Event: 21.116 Thread 0x000002ae16164ff0 nmethod 6142 0x000002adba42ce10 code [0x000002adba42d000, 0x000002adba42d350]
Event: 21.116 Thread 0x000002adb6e9d0e0 nmethod 6143 0x000002adba42c790 code [0x000002adba42c960, 0x000002adba42cc40]
Event: 21.123 Thread 0x000002ae16164ff0 6144       3       java.lang.String::valueOf (5 bytes)
Event: 21.124 Thread 0x000002ae16164ff0 nmethod 6144 0x000002adba42c410 code [0x000002adba42c5c0, 0x000002adba42c6d8]
Event: 21.129 Thread 0x000002adb6e9beb0 6145       4       org.eclipse.osgi.internal.loader.classpath.ClasspathManager::findLocalClassImpl (55 bytes)
Event: 21.131 Thread 0x000002adb6e9d0e0 6146       3       sun.reflect.annotation.AnnotationParser$1::run (40 bytes)
Event: 21.131 Thread 0x000002adb6e9beb0 nmethod 6145 0x000002adc1e04310 code [0x000002adc1e044a0, 0x000002adc1e04628]
Event: 21.132 Thread 0x000002adb6e9d0e0 nmethod 6146 0x000002adba42b990 code [0x000002adba42bb80, 0x000002adba42c208]
Event: 21.134 Thread 0x000002ae161656c0 6147       3       sun.reflect.annotation.AnnotationParser::parseAnnotations2 (134 bytes)
Event: 21.136 Thread 0x000002ae161656c0 nmethod 6147 0x000002adba429e10 code [0x000002adba42a160, 0x000002adba42b1d8]
Event: 21.235 Thread 0x000002adb6e9beb0 6148       4       java.util.regex.Matcher::match (154 bytes)
Event: 21.438 Thread 0x000002ae16164ff0 6149   !   3       java.util.regex.Pattern::<init> (144 bytes)
Event: 21.469 Thread 0x000002ae16166b30 6150       3       java.util.regex.Pattern::compile (10 bytes)
Event: 21.547 Thread 0x000002ae161656c0 6151       1       jdk.internal.event.ThreadSleepEvent::isEnabled (2 bytes)
Event: 21.609 Thread 0x000002adb6e9d0e0 6153       3       java.lang.String::matches (6 bytes)

GC Heap History (20 events):
Event: 19.009 GC heap before
{Heap before GC invocations=9 (full 1):
 PSYoungGen      total 28160K, used 4075K [0x00000000d5580000, 0x00000000d7900000, 0x0000000100000000)
  eden space 24064K, 0% used [0x00000000d5580000,0x00000000d5580000,0x00000000d6d00000)
  from space 4096K, 99% used [0x00000000d7400000,0x00000000d77faf28,0x00000000d7800000)
  to   space 6144K, 0% used [0x00000000d6d00000,0x00000000d6d00000,0x00000000d7300000)
 ParOldGen       total 68608K, used 10405K [0x0000000080000000, 0x0000000084300000, 0x00000000d5580000)
  object space 68608K, 15% used [0x0000000080000000,0x0000000080a29530,0x0000000084300000)
 Metaspace       used 20727K, committed 21504K, reserved 1114112K
  class space    used 2101K, committed 2432K, reserved 1048576K
}
Event: 19.037 GC heap after
{Heap after GC invocations=9 (full 1):
 PSYoungGen      total 28160K, used 0K [0x00000000d5580000, 0x00000000d7900000, 0x0000000100000000)
  eden space 24064K, 0% used [0x00000000d5580000,0x00000000d5580000,0x00000000d6d00000)
  from space 4096K, 0% used [0x00000000d7400000,0x00000000d7400000,0x00000000d7800000)
  to   space 6144K, 0% used [0x00000000d6d00000,0x00000000d6d00000,0x00000000d7300000)
 ParOldGen       total 68608K, used 12658K [0x0000000080000000, 0x0000000084300000, 0x00000000d5580000)
  object space 68608K, 18% used [0x0000000080000000,0x0000000080c5c870,0x0000000084300000)
 Metaspace       used 20714K, committed 21504K, reserved 1114112K
  class space    used 2097K, committed 2432K, reserved 1048576K
}
Event: 19.176 GC heap before
{Heap before GC invocations=10 (full 1):
 PSYoungGen      total 28160K, used 24064K [0x00000000d5580000, 0x00000000d7900000, 0x0000000100000000)
  eden space 24064K, 100% used [0x00000000d5580000,0x00000000d6d00000,0x00000000d6d00000)
  from space 4096K, 0% used [0x00000000d7400000,0x00000000d7400000,0x00000000d7800000)
  to   space 6144K, 0% used [0x00000000d6d00000,0x00000000d6d00000,0x00000000d7300000)
 ParOldGen       total 68608K, used 12658K [0x0000000080000000, 0x0000000084300000, 0x00000000d5580000)
  object space 68608K, 18% used [0x0000000080000000,0x0000000080c5c870,0x0000000084300000)
 Metaspace       used 23202K, committed 24064K, reserved 1114112K
  class space    used 2261K, committed 2624K, reserved 1048576K
}
Event: 19.177 GC heap after
{Heap after GC invocations=10 (full 1):
 PSYoungGen      total 24064K, used 356K [0x00000000d5580000, 0x00000000d7480000, 0x0000000100000000)
  eden space 23552K, 0% used [0x00000000d5580000,0x00000000d5580000,0x00000000d6c80000)
  from space 512K, 69% used [0x00000000d6d00000,0x00000000d6d59268,0x00000000d6d80000)
  to   space 2560K, 0% used [0x00000000d7200000,0x00000000d7200000,0x00000000d7480000)
 ParOldGen       total 68608K, used 12658K [0x0000000080000000, 0x0000000084300000, 0x00000000d5580000)
  object space 68608K, 18% used [0x0000000080000000,0x0000000080c5c870,0x0000000084300000)
 Metaspace       used 23202K, committed 24064K, reserved 1114112K
  class space    used 2261K, committed 2624K, reserved 1048576K
}
Event: 19.315 GC heap before
{Heap before GC invocations=11 (full 1):
 PSYoungGen      total 24064K, used 23908K [0x00000000d5580000, 0x00000000d7480000, 0x0000000100000000)
  eden space 23552K, 100% used [0x00000000d5580000,0x00000000d6c80000,0x00000000d6c80000)
  from space 512K, 69% used [0x00000000d6d00000,0x00000000d6d59268,0x00000000d6d80000)
  to   space 2560K, 0% used [0x00000000d7200000,0x00000000d7200000,0x00000000d7480000)
 ParOldGen       total 68608K, used 12658K [0x0000000080000000, 0x0000000084300000, 0x00000000d5580000)
  object space 68608K, 18% used [0x0000000080000000,0x0000000080c5c870,0x0000000084300000)
 Metaspace       used 25739K, committed 26560K, reserved 1114112K
  class space    used 2463K, committed 2816K, reserved 1048576K
}
Event: 19.316 GC heap after
{Heap after GC invocations=11 (full 1):
 PSYoungGen      total 25600K, used 2216K [0x00000000d5580000, 0x00000000d7480000, 0x0000000100000000)
  eden space 23040K, 0% used [0x00000000d5580000,0x00000000d5580000,0x00000000d6c00000)
  from space 2560K, 86% used [0x00000000d7200000,0x00000000d742a2b0,0x00000000d7480000)
  to   space 3072K, 0% used [0x00000000d6e80000,0x00000000d6e80000,0x00000000d7180000)
 ParOldGen       total 68608K, used 12666K [0x0000000080000000, 0x0000000084300000, 0x00000000d5580000)
  object space 68608K, 18% used [0x0000000080000000,0x0000000080c5e870,0x0000000084300000)
 Metaspace       used 25739K, committed 26560K, reserved 1114112K
  class space    used 2463K, committed 2816K, reserved 1048576K
}
Event: 19.639 GC heap before
{Heap before GC invocations=12 (full 1):
 PSYoungGen      total 25600K, used 25256K [0x00000000d5580000, 0x00000000d7480000, 0x0000000100000000)
  eden space 23040K, 100% used [0x00000000d5580000,0x00000000d6c00000,0x00000000d6c00000)
  from space 2560K, 86% used [0x00000000d7200000,0x00000000d742a2b0,0x00000000d7480000)
  to   space 3072K, 0% used [0x00000000d6e80000,0x00000000d6e80000,0x00000000d7180000)
 ParOldGen       total 68608K, used 12666K [0x0000000080000000, 0x0000000084300000, 0x00000000d5580000)
  object space 68608K, 18% used [0x0000000080000000,0x0000000080c5e870,0x0000000084300000)
 Metaspace       used 28493K, committed 29376K, reserved 1114112K
  class space    used 2738K, committed 3136K, reserved 1048576K
}
Event: 19.641 GC heap after
{Heap after GC invocations=12 (full 1):
 PSYoungGen      total 24576K, used 1576K [0x00000000d5580000, 0x00000000d7280000, 0x0000000100000000)
  eden space 22528K, 0% used [0x00000000d5580000,0x00000000d5580000,0x00000000d6b80000)
  from space 2048K, 77% used [0x00000000d6e80000,0x00000000d700a3f0,0x00000000d7080000)
  to   space 2048K, 0% used [0x00000000d7080000,0x00000000d7080000,0x00000000d7280000)
 ParOldGen       total 68608K, used 14603K [0x0000000080000000, 0x0000000084300000, 0x00000000d5580000)
  object space 68608K, 21% used [0x0000000080000000,0x0000000080e42c18,0x0000000084300000)
 Metaspace       used 28493K, committed 29376K, reserved 1114112K
  class space    used 2738K, committed 3136K, reserved 1048576K
}
Event: 19.927 GC heap before
{Heap before GC invocations=13 (full 1):
 PSYoungGen      total 24576K, used 24097K [0x00000000d5580000, 0x00000000d7280000, 0x0000000100000000)
  eden space 22528K, 99% used [0x00000000d5580000,0x00000000d6b7e240,0x00000000d6b80000)
  from space 2048K, 77% used [0x00000000d6e80000,0x00000000d700a3f0,0x00000000d7080000)
  to   space 2048K, 0% used [0x00000000d7080000,0x00000000d7080000,0x00000000d7280000)
 ParOldGen       total 68608K, used 14603K [0x0000000080000000, 0x0000000084300000, 0x00000000d5580000)
  object space 68608K, 21% used [0x0000000080000000,0x0000000080e42c18,0x0000000084300000)
 Metaspace       used 31889K, committed 32896K, reserved 1114112K
  class space    used 3123K, committed 3520K, reserved 1048576K
}
Event: 19.930 GC heap after
{Heap after GC invocations=13 (full 1):
 PSYoungGen      total 24064K, used 1777K [0x00000000d5580000, 0x00000000d7280000, 0x0000000100000000)
  eden space 22016K, 0% used [0x00000000d5580000,0x00000000d5580000,0x00000000d6b00000)
  from space 2048K, 86% used [0x00000000d7080000,0x00000000d723c770,0x00000000d7280000)
  to   space 2048K, 0% used [0x00000000d6e80000,0x00000000d6e80000,0x00000000d7080000)
 ParOldGen       total 68608K, used 16075K [0x0000000080000000, 0x0000000084300000, 0x00000000d5580000)
  object space 68608K, 23% used [0x0000000080000000,0x0000000080fb2f00,0x0000000084300000)
 Metaspace       used 31889K, committed 32896K, reserved 1114112K
  class space    used 3123K, committed 3520K, reserved 1048576K
}
Event: 20.112 GC heap before
{Heap before GC invocations=14 (full 1):
 PSYoungGen      total 24064K, used 23793K [0x00000000d5580000, 0x00000000d7280000, 0x0000000100000000)
  eden space 22016K, 100% used [0x00000000d5580000,0x00000000d6b00000,0x00000000d6b00000)
  from space 2048K, 86% used [0x00000000d7080000,0x00000000d723c770,0x00000000d7280000)
  to   space 2048K, 0% used [0x00000000d6e80000,0x00000000d6e80000,0x00000000d7080000)
 ParOldGen       total 68608K, used 16075K [0x0000000080000000, 0x0000000084300000, 0x00000000d5580000)
  object space 68608K, 23% used [0x0000000080000000,0x0000000080fb2f00,0x0000000084300000)
 Metaspace       used 34405K, committed 35456K, reserved 1114112K
  class space    used 3440K, committed 3904K, reserved 1048576K
}
Event: 20.115 GC heap after
{Heap after GC invocations=14 (full 1):
 PSYoungGen      total 24064K, used 1728K [0x00000000d5580000, 0x00000000d7100000, 0x0000000100000000)
  eden space 22016K, 0% used [0x00000000d5580000,0x00000000d5580000,0x00000000d6b00000)
  from space 2048K, 84% used [0x00000000d6e80000,0x00000000d7030000,0x00000000d7080000)
  to   space 512K, 0% used [0x00000000d7080000,0x00000000d7080000,0x00000000d7100000)
 ParOldGen       total 68608K, used 17683K [0x0000000080000000, 0x0000000084300000, 0x00000000d5580000)
  object space 68608K, 25% used [0x0000000080000000,0x0000000081144c08,0x0000000084300000)
 Metaspace       used 34405K, committed 35456K, reserved 1114112K
  class space    used 3440K, committed 3904K, reserved 1048576K
}
Event: 20.156 GC heap before
{Heap before GC invocations=15 (full 1):
 PSYoungGen      total 24064K, used 4130K [0x00000000d5580000, 0x00000000d7100000, 0x0000000100000000)
  eden space 22016K, 10% used [0x00000000d5580000,0x00000000d57d8bb8,0x00000000d6b00000)
  from space 2048K, 84% used [0x00000000d6e80000,0x00000000d7030000,0x00000000d7080000)
  to   space 512K, 0% used [0x00000000d7080000,0x00000000d7080000,0x00000000d7100000)
 ParOldGen       total 68608K, used 17683K [0x0000000080000000, 0x0000000084300000, 0x00000000d5580000)
  object space 68608K, 25% used [0x0000000080000000,0x0000000081144c08,0x0000000084300000)
 Metaspace       used 34800K, committed 35840K, reserved 1114112K
  class space    used 3490K, committed 3968K, reserved 1048576K
}
Event: 20.157 GC heap after
{Heap after GC invocations=15 (full 1):
 PSYoungGen      total 22528K, used 416K [0x00000000d5580000, 0x00000000d7100000, 0x0000000100000000)
  eden space 22016K, 0% used [0x00000000d5580000,0x00000000d5580000,0x00000000d6b00000)
  from space 512K, 81% used [0x00000000d7080000,0x00000000d70e8000,0x00000000d7100000)
  to   space 1024K, 0% used [0x00000000d6f00000,0x00000000d6f00000,0x00000000d7000000)
 ParOldGen       total 68608K, used 19232K [0x0000000080000000, 0x0000000084300000, 0x00000000d5580000)
  object space 68608K, 28% used [0x0000000080000000,0x00000000812c8138,0x0000000084300000)
 Metaspace       used 34800K, committed 35840K, reserved 1114112K
  class space    used 3490K, committed 3968K, reserved 1048576K
}
Event: 20.157 GC heap before
{Heap before GC invocations=16 (full 2):
 PSYoungGen      total 22528K, used 416K [0x00000000d5580000, 0x00000000d7100000, 0x0000000100000000)
  eden space 22016K, 0% used [0x00000000d5580000,0x00000000d5580000,0x00000000d6b00000)
  from space 512K, 81% used [0x00000000d7080000,0x00000000d70e8000,0x00000000d7100000)
  to   space 1024K, 0% used [0x00000000d6f00000,0x00000000d6f00000,0x00000000d7000000)
 ParOldGen       total 68608K, used 19232K [0x0000000080000000, 0x0000000084300000, 0x00000000d5580000)
  object space 68608K, 28% used [0x0000000080000000,0x00000000812c8138,0x0000000084300000)
 Metaspace       used 34800K, committed 35840K, reserved 1114112K
  class space    used 3490K, committed 3968K, reserved 1048576K
}
Event: 20.188 GC heap after
{Heap after GC invocations=16 (full 2):
 PSYoungGen      total 22528K, used 0K [0x00000000d5580000, 0x00000000d7100000, 0x0000000100000000)
  eden space 22016K, 0% used [0x00000000d5580000,0x00000000d5580000,0x00000000d6b00000)
  from space 512K, 0% used [0x00000000d7080000,0x00000000d7080000,0x00000000d7100000)
  to   space 1024K, 0% used [0x00000000d6f00000,0x00000000d6f00000,0x00000000d7000000)
 ParOldGen       total 68608K, used 18400K [0x0000000080000000, 0x0000000084300000, 0x00000000d5580000)
  object space 68608K, 26% used [0x0000000080000000,0x00000000811f8348,0x0000000084300000)
 Metaspace       used 34800K, committed 35840K, reserved 1114112K
  class space    used 3490K, committed 3968K, reserved 1048576K
}
Event: 20.472 GC heap before
{Heap before GC invocations=17 (full 2):
 PSYoungGen      total 22528K, used 22016K [0x00000000d5580000, 0x00000000d7100000, 0x0000000100000000)
  eden space 22016K, 100% used [0x00000000d5580000,0x00000000d6b00000,0x00000000d6b00000)
  from space 512K, 0% used [0x00000000d7080000,0x00000000d7080000,0x00000000d7100000)
  to   space 1024K, 0% used [0x00000000d6f00000,0x00000000d6f00000,0x00000000d7000000)
 ParOldGen       total 68608K, used 18400K [0x0000000080000000, 0x0000000084300000, 0x00000000d5580000)
  object space 68608K, 26% used [0x0000000080000000,0x00000000811f8348,0x0000000084300000)
 Metaspace       used 37931K, committed 38976K, reserved 1114112K
  class space    used 3910K, committed 4352K, reserved 1048576K
}
Event: 20.474 GC heap after
{Heap after GC invocations=17 (full 2):
 PSYoungGen      total 23040K, used 1021K [0x00000000d5580000, 0x00000000d7100000, 0x0000000100000000)
  eden space 22016K, 0% used [0x00000000d5580000,0x00000000d5580000,0x00000000d6b00000)
  from space 1024K, 99% used [0x00000000d6f00000,0x00000000d6fff490,0x00000000d7000000)
  to   space 1024K, 0% used [0x00000000d7000000,0x00000000d7000000,0x00000000d7100000)
 ParOldGen       total 68608K, used 18504K [0x0000000080000000, 0x0000000084300000, 0x00000000d5580000)
  object space 68608K, 26% used [0x0000000080000000,0x00000000812123c0,0x0000000084300000)
 Metaspace       used 37931K, committed 38976K, reserved 1114112K
  class space    used 3910K, committed 4352K, reserved 1048576K
}
Event: 20.784 GC heap before
{Heap before GC invocations=18 (full 2):
 PSYoungGen      total 23040K, used 23037K [0x00000000d5580000, 0x00000000d7100000, 0x0000000100000000)
  eden space 22016K, 100% used [0x00000000d5580000,0x00000000d6b00000,0x00000000d6b00000)
  from space 1024K, 99% used [0x00000000d6f00000,0x00000000d6fff490,0x00000000d7000000)
  to   space 1024K, 0% used [0x00000000d7000000,0x00000000d7000000,0x00000000d7100000)
 ParOldGen       total 68608K, used 18504K [0x0000000080000000, 0x0000000084300000, 0x00000000d5580000)
  object space 68608K, 26% used [0x0000000080000000,0x00000000812123c0,0x0000000084300000)
 Metaspace       used 39978K, committed 41152K, reserved 1114112K
  class space    used 4208K, committed 4736K, reserved 1048576K
}
Event: 20.786 GC heap after
{Heap after GC invocations=18 (full 2):
 PSYoungGen      total 23040K, used 1001K [0x00000000d5580000, 0x00000000d7100000, 0x0000000100000000)
  eden space 22016K, 0% used [0x00000000d5580000,0x00000000d5580000,0x00000000d6b00000)
  from space 1024K, 97% used [0x00000000d7000000,0x00000000d70fa460,0x00000000d7100000)
  to   space 2048K, 0% used [0x00000000d6d00000,0x00000000d6d00000,0x00000000d6f00000)
 ParOldGen       total 68608K, used 19390K [0x0000000080000000, 0x0000000084300000, 0x00000000d5580000)
  object space 68608K, 28% used [0x0000000080000000,0x00000000812ef9f0,0x0000000084300000)
 Metaspace       used 39978K, committed 41152K, reserved 1114112K
  class space    used 4208K, committed 4736K, reserved 1048576K
}

Dll operation events (14 events):
Event: 0.012 Loaded shared library c:\Users\Rep JGL\.vscode\extensions\redhat.java-1.50.0-win32-x64\jre\21.0.9-win32-x86_64\bin\java.dll
Event: 0.217 Loaded shared library c:\Users\Rep JGL\.vscode\extensions\redhat.java-1.50.0-win32-x64\jre\21.0.9-win32-x86_64\bin\zip.dll
Event: 0.248 Loaded shared library C:\Users\Rep JGL\.vscode\extensions\redhat.java-1.50.0-win32-x64\jre\21.0.9-win32-x86_64\bin\instrument.dll
Event: 0.311 Loaded shared library C:\Users\Rep JGL\.vscode\extensions\redhat.java-1.50.0-win32-x64\jre\21.0.9-win32-x86_64\bin\net.dll
Event: 0.371 Loaded shared library C:\Users\Rep JGL\.vscode\extensions\redhat.java-1.50.0-win32-x64\jre\21.0.9-win32-x86_64\bin\nio.dll
Event: 0.374 Loaded shared library C:\Users\Rep JGL\.vscode\extensions\redhat.java-1.50.0-win32-x64\jre\21.0.9-win32-x86_64\bin\zip.dll
Event: 0.395 Loaded shared library C:\Users\Rep JGL\.vscode\extensions\redhat.java-1.50.0-win32-x64\jre\21.0.9-win32-x86_64\bin\jimage.dll
Event: 0.576 Loaded shared library c:\Users\Rep JGL\.vscode\extensions\redhat.java-1.50.0-win32-x64\jre\21.0.9-win32-x86_64\bin\verify.dll
Event: 8.544 Loaded shared library C:\Users\Rep JGL\AppData\Roaming\Code\User\globalStorage\redhat.java\1.50.0\config_win\org.eclipse.equinox.launcher\org.eclipse.equinox.launcher.win32.win32.x86_64_1.2.1400.v20250801-0854\eclipse_11916.dll
Event: 18.460 Loaded shared library C:\Users\Rep JGL\.vscode\extensions\redhat.java-1.50.0-win32-x64\jre\21.0.9-win32-x86_64\bin\management.dll
Event: 18.463 Loaded shared library C:\Users\Rep JGL\.vscode\extensions\redhat.java-1.50.0-win32-x64\jre\21.0.9-win32-x86_64\bin\management_ext.dll
Event: 19.748 Loaded shared library C:\Users\Rep JGL\AppData\Local\Temp\jna--1538104180\jna18253025301634957070.dll
Event: 20.212 Loaded shared library C:\Users\Rep JGL\.vscode\extensions\redhat.java-1.50.0-win32-x64\jre\21.0.9-win32-x86_64\bin\sunmscapi.dll
Event: 20.367 Loaded shared library C:\Users\Rep JGL\.vscode\extensions\redhat.java-1.50.0-win32-x64\jre\21.0.9-win32-x86_64\bin\extnet.dll

Deoptimization events (20 events):
Event: 21.083 Thread 0x000002ae0ffb2350 Uncommon trap: trap_request=0xffffffc6 fr.pc=0x000002adc1d22e5c relative=0x000000000000035c
Event: 21.083 Thread 0x000002ae0ffb2350 Uncommon trap: reason=bimorphic_or_optimized_type_check action=maybe_recompile pc=0x000002adc1d22e5c method=sun.security.util.math.intpoly.IntegerPolynomial.multByInt([JJ)V @ 26 c2
Event: 21.083 Thread 0x000002ae0ffb2350 DEOPT PACKING pc=0x000002adc1d22e5c sp=0x000000be3c0fe500
Event: 21.083 Thread 0x000002ae0ffb2350 DEOPT UNPACKING pc=0x000002adc1486da2 sp=0x000000be3c0fe470 mode 2
Event: 21.083 Thread 0x000002ae0ffb2350 Uncommon trap: trap_request=0xffffffc6 fr.pc=0x000002adc1d22e5c relative=0x000000000000035c
Event: 21.083 Thread 0x000002ae0ffb2350 Uncommon trap: reason=bimorphic_or_optimized_type_check action=maybe_recompile pc=0x000002adc1d22e5c method=sun.security.util.math.intpoly.IntegerPolynomial.multByInt([JJ)V @ 26 c2
Event: 21.083 Thread 0x000002ae0ffb2350 DEOPT PACKING pc=0x000002adc1d22e5c sp=0x000000be3c0fe500
Event: 21.083 Thread 0x000002ae0ffb2350 DEOPT UNPACKING pc=0x000002adc1486da2 sp=0x000000be3c0fe470 mode 2
Event: 21.083 Thread 0x000002ae0ffb2350 Uncommon trap: trap_request=0xffffffc6 fr.pc=0x000002adc1d22e5c relative=0x000000000000035c
Event: 21.083 Thread 0x000002ae0ffb2350 Uncommon trap: reason=bimorphic_or_optimized_type_check action=maybe_recompile pc=0x000002adc1d22e5c method=sun.security.util.math.intpoly.IntegerPolynomial.multByInt([JJ)V @ 26 c2
Event: 21.084 Thread 0x000002ae0ffb2350 DEOPT PACKING pc=0x000002adc1d22e5c sp=0x000000be3c0fe500
Event: 21.084 Thread 0x000002ae0ffb2350 DEOPT UNPACKING pc=0x000002adc1486da2 sp=0x000000be3c0fe470 mode 2
Event: 21.084 Thread 0x000002ae0ffb2350 Uncommon trap: trap_request=0xffffffc6 fr.pc=0x000002adc1d22e5c relative=0x000000000000035c
Event: 21.084 Thread 0x000002ae0ffb2350 Uncommon trap: reason=bimorphic_or_optimized_type_check action=maybe_recompile pc=0x000002adc1d22e5c method=sun.security.util.math.intpoly.IntegerPolynomial.multByInt([JJ)V @ 26 c2
Event: 21.084 Thread 0x000002ae0ffb2350 DEOPT PACKING pc=0x000002adc1d22e5c sp=0x000000be3c0fe500
Event: 21.084 Thread 0x000002ae0ffb2350 DEOPT UNPACKING pc=0x000002adc1486da2 sp=0x000000be3c0fe470 mode 2
Event: 21.084 Thread 0x000002ae0ffb2350 Uncommon trap: trap_request=0xffffffc6 fr.pc=0x000002adc1d23ae8 relative=0x00000000000002a8
Event: 21.084 Thread 0x000002ae0ffb2350 Uncommon trap: reason=bimorphic_or_optimized_type_check action=maybe_recompile pc=0x000002adc1d23ae8 method=sun.security.util.math.intpoly.IntegerPolynomial.multByInt([JJ)V @ 26 c2
Event: 21.084 Thread 0x000002ae0ffb2350 DEOPT PACKING pc=0x000002adc1d23ae8 sp=0x000000be3c0fe480
Event: 21.084 Thread 0x000002ae0ffb2350 DEOPT UNPACKING pc=0x000002adc1486da2 sp=0x000000be3c0fe470 mode 2

Classes loaded (20 events):
Event: 21.119 Loading class javax/crypto/spec/GCMParameterSpec done
Event: 21.119 Loading class javax/crypto/NullCipher
Event: 21.119 Loading class javax/crypto/NullCipher done
Event: 21.119 Loading class com/sun/crypto/provider/GaloisCounterMode$GCMEncrypt
Event: 21.120 Loading class com/sun/crypto/provider/GaloisCounterMode$GCMEngine
Event: 21.120 Loading class com/sun/crypto/provider/GaloisCounterMode$GCMEngine done
Event: 21.120 Loading class com/sun/crypto/provider/GaloisCounterMode$GCMEncrypt done
Event: 21.120 Loading class com/sun/crypto/provider/GCTR
Event: 21.120 Loading class com/sun/crypto/provider/GCM
Event: 21.120 Loading class com/sun/crypto/provider/GCM done
Event: 21.120 Loading class com/sun/crypto/provider/CounterMode
Event: 21.120 Loading class com/sun/crypto/provider/CounterMode done
Event: 21.120 Loading class com/sun/crypto/provider/GCTR done
Event: 21.120 Loading class com/sun/crypto/provider/GHASH
Event: 21.121 Loading class com/sun/crypto/provider/GHASH done
Event: 21.121 Loading class com/sun/crypto/provider/GaloisCounterMode$EncryptOp
Event: 21.121 Loading class com/sun/crypto/provider/GaloisCounterMode$GCMOperation
Event: 21.121 Loading class com/sun/crypto/provider/GaloisCounterMode$GCMOperation done
Event: 21.121 Loading class com/sun/crypto/provider/GaloisCounterMode$EncryptOp done
Event: 21.163 Loading class sun/security/ssl/NewSessionTicket$T12NewSessionTicketMessage

Classes unloaded (7 events):
Event: 19.013 Thread 0x000002adb6e7fa10 Unloading class 0x000002adcf1b8800 'java/lang/invoke/LambdaForm$MH+0x000002adcf1b8800'
Event: 19.013 Thread 0x000002adb6e7fa10 Unloading class 0x000002adcf1b8400 'java/lang/invoke/LambdaForm$MH+0x000002adcf1b8400'
Event: 19.013 Thread 0x000002adb6e7fa10 Unloading class 0x000002adcf1b8000 'java/lang/invoke/LambdaForm$MH+0x000002adcf1b8000'
Event: 19.013 Thread 0x000002adb6e7fa10 Unloading class 0x000002adcf1b7c00 'java/lang/invoke/LambdaForm$MH+0x000002adcf1b7c00'
Event: 19.013 Thread 0x000002adb6e7fa10 Unloading class 0x000002adcf1b7800 'java/lang/invoke/LambdaForm$BMH+0x000002adcf1b7800'
Event: 19.013 Thread 0x000002adb6e7fa10 Unloading class 0x000002adcf1b7400 'java/lang/invoke/LambdaForm$DMH+0x000002adcf1b7400'
Event: 19.013 Thread 0x000002adb6e7fa10 Unloading class 0x000002adcf1b6000 'java/lang/invoke/LambdaForm$DMH+0x000002adcf1b6000'

Classes redefined (0 events):
No events

Internal exceptions (20 events):
Event: 19.912 Thread 0x000002ae0ffb78a0 Exception <a 'java/lang/NoSuchMethodError'{0x00000000d6980208}: 'java.lang.Object java.lang.invoke.Invokers$Holder.invoke_MT(java.lang.Object, java.lang.Object, java.lang.Object, java.lang.Object, java.lang.Object, java.lang.Object, java.lang.Object, java.lang.Object, java.lang.Object)'> (0x00000000d6980208) 
thrown [s\src\hotspot\share\interpreter\linkResolver.cpp, line 773]
Event: 19.916 Thread 0x000002ae0ffb78a0 Exception <a 'java/lang/NoSuchMethodError'{0x00000000d6a0c978}: 'int java.lang.invoke.DirectMethodHandle$Holder.invokeVirtual(java.lang.Object, java.lang.Object, java.lang.Object)'> (0x00000000d6a0c978) 
thrown [s\src\hotspot\share\interpreter\linkResolver.cpp, line 773]
Event: 19.917 Thread 0x000002ae0ffb78a0 Exception <a 'java/lang/NoSuchMethodError'{0x00000000d6a10a40}: 'int java.lang.invoke.DirectMethodHandle$Holder.invokeStaticInit(java.lang.Object, int, int)'> (0x00000000d6a10a40) 
thrown [s\src\hotspot\share\interpreter\linkResolver.cpp, line 773]
Event: 19.917 Thread 0x000002ae0ffb78a0 Exception <a 'java/lang/NoSuchMethodError'{0x00000000d6a17f38}: 'int java.lang.invoke.DirectMethodHandle$Holder.invokeStaticInit(java.lang.Object, long, long)'> (0x00000000d6a17f38) 
thrown [s\src\hotspot\share\interpreter\linkResolver.cpp, line 773]
Event: 19.918 Thread 0x000002ae0ffb78a0 Exception <a 'java/lang/NoSuchMethodError'{0x00000000d6a37ac8}: 'int java.lang.invoke.DirectMethodHandle$Holder.invokeStaticInit(java.lang.Object, float, float)'> (0x00000000d6a37ac8) 
thrown [s\src\hotspot\share\interpreter\linkResolver.cpp, line 773]
Event: 19.919 Thread 0x000002ae0ffb78a0 Exception <a 'java/lang/NoSuchMethodError'{0x00000000d6a3e558}: 'int java.lang.invoke.DirectMethodHandle$Holder.invokeStaticInit(java.lang.Object, double, double)'> (0x00000000d6a3e558) 
thrown [s\src\hotspot\share\interpreter\linkResolver.cpp, line 773]
Event: 19.919 Thread 0x000002ae0ffb78a0 Exception <a 'java/lang/NoSuchMethodError'{0x00000000d6a42af8}: 'int java.lang.invoke.DirectMethodHandle$Holder.invokeStatic(java.lang.Object, long)'> (0x00000000d6a42af8) 
thrown [s\src\hotspot\share\interpreter\linkResolver.cpp, line 773]
Event: 19.921 Thread 0x000002ae0ffb78a0 Exception <a 'java/lang/NoSuchMethodError'{0x00000000d6a64fa8}: 'int java.lang.invoke.DirectMethodHandle$Holder.invokeSpecial(java.lang.Object, java.lang.Object, int, int)'> (0x00000000d6a64fa8) 
thrown [s\src\hotspot\share\interpreter\linkResolver.cpp, line 773]
Event: 19.922 Thread 0x000002ae0ffb78a0 Exception <a 'java/lang/NoSuchMethodError'{0x00000000d6a84af0}: 'int java.lang.invoke.Invokers$Holder.linkToTargetMethod(java.lang.Object, java.lang.Object)'> (0x00000000d6a84af0) 
thrown [s\src\hotspot\share\interpreter\linkResolver.cpp, line 773]
Event: 19.973 Thread 0x000002ae0ffb78a0 Exception <a 'java/lang/NoSuchMethodError'{0x00000000d5a0ea80}: 'java.lang.Object java.lang.invoke.DirectMethodHandle$Holder.invokeSpecialIFC(java.lang.Object, java.lang.Object, java.lang.Object, java.lang.Object)'> (0x00000000d5a0ea80) 
thrown [s\src\hotspot\share\interpreter\linkResolver.cpp, line 773]
Event: 20.014 Thread 0x000002ae0ffb6b80 Exception <a 'java/lang/NoSuchMethodError'{0x00000000d592a488}: 'int java.lang.invoke.DirectMethodHandle$Holder.invokeSpecial(java.lang.Object, java.lang.Object, java.lang.Object, java.lang.Object)'> (0x00000000d592a488) 
thrown [s\src\hotspot\share\interpreter\linkResolver.cpp, line 773]
Event: 20.017 Thread 0x000002ae0ffb6b80 Exception <a 'java/lang/NoSuchMethodError'{0x00000000d63324c0}: 'java.lang.Object java.lang.invoke.DirectMethodHandle$Holder.invokeStatic(java.lang.Object, int, java.lang.Object, java.lang.Object)'> (0x00000000d63324c0) 
thrown [s\src\hotspot\share\interpreter\linkResolver.cpp, line 773]
Event: 20.018 Thread 0x000002ae0ffb6b80 Exception <a 'java/lang/NoSuchMethodError'{0x00000000d6335cc0}: 'java.lang.Object java.lang.invoke.DelegatingMethodHandle$Holder.delegate(java.lang.Object, int, java.lang.Object, java.lang.Object)'> (0x00000000d6335cc0) 
thrown [s\src\hotspot\share\interpreter\linkResolver.cpp, line 773]
Event: 20.020 Thread 0x000002ae0ffb6b80 Implicit null exception at 0x000002adc1dc35d2 to 0x000002adc1dc38a4
Event: 20.023 Thread 0x000002ae0ffb6b80 Exception <a 'java/lang/NoSuchMethodError'{0x00000000d6413618}: 'int java.lang.invoke.Invokers$Holder.linkToTargetMethod(java.lang.Object, java.lang.Object, java.lang.Object)'> (0x00000000d6413618) 
thrown [s\src\hotspot\share\interpreter\linkResolver.cpp, line 773]
Event: 20.323 Thread 0x000002adb6ddf5c0 Exception <a 'java/lang/NoSuchMethodError'{0x00000000d65dc710}: 'void java.lang.invoke.DirectMethodHandle$Holder.invokeSpecial(java.lang.Object, java.lang.Object, java.lang.Object, java.lang.Object, java.lang.Object, java.lang.Object)'> (0x00000000d65dc710) 
thrown [s\src\hotspot\share\interpreter\linkResolver.cpp, line 773]
Event: 20.325 Thread 0x000002adb6ddf5c0 Exception <a 'java/lang/IncompatibleClassChangeError'{0x00000000d65e4c70}: Found class java.lang.Object, but interface was expected> (0x00000000d65e4c70) 
thrown [s\src\hotspot\share\interpreter\linkResolver.cpp, line 840]
Event: 20.326 Thread 0x000002adb6ddf5c0 Exception <a 'java/lang/IncompatibleClassChangeError'{0x00000000d65e6ab8}: Found class java.lang.Object, but interface was expected> (0x00000000d65e6ab8) 
thrown [s\src\hotspot\share\interpreter\linkResolver.cpp, line 840]
Event: 20.608 Thread 0x000002ae0ffb78a0 Exception <a 'java/lang/NoClassDefFoundError'{0x00000000d5e7f450}: javax/enterprise/inject/Typed> (0x00000000d5e7f450) 
thrown [s\src\hotspot\share\classfile\systemDictionary.cpp, line 301]
Event: 20.900 Thread 0x000002ae0ffb2350 Implicit null exception at 0x000002adc1c66aec to 0x000002adc1c66ba4

ZGC Phase Switch (0 events):
No events

VM Operations (20 events):
Event: 20.115 Executing VM operation: ParallelGCFailedAllocation (Allocation Failure) done
Event: 20.153 Executing VM operation: CollectForMetadataAllocation (Metadata GC Threshold)
Event: 20.188 Executing VM operation: CollectForMetadataAllocation (Metadata GC Threshold) done
Event: 20.232 Executing VM operation: HandshakeAllThreads (Deoptimize)
Event: 20.235 Executing VM operation: HandshakeAllThreads (Deoptimize) done
Event: 20.270 Executing VM operation: HandshakeAllThreads (Deoptimize)
Event: 20.270 Executing VM operation: HandshakeAllThreads (Deoptimize) done
Event: 20.276 Executing VM operation: HandshakeAllThreads (Deoptimize)
Event: 20.276 Executing VM operation: HandshakeAllThreads (Deoptimize) done
Event: 20.472 Executing VM operation: ParallelGCFailedAllocation (Allocation Failure)
Event: 20.474 Executing VM operation: ParallelGCFailedAllocation (Allocation Failure) done
Event: 20.501 Executing VM operation: HandshakeAllThreads (Deoptimize)
Event: 20.502 Executing VM operation: HandshakeAllThreads (Deoptimize) done
Event: 20.577 Executing VM operation: HandshakeAllThreads (Deoptimize)
Event: 20.577 Executing VM operation: HandshakeAllThreads (Deoptimize) done
Event: 20.771 Executing VM operation: ParallelGCFailedAllocation (Allocation Failure)
Event: 20.786 Executing VM operation: ParallelGCFailedAllocation (Allocation Failure) done
Event: 21.038 Executing VM operation: HandshakeAllThreads (Deoptimize)
Event: 21.038 Executing VM operation: HandshakeAllThreads (Deoptimize) done
Event: 22.040 Executing VM operation: Cleanup

Memory protections (0 events):
No events

Nmethod flushes (20 events):
Event: 20.176 Thread 0x000002adb6e7fa10 flushing  nmethod 0x000002adba793f10
Event: 20.176 Thread 0x000002adb6e7fa10 flushing  nmethod 0x000002adba7eb510
Event: 20.176 Thread 0x000002adb6e7fa10 flushing  nmethod 0x000002adba7ec010
Event: 20.176 Thread 0x000002adb6e7fa10 flushing  nmethod 0x000002adba829410
Event: 20.176 Thread 0x000002adb6e7fa10 flushing  nmethod 0x000002adba829810
Event: 20.176 Thread 0x000002adb6e7fa10 flushing  nmethod 0x000002adba82a110
Event: 20.176 Thread 0x000002adb6e7fa10 flushing  nmethod 0x000002adba82b310
Event: 20.176 Thread 0x000002adb6e7fa10 flushing  nmethod 0x000002adba82bb10
Event: 20.176 Thread 0x000002adb6e7fa10 flushing  nmethod 0x000002adba82c290
Event: 20.176 Thread 0x000002adb6e7fa10 flushing  nmethod 0x000002adba82cc10
Event: 20.176 Thread 0x000002adb6e7fa10 flushing  nmethod 0x000002adba82d110
Event: 20.176 Thread 0x000002adb6e7fa10 flushing  nmethod 0x000002adba82e610
Event: 20.176 Thread 0x000002adb6e7fa10 flushing  nmethod 0x000002adba82fa10
Event: 20.176 Thread 0x000002adb6e7fa10 flushing  nmethod 0x000002adba831490
Event: 20.176 Thread 0x000002adb6e7fa10 flushing  nmethod 0x000002adba832f10
Event: 20.176 Thread 0x000002adb6e7fa10 flushing  nmethod 0x000002adba90c490
Event: 20.176 Thread 0x000002adb6e7fa10 flushing  nmethod 0x000002adba935c10
Event: 20.176 Thread 0x000002adb6e7fa10 flushing  nmethod 0x000002adba946790
Event: 20.176 Thread 0x000002adb6e7fa10 flushing  nmethod 0x000002adba94df90
Event: 20.176 Thread 0x000002adb6e7fa10 flushing  nmethod 0x000002adba94e810

Events (20 events):
Event: 19.885 Thread 0x000002adb6ddf5c0 Thread added: 0x000002ae0ffb8c50
Event: 19.885 Thread 0x000002adb6ddf5c0 Thread added: 0x000002ae0ffb57d0
Event: 19.885 Thread 0x000002adb6ddf5c0 Thread added: 0x000002ae0ffb92e0
Event: 19.885 Thread 0x000002adb6ddf5c0 Thread added: 0x000002ae0ffb9970
Event: 19.886 Thread 0x000002adb6ddf5c0 Thread added: 0x000002ae162e42c0
Event: 19.886 Thread 0x000002adb6ddf5c0 Thread added: 0x000002ae162e4950
Event: 19.886 Thread 0x000002adb6ddf5c0 Thread added: 0x000002ae162e3c30
Event: 19.886 Thread 0x000002adb6ddf5c0 Thread added: 0x000002ae162e6390
Event: 19.886 Thread 0x000002adb6ddf5c0 Thread added: 0x000002ae162e2f10
Event: 19.887 Thread 0x000002adb6ddf5c0 Thread added: 0x000002ae162e5670
Event: 19.887 Thread 0x000002adb6ddf5c0 Thread added: 0x000002ae162e35a0
Event: 19.921 Thread 0x000002adb6ddf5c0 Thread added: 0x000002ae181d8cc0
Event: 19.955 Thread 0x000002ae16164ff0 Thread added: 0x000002ae16167200
Event: 20.004 Thread 0x000002adb6e9d0e0 Thread added: 0x000002ae161678d0
Event: 20.009 Thread 0x000002ae161656c0 Thread added: 0x000002ae18895f70
Event: 20.009 Thread 0x000002adb6e9d0e0 Thread added: 0x000002ae188973e0
Event: 20.012 Thread 0x000002ae0ffb6b80 Thread added: 0x000002ae181d7fa0
Event: 20.188 Thread 0x000002ae181d7fa0 Thread added: 0x000002ae181d5840
Event: 20.371 Thread 0x000002adb6ddf5c0 Thread added: 0x000002ae181d6bf0
Event: 20.371 Thread 0x000002adb6ddf5c0 Thread added: 0x000002ae181d8630


Dynamic libraries:
0x00007ff7a3550000 - 0x00007ff7a355e000 	c:\Users\Rep JGL\.vscode\extensions\redhat.java-1.50.0-win32-x64\jre\21.0.9-win32-x86_64\bin\java.exe
0x00007ffbeb6a0000 - 0x00007ffbeb907000 	C:\WINDOWS\SYSTEM32\ntdll.dll
0x00007ffbe9440000 - 0x00007ffbe9509000 	C:\WINDOWS\System32\KERNEL32.DLL
0x00007ffbe8ab0000 - 0x00007ffbe8e9f000 	C:\WINDOWS\System32\KERNELBASE.dll
0x00007ffbe87f0000 - 0x00007ffbe893b000 	C:\WINDOWS\System32\ucrtbase.dll
0x00007ffbaa7b0000 - 0x00007ffbaa7ce000 	c:\Users\Rep JGL\.vscode\extensions\redhat.java-1.50.0-win32-x64\jre\21.0.9-win32-x86_64\bin\VCRUNTIME140.dll
0x00007ffba9670000 - 0x00007ffba9688000 	c:\Users\Rep JGL\.vscode\extensions\redhat.java-1.50.0-win32-x64\jre\21.0.9-win32-x86_64\bin\jli.dll
0x00007ffbe9730000 - 0x00007ffbe98f5000 	C:\WINDOWS\System32\USER32.dll
0x00007ffbcaf00000 - 0x00007ffbcb193000 	C:\WINDOWS\WinSxS\amd64_microsoft.windows.common-controls_6595b64144ccf1df_6.0.26100.7309_none_3e05feeae336a044\COMCTL32.dll
0x00007ffbe9150000 - 0x00007ffbe9177000 	C:\WINDOWS\System32\win32u.dll
0x00007ffbea7e0000 - 0x00007ffbea889000 	C:\WINDOWS\System32\msvcrt.dll
0x00007ffbeb480000 - 0x00007ffbeb4ab000 	C:\WINDOWS\System32\GDI32.dll
0x00007ffbe8f70000 - 0x00007ffbe909c000 	C:\WINDOWS\System32\gdi32full.dll
0x00007ffbe9210000 - 0x00007ffbe92b3000 	C:\WINDOWS\System32\msvcp_win.dll
0x00007ffbe9900000 - 0x00007ffbe9931000 	C:\WINDOWS\System32\IMM32.DLL
0x00007ffbd0b70000 - 0x00007ffbd0b7c000 	c:\Users\Rep JGL\.vscode\extensions\redhat.java-1.50.0-win32-x64\jre\21.0.9-win32-x86_64\bin\vcruntime140_1.dll
0x00007ffb59ec0000 - 0x00007ffb59f4d000 	c:\Users\Rep JGL\.vscode\extensions\redhat.java-1.50.0-win32-x64\jre\21.0.9-win32-x86_64\bin\msvcp140.dll
0x00007ffb01880000 - 0x00007ffb02620000 	c:\Users\Rep JGL\.vscode\extensions\redhat.java-1.50.0-win32-x64\jre\21.0.9-win32-x86_64\bin\server\jvm.dll
0x00007ffbe9ba0000 - 0x00007ffbe9c54000 	C:\WINDOWS\System32\ADVAPI32.dll
0x00007ffbea380000 - 0x00007ffbea426000 	C:\WINDOWS\System32\sechost.dll
0x00007ffbea160000 - 0x00007ffbea278000 	C:\WINDOWS\System32\RPCRT4.dll
0x00007ffbea5b0000 - 0x00007ffbea624000 	C:\WINDOWS\System32\WS2_32.dll
0x00007ffbe8220000 - 0x00007ffbe827e000 	C:\WINDOWS\SYSTEM32\POWRPROF.dll
0x00007ffbd73b0000 - 0x00007ffbd73bb000 	C:\WINDOWS\SYSTEM32\VERSION.dll
0x00007ffbd2d60000 - 0x00007ffbd2d95000 	C:\WINDOWS\SYSTEM32\WINMM.dll
0x00007ffbe81c0000 - 0x00007ffbe81d4000 	C:\WINDOWS\SYSTEM32\UMPDC.dll
0x00007ffbe7560000 - 0x00007ffbe757b000 	C:\WINDOWS\SYSTEM32\kernel.appcore.dll
0x00007ffbc4240000 - 0x00007ffbc424a000 	c:\Users\Rep JGL\.vscode\extensions\redhat.java-1.50.0-win32-x64\jre\21.0.9-win32-x86_64\bin\jimage.dll
0x00007ffbe5b90000 - 0x00007ffbe5dd2000 	C:\WINDOWS\SYSTEM32\DBGHELP.DLL
0x00007ffbe9c60000 - 0x00007ffbe9fe5000 	C:\WINDOWS\System32\combase.dll
0x00007ffbe9ff0000 - 0x00007ffbea0c6000 	C:\WINDOWS\System32\OLEAUT32.dll
0x00007ffbd1160000 - 0x00007ffbd119c000 	C:\WINDOWS\SYSTEM32\dbgcore.DLL
0x00007ffbe90a0000 - 0x00007ffbe9145000 	C:\WINDOWS\System32\bcryptPrimitives.dll
0x00007ffbc3d30000 - 0x00007ffbc3d3f000 	c:\Users\Rep JGL\.vscode\extensions\redhat.java-1.50.0-win32-x64\jre\21.0.9-win32-x86_64\bin\instrument.dll
0x00007ffba90a0000 - 0x00007ffba90c0000 	c:\Users\Rep JGL\.vscode\extensions\redhat.java-1.50.0-win32-x64\jre\21.0.9-win32-x86_64\bin\java.dll
0x00007ffbea890000 - 0x00007ffbeafe3000 	C:\WINDOWS\System32\SHELL32.dll
0x00007ffbe8940000 - 0x00007ffbe8aaa000 	C:\WINDOWS\System32\wintypes.dll
0x00007ffbe63d0000 - 0x00007ffbe6c2e000 	C:\WINDOWS\SYSTEM32\windows.storage.dll
0x00007ffbe9510000 - 0x00007ffbe9605000 	C:\WINDOWS\System32\SHCORE.dll
0x00007ffbeb4b0000 - 0x00007ffbeb516000 	C:\WINDOWS\System32\shlwapi.dll
0x00007ffbe8710000 - 0x00007ffbe8739000 	C:\WINDOWS\SYSTEM32\profapi.dll
0x00007ffba8f40000 - 0x00007ffba8f58000 	c:\Users\Rep JGL\.vscode\extensions\redhat.java-1.50.0-win32-x64\jre\21.0.9-win32-x86_64\bin\zip.dll
0x00007ffbc3b20000 - 0x00007ffbc3b30000 	C:\Users\Rep JGL\.vscode\extensions\redhat.java-1.50.0-win32-x64\jre\21.0.9-win32-x86_64\bin\net.dll
0x00007ffbdfdd0000 - 0x00007ffbdfef8000 	C:\WINDOWS\SYSTEM32\WINHTTP.dll
0x00007ffbe7ab0000 - 0x00007ffbe7b1b000 	C:\WINDOWS\system32\mswsock.dll
0x00007ffb99bb0000 - 0x00007ffb99bc6000 	C:\Users\Rep JGL\.vscode\extensions\redhat.java-1.50.0-win32-x64\jre\21.0.9-win32-x86_64\bin\nio.dll
0x00007ffbc3940000 - 0x00007ffbc3950000 	c:\Users\Rep JGL\.vscode\extensions\redhat.java-1.50.0-win32-x64\jre\21.0.9-win32-x86_64\bin\verify.dll
0x00007ffb7da40000 - 0x00007ffb7da84000 	C:\Users\Rep JGL\AppData\Roaming\Code\User\globalStorage\redhat.java\1.50.0\config_win\org.eclipse.equinox.launcher\org.eclipse.equinox.launcher.win32.win32.x86_64_1.2.1400.v20250801-0854\eclipse_11916.dll
0x00007ffbea630000 - 0x00007ffbea7c7000 	C:\WINDOWS\System32\ole32.dll
0x00007ffbc2e10000 - 0x00007ffbc2e1a000 	C:\Users\Rep JGL\.vscode\extensions\redhat.java-1.50.0-win32-x64\jre\21.0.9-win32-x86_64\bin\management.dll
0x00007ffbc2de0000 - 0x00007ffbc2dec000 	C:\Users\Rep JGL\.vscode\extensions\redhat.java-1.50.0-win32-x64\jre\21.0.9-win32-x86_64\bin\management_ext.dll
0x00007ffbea7d0000 - 0x00007ffbea7d8000 	C:\WINDOWS\System32\PSAPI.DLL
0x00007ffbe7ea0000 - 0x00007ffbe7ebb000 	C:\WINDOWS\SYSTEM32\CRYPTSP.dll
0x00007ffbe74c0000 - 0x00007ffbe74fa000 	C:\WINDOWS\system32\rsaenh.dll
0x00007ffbe7b60000 - 0x00007ffbe7b8b000 	C:\WINDOWS\SYSTEM32\USERENV.dll
0x00007ffbe86e0000 - 0x00007ffbe870a000 	C:\WINDOWS\SYSTEM32\bcrypt.dll
0x00007ffbe7d00000 - 0x00007ffbe7d0c000 	C:\WINDOWS\SYSTEM32\CRYPTBASE.dll
0x00007ffbe6f50000 - 0x00007ffbe6f84000 	C:\WINDOWS\SYSTEM32\IPHLPAPI.DLL
0x00007ffbea430000 - 0x00007ffbea43a000 	C:\WINDOWS\System32\NSI.dll
0x00007ffb7fbc0000 - 0x00007ffb7fc09000 	C:\Users\Rep JGL\AppData\Local\Temp\jna--1538104180\jna18253025301634957070.dll
0x00007ffbe00d0000 - 0x00007ffbe00ee000 	C:\WINDOWS\SYSTEM32\dhcpcsvc6.DLL
0x00007ffbdfba0000 - 0x00007ffbdfbc3000 	C:\WINDOWS\SYSTEM32\dhcpcsvc.DLL
0x00007ffbc1af0000 - 0x00007ffbc1afe000 	C:\Users\Rep JGL\.vscode\extensions\redhat.java-1.50.0-win32-x64\jre\21.0.9-win32-x86_64\bin\sunmscapi.dll
0x00007ffbe92c0000 - 0x00007ffbe9437000 	C:\WINDOWS\System32\CRYPT32.dll
0x00007ffbe8060000 - 0x00007ffbe8090000 	C:\WINDOWS\SYSTEM32\ncrypt.dll
0x00007ffbe8010000 - 0x00007ffbe804f000 	C:\WINDOWS\SYSTEM32\NTASN1.dll
0x00007ffbe6fe0000 - 0x00007ffbe710c000 	C:\WINDOWS\SYSTEM32\DNSAPI.dll
0x00007ffbe0700000 - 0x00007ffbe070b000 	C:\Windows\System32\rasadhlp.dll
0x00007ffbdf490000 - 0x00007ffbdf516000 	C:\WINDOWS\System32\fwpuclnt.dll
0x00007ffbc1820000 - 0x00007ffbc1829000 	C:\Users\Rep JGL\.vscode\extensions\redhat.java-1.50.0-win32-x64\jre\21.0.9-win32-x86_64\bin\extnet.dll

JVMTI agents:
c:\Users\Rep JGL\.vscode\extensions\redhat.java-1.50.0-win32-x64\lombok\lombok-1.18.39-4050.jar path:c:\Users\Rep JGL\.vscode\extensions\redhat.java-1.50.0-win32-x64\jre\21.0.9-win32-x86_64\bin\instrument.dll, loaded, initialized, instrumentlib options:none

dbghelp: loaded successfully - version: 4.0.5 - missing functions: none
symbol engine: initialized successfully - sym options: 0x614 - pdb path: .;c:\Users\Rep JGL\.vscode\extensions\redhat.java-1.50.0-win32-x64\jre\21.0.9-win32-x86_64\bin;C:\WINDOWS\SYSTEM32;C:\WINDOWS\WinSxS\amd64_microsoft.windows.common-controls_6595b64144ccf1df_6.0.26100.7309_none_3e05feeae336a044;c:\Users\Rep JGL\.vscode\extensions\redhat.java-1.50.0-win32-x64\jre\21.0.9-win32-x86_64\bin\server;C:\Users\Rep JGL\AppData\Roaming\Code\User\globalStorage\redhat.java\1.50.0\config_win\org.eclipse.equinox.launcher\org.eclipse.equinox.launcher.win32.win32.x86_64_1.2.1400.v20250801-0854;C:\Users\Rep JGL\AppData\Local\Temp\jna--1538104180

VM Arguments:
jvm_args: --add-modules=ALL-SYSTEM --add-opens=java.base/java.util=ALL-UNNAMED --add-opens=java.base/java.lang=ALL-UNNAMED --add-opens=java.base/sun.nio.fs=ALL-UNNAMED -Declipse.application=org.eclipse.jdt.ls.core.id1 -Dosgi.bundles.defaultStartLevel=4 -Declipse.product=org.eclipse.jdt.ls.core.product -Djava.import.generatesMetadataFilesAtProjectRoot=false -DDetectVMInstallationsJob.disabled=true -Dfile.encoding=utf8 -XX:+UseParallelGC -XX:GCTimeRatio=4 -XX:AdaptiveSizePolicyWeight=90 -Dsun.zip.disableMemoryMapping=true -Xmx2G -Xms100m -Xlog:disable -javaagent:c:\Users\Rep JGL\.vscode\extensions\redhat.java-1.50.0-win32-x64\lombok\lombok-1.18.39-4050.jar -XX:+HeapDumpOnOutOfMemoryError -XX:HeapDumpPath=c:\Users\Rep JGL\AppData\Roaming\Code\User\workspaceStorage\980c11be39d05edf80406062257a9605\redhat.java -Daether.dependencyCollector.impl=bf 
java_command: c:\Users\Rep JGL\.vscode\extensions\redhat.java-1.50.0-win32-x64\server\plugins\org.eclipse.equinox.launcher_1.7.100.v20251111-0406.jar -configuration c:\Users\Rep JGL\AppData\Roaming\Code\User\globalStorage\redhat.java\1.50.0\config_win -data c:\Users\Rep JGL\AppData\Roaming\Code\User\workspaceStorage\980c11be39d05edf80406062257a9605\redhat.java\jdt_ws --pipe=\\.\pipe\lsp-65d877c47897a53a85aaead852f2f276-sock
java_class_path (initial): c:\Users\Rep JGL\.vscode\extensions\redhat.java-1.50.0-win32-x64\server\plugins\org.eclipse.equinox.launcher_1.7.100.v20251111-0406.jar
Launcher Type: SUN_STANDARD

[Global flags]
    uintx AdaptiveSizePolicyWeight                 = 90                                        {product} {command line}
     intx CICompilerCount                          = 12                                        {product} {ergonomic}
    uintx GCTimeRatio                              = 4                                         {product} {command line}
     bool HeapDumpOnOutOfMemoryError               = true                                   {manageable} {command line}
    ccstr HeapDumpPath                             = c:\Users\Rep JGL\AppData\Roaming\Code\User\workspaceStorage\980c11be39d05edf80406062257a9605\redhat.java         {manageable} {command line}
   size_t InitialHeapSize                          = 104857600                                 {product} {command line}
   size_t MaxHeapSize                              = 2147483648                                {product} {command line}
   size_t MaxNewSize                               = 715653120                                 {product} {ergonomic}
   size_t MinHeapDeltaBytes                        = 524288                                    {product} {ergonomic}
   size_t MinHeapSize                              = 104857600                                 {product} {command line}
   size_t NewSize                                  = 34603008                                  {product} {ergonomic}
    uintx NonNMethodCodeHeapSize                   = 7602480                                {pd product} {ergonomic}
    uintx NonProfiledCodeHeapSize                  = 122027880                              {pd product} {ergonomic}
   size_t OldSize                                  = 70254592                                  {product} {ergonomic}
    uintx ProfiledCodeHeapSize                     = 122027880                              {pd product} {ergonomic}
    uintx ReservedCodeCacheSize                    = 251658240                              {pd product} {ergonomic}
     bool SegmentedCodeCache                       = true                                      {product} {ergonomic}
   size_t SoftMaxHeapSize                          = 2147483648                             {manageable} {ergonomic}
     bool UseCompressedOops                        = true                           {product lp64_product} {ergonomic}
     bool UseLargePagesIndividualAllocation        = false                                  {pd product} {ergonomic}
     bool UseParallelGC                            = true                                      {product} {command line}

Logging:
Log output configuration:
 #0: stdout all=off uptime,level,tags foldmultilines=false
 #1: stderr all=off uptime,level,tags foldmultilines=false

Release file:
JAVA_VERSION="21.0.9" 
MODULES="java.base java.compiler java.datatransfer java.xml java.prefs java.desktop java.instrument java.logging java.management java.security.sasl java.naming java.rmi java.management.rmi java.net.http java.scripting java.security.jgss java.transaction.xa java.sql java.sql.rowset java.xml.crypto java.se java.smartcardio jdk.accessibility jdk.internal.jvmstat jdk.attach jdk.charsets jdk.internal.opt jdk.zipfs jdk.compiler jdk.crypto.ec jdk.crypto.cryptoki jdk.crypto.mscapi jdk.dynalink jdk.internal.ed jdk.editpad jdk.hotspot.agent jdk.httpserver jdk.internal.le jdk.internal.vm.ci jdk.internal.vm.compiler jdk.internal.vm.compiler.management jdk.jartool jdk.javadoc jdk.jcmd jdk.management jdk.management.agent jdk.jconsole jdk.jdeps jdk.jdwp.agent jdk.jdi jdk.jfr jdk.jshell jdk.jsobject jdk.jstatd jdk.localedata jdk.management.jfr jdk.naming.dns jdk.naming.rmi jdk.net jdk.nio.mapmode jdk.random jdk.sctp jdk.security.auth jdk.security.jgss jdk.unsupported jdk.unsupported.desktop jdk.xml.dom" 

Environment Variables:
JAVA_HOME=C:\Program Files\Eclipse Adoptium\jdk-21.0.5.11-hotspot
PATH=C:\Program Files\Eclipse Adoptium\jdk-21.0.5.11-hotspot\bin;C:\Program Files\Python311\Scripts\;C:\Program Files\Python311\;C:\Program Files (x86)\Common Files\Oracle\Java\javapath;C:\Windows\system32;C:\Windows;C:\Windows\System32\Wbem;C:\Windows\System32\WindowsPowerShell\v1.0\;C:\Windows\System32\OpenSSH\;C:\Program Files (x86)\NVIDIA Corporation\PhysX\Common;C:\Program Files\dotnet\;D:\programs\bin;C:\Program Files (x86)\dotnet\;C:\WINDOWS\system32;C:\WINDOWS;C:\WINDOWS\System32\Wbem;C:\WINDOWS\System32\WindowsPowerShell\v1.0\;C:\WINDOWS\System32\OpenSSH\;C:\Users\Rep JGL\AppData\Roaming\Python\Python310\Scripts;C:\src\flutter\bin;C:\Program Files\NVIDIA Corporation\NVIDIA app\NvDLISR;D:\programs\;C:\Program Files\Cloudflare\Cloudflare WARP\;C:\Tools;C:\Program Files\CMake\bin;C:\tools\Ninja;C:\ffmpeg\ffmpeg-2025-06-02-git-688f3944ce-essentials_build\bin;C:\src\flutter new\bin;D:\programs\Git\cmd;C:\Program Files\Java\jdk1.8.0_112\bin;C:\Users\Rep JGL\AppData\Local\Microsoft\WindowsApps;C:\Program Files\CodeBlocks\MinGW\bin;D:\programs\CodeBlocks\MinGW\bin;D:\programs\Microsoft VS Code\bin;C:\src\flutter;C:\Users\Rep JGL\.dotnet\tools;C:\Users\Rep JGL\AppData\Local\GitHubDesktop\bin;C:\Users\Rep JGL\AppData\Roaming\npm;C:\tools\Ninja;C:\src\flutter new;C:\msys64\ucrt64\bin;C:\msys64\mingw64\bin;
USERNAME=Rep JGL
OS=Windows_NT
PROCESSOR_IDENTIFIER=Intel64 Family 6 Model 141 Stepping 1, GenuineIntel
TMP=C:\Users\REPJGL~1\AppData\Local\Temp
TEMP=C:\Users\REPJGL~1\AppData\Local\Temp




Periodic native trim disabled

---------------  S Y S T E M  ---------------

OS:
 Windows 11 , 64 bit Build 26100 (10.0.26100.7309)
OS uptime: 4 days 3:48 hours
Hyper-V role detected

CPU: total 16 (initial active 16) (8 cores per cpu, 2 threads per core) family 6 model 141 stepping 1 microcode 0x50, cx8, cmov, fxsr, ht, mmx, 3dnowpref, sse, sse2, sse3, ssse3, sse4.1, sse4.2, popcnt, lzcnt, tsc, tscinvbit, avx, avx2, aes, erms, clmul, bmi1, bmi2, adx, avx512f, avx512dq, avx512cd, avx512bw, avx512vl, sha, fma, vzeroupper, avx512_vpopcntdq, avx512_vpclmulqdq, avx512_vaes, avx512_vnni, clflush, clflushopt, clwb, avx512_vbmi2, avx512_vbmi, hv, rdtscp, rdpid, fsrm, gfni, avx512_bitalg, f16c, cet_ibt, cet_ss, avx512_ifma
Processor Information for the first 16 processors :
  Max Mhz: 2304, Current Mhz: 2304, Mhz Limit: 2304

Memory: 4k page, system-wide physical 16151M (2406M free)
TotalPageFile size 24077M (AvailPageFile size 36M)
current process WorkingSet (physical memory assigned to process): 255M, peak: 255M
current process commit charge ("private bytes"): 391M, peak: 392M

vm_info: OpenJDK 64-Bit Server VM (21.0.9+10-LTS) for windows-amd64 JRE (21.0.9+10-LTS), built on 2025-10-21T00:00:00Z by "admin" with unknown MS VC++:1942

END.
